{"/Users/myles/Desktop/SportsCenterHome1/client/src/components/AISummarySection.tsx": {"path":"/Users/myles/Desktop/SportsCenterHome1/client/src/components/AISummarySection.tsx","statementMap":{"0":{"start":{"line":30,"column":32},"end":{"line":182,"column":null}},"1":{"start":{"line":31,"column":24},"end":{"line":31,"column":null}},"2":{"start":{"line":32,"column":15},"end":{"line":32,"column":null}},"3":{"start":{"line":33,"column":46},"end":{"line":33,"column":null}},"4":{"start":{"line":36,"column":24},"end":{"line":40,"column":null}},"5":{"start":{"line":43,"column":35},"end":{"line":63,"column":null}},"6":{"start":{"line":44,"column":4},"end":{"line":46,"column":null}},"7":{"start":{"line":45,"column":6},"end":{"line":45,"column":null}},"8":{"start":{"line":49,"column":23},"end":{"line":49,"column":null}},"9":{"start":{"line":50,"column":4},"end":{"line":52,"column":null}},"10":{"start":{"line":51,"column":6},"end":{"line":51,"column":null}},"11":{"start":{"line":55,"column":26},"end":{"line":55,"column":null}},"12":{"start":{"line":58,"column":26},"end":{"line":60,"column":null}},"13":{"start":{"line":59,"column":6},"end":{"line":59,"column":null}},"14":{"start":{"line":62,"column":4},"end":{"line":62,"column":null}},"15":{"start":{"line":65,"column":24},"end":{"line":65,"column":null}},"16":{"start":{"line":68,"column":2},"end":{"line":70,"column":null}},"17":{"start":{"line":69,"column":4},"end":{"line":69,"column":null}},"18":{"start":{"line":73,"column":24},"end":{"line":73,"column":null}},"19":{"start":{"line":75,"column":2},"end":{"line":83,"column":null}},"20":{"start":{"line":77,"column":4},"end":{"line":77,"column":null}},"21":{"start":{"line":80,"column":32},"end":{"line":80,"column":null}},"22":{"start":{"line":82,"column":4},"end":{"line":82,"column":null}},"23":{"start":{"line":85,"column":27},"end":{"line":85,"column":null}},"24":{"start":{"line":87,"column":29},"end":{"line":91,"column":null}},"25":{"start":{"line":88,"column":4},"end":{"line":90,"column":null}},"26":{"start":{"line":89,"column":6},"end":{"line":89,"column":null}},"27":{"start":{"line":93,"column":25},"end":{"line":97,"column":null}},"28":{"start":{"line":94,"column":4},"end":{"line":96,"column":null}},"29":{"start":{"line":95,"column":6},"end":{"line":95,"column":null}},"30":{"start":{"line":99,"column":2},"end":{"line":110,"column":null}},"31":{"start":{"line":100,"column":4},"end":{"line":108,"column":null}},"32":{"start":{"line":112,"column":2},"end":{"line":180,"column":null}}},"fnMap":{"0":{"name":"(anonymous_0)","decl":{"start":{"line":30,"column":32},"end":{"line":30,"column":33}},"loc":{"start":{"line":30,"column":96},"end":{"line":182,"column":null}},"line":30},"1":{"name":"(anonymous_1)","decl":{"start":{"line":43,"column":35},"end":{"line":43,"column":41}},"loc":{"start":{"line":43,"column":41},"end":{"line":63,"column":null}},"line":43},"2":{"name":"(anonymous_2)","decl":{"start":{"line":58,"column":55},"end":{"line":58,"column":null}},"loc":{"start":{"line":59,"column":6},"end":{"line":59,"column":null}},"line":59},"3":{"name":"(anonymous_3)","decl":{"start":{"line":68,"column":12},"end":{"line":68,"column":18}},"loc":{"start":{"line":68,"column":18},"end":{"line":70,"column":5}},"line":68},"4":{"name":"(anonymous_4)","decl":{"start":{"line":87,"column":29},"end":{"line":87,"column":35}},"loc":{"start":{"line":87,"column":35},"end":{"line":91,"column":null}},"line":87},"5":{"name":"(anonymous_5)","decl":{"start":{"line":88,"column":24},"end":{"line":88,"column":25}},"loc":{"start":{"line":89,"column":6},"end":{"line":89,"column":null}},"line":89},"6":{"name":"(anonymous_6)","decl":{"start":{"line":93,"column":25},"end":{"line":93,"column":31}},"loc":{"start":{"line":93,"column":31},"end":{"line":97,"column":null}},"line":93},"7":{"name":"(anonymous_7)","decl":{"start":{"line":94,"column":24},"end":{"line":94,"column":25}},"loc":{"start":{"line":95,"column":6},"end":{"line":95,"column":null}},"line":95}},"branchMap":{"0":{"loc":{"start":{"line":37,"column":38},"end":{"line":37,"column":52}},"type":"binary-expr","locations":[{"start":{"line":37,"column":38},"end":{"line":37,"column":50}},{"start":{"line":37,"column":50},"end":{"line":37,"column":52}}],"line":37},"1":{"loc":{"start":{"line":44,"column":4},"end":{"line":46,"column":null}},"type":"if","locations":[{"start":{"line":44,"column":4},"end":{"line":46,"column":null}},{"start":{},"end":{}}],"line":44},"2":{"loc":{"start":{"line":44,"column":8},"end":{"line":44,"column":51}},"type":"binary-expr","locations":[{"start":{"line":44,"column":8},"end":{"line":44,"column":26}},{"start":{"line":44,"column":26},"end":{"line":44,"column":51}}],"line":44},"3":{"loc":{"start":{"line":50,"column":4},"end":{"line":52,"column":null}},"type":"if","locations":[{"start":{"line":50,"column":4},"end":{"line":52,"column":null}},{"start":{},"end":{}}],"line":50},"4":{"loc":{"start":{"line":75,"column":2},"end":{"line":83,"column":null}},"type":"if","locations":[{"start":{"line":75,"column":2},"end":{"line":83,"column":null}},{"start":{"line":78,"column":9},"end":{"line":83,"column":null}}],"line":75},"5":{"loc":{"start":{"line":75,"column":6},"end":{"line":75,"column":54}},"type":"binary-expr","locations":[{"start":{"line":75,"column":6},"end":{"line":75,"column":23}},{"start":{"line":75,"column":23},"end":{"line":75,"column":54}}],"line":75},"6":{"loc":{"start":{"line":80,"column":32},"end":{"line":80,"column":null}},"type":"binary-expr","locations":[{"start":{"line":80,"column":32},"end":{"line":80,"column":67}},{"start":{"line":80,"column":67},"end":{"line":80,"column":84}},{"start":{"line":80,"column":84},"end":{"line":80,"column":112}},{"start":{"line":80,"column":112},"end":{"line":80,"column":null}}],"line":80},"7":{"loc":{"start":{"line":82,"column":22},"end":{"line":82,"column":null}},"type":"binary-expr","locations":[{"start":{"line":82,"column":22},"end":{"line":82,"column":62}},{"start":{"line":82,"column":62},"end":{"line":82,"column":null}}],"line":82},"8":{"loc":{"start":{"line":89,"column":6},"end":{"line":89,"column":null}},"type":"cond-expr","locations":[{"start":{"line":89,"column":19},"end":{"line":89,"column":46}},{"start":{"line":89,"column":46},"end":{"line":89,"column":null}}],"line":89},"9":{"loc":{"start":{"line":95,"column":6},"end":{"line":95,"column":null}},"type":"cond-expr","locations":[{"start":{"line":95,"column":42},"end":{"line":95,"column":46}},{"start":{"line":95,"column":46},"end":{"line":95,"column":null}}],"line":95},"10":{"loc":{"start":{"line":99,"column":2},"end":{"line":110,"column":null}},"type":"if","locations":[{"start":{"line":99,"column":2},"end":{"line":110,"column":null}},{"start":{},"end":{}}],"line":99},"11":{"loc":{"start":{"line":116,"column":9},"end":{"line":152,"column":null}},"type":"cond-expr","locations":[{"start":{"line":117,"column":10},"end":{"line":120,"column":null}},{"start":{"line":122,"column":10},"end":{"line":152,"column":null}}],"line":116},"12":{"loc":{"start":{"line":123,"column":13},"end":{"line":132,"column":null}},"type":"binary-expr","locations":[{"start":{"line":123,"column":13},"end":{"line":123,"column":null}},{"start":{"line":124,"column":14},"end":{"line":132,"column":null}}],"line":123},"13":{"loc":{"start":{"line":137,"column":24},"end":{"line":137,"column":49}},"type":"binary-expr","locations":[{"start":{"line":137,"column":24},"end":{"line":137,"column":43}},{"start":{"line":137,"column":43},"end":{"line":137,"column":49}}],"line":137},"14":{"loc":{"start":{"line":141,"column":13},"end":{"line":150,"column":null}},"type":"binary-expr","locations":[{"start":{"line":141,"column":13},"end":{"line":141,"column":null}},{"start":{"line":142,"column":14},"end":{"line":150,"column":null}}],"line":141},"15":{"loc":{"start":{"line":156,"column":9},"end":{"line":161,"column":null}},"type":"binary-expr","locations":[{"start":{"line":156,"column":9},"end":{"line":156,"column":null}},{"start":{"line":157,"column":10},"end":{"line":161,"column":null}}],"line":156},"16":{"loc":{"start":{"line":166,"column":11},"end":{"line":176,"column":null}},"type":"cond-expr","locations":[{"start":{"line":167,"column":12},"end":{"line":170,"column":null}},{"start":{"line":172,"column":12},"end":{"line":176,"column":null}}],"line":166},"17":{"loc":{"start":{"line":174,"column":29},"end":{"line":174,"column":null}},"type":"binary-expr","locations":[{"start":{"line":174,"column":29},"end":{"line":174,"column":61}},{"start":{"line":174,"column":61},"end":{"line":174,"column":null}}],"line":174}},"s":{"0":0,"1":0,"2":0,"3":0,"4":0,"5":0,"6":0,"7":0,"8":0,"9":0,"10":0,"11":0,"12":0,"13":0,"14":0,"15":0,"16":0,"17":0,"18":0,"19":0,"20":0,"21":0,"22":0,"23":0,"24":0,"25":0,"26":0,"27":0,"28":0,"29":0,"30":0,"31":0,"32":0},"f":{"0":0,"1":0,"2":0,"3":0,"4":0,"5":0,"6":0,"7":0},"b":{"0":[0,0],"1":[0,0],"2":[0,0],"3":[0,0],"4":[0,0],"5":[0,0],"6":[0,0,0,0],"7":[0,0],"8":[0,0],"9":[0,0],"10":[0,0],"11":[0,0],"12":[0,0],"13":[0,0],"14":[0,0],"15":[0,0],"16":[0,0],"17":[0,0]},"meta":{"lastBranch":18,"lastFunction":8,"lastStatement":33,"seen":{"s:30:32:182:Infinity":0,"f:30:32:30:33":0,"s:31:24:31:Infinity":1,"s:32:15:32:Infinity":2,"s:33:46:33:Infinity":3,"s:36:24:40:Infinity":4,"b:37:38:37:50:37:50:37:52":0,"s:43:35:63:Infinity":5,"f:43:35:43:41":1,"b:44:4:46:Infinity:undefined:undefined:undefined:undefined":1,"s:44:4:46:Infinity":6,"b:44:8:44:26:44:26:44:51":2,"s:45:6:45:Infinity":7,"s:49:23:49:Infinity":8,"b:50:4:52:Infinity:undefined:undefined:undefined:undefined":3,"s:50:4:52:Infinity":9,"s:51:6:51:Infinity":10,"s:55:26:55:Infinity":11,"s:58:26:60:Infinity":12,"f:58:55:58:Infinity":2,"s:59:6:59:Infinity":13,"s:62:4:62:Infinity":14,"s:65:24:65:Infinity":15,"s:68:2:70:Infinity":16,"f:68:12:68:18":3,"s:69:4:69:Infinity":17,"s:73:24:73:Infinity":18,"b:75:2:83:Infinity:78:9:83:Infinity":4,"s:75:2:83:Infinity":19,"b:75:6:75:23:75:23:75:54":5,"s:77:4:77:Infinity":20,"s:80:32:80:Infinity":21,"b:80:32:80:67:80:67:80:84:80:84:80:112:80:112:80:Infinity":6,"s:82:4:82:Infinity":22,"b:82:22:82:62:82:62:82:Infinity":7,"s:85:27:85:Infinity":23,"s:87:29:91:Infinity":24,"f:87:29:87:35":4,"s:88:4:90:Infinity":25,"f:88:24:88:25":5,"s:89:6:89:Infinity":26,"b:89:19:89:46:89:46:89:Infinity":8,"s:93:25:97:Infinity":27,"f:93:25:93:31":6,"s:94:4:96:Infinity":28,"f:94:24:94:25":7,"s:95:6:95:Infinity":29,"b:95:42:95:46:95:46:95:Infinity":9,"b:99:2:110:Infinity:undefined:undefined:undefined:undefined":10,"s:99:2:110:Infinity":30,"s:100:4:108:Infinity":31,"s:112:2:180:Infinity":32,"b:117:10:120:Infinity:122:10:152:Infinity":11,"b:123:13:123:Infinity:124:14:132:Infinity":12,"b:137:24:137:43:137:43:137:49":13,"b:141:13:141:Infinity:142:14:150:Infinity":14,"b:156:9:156:Infinity:157:10:161:Infinity":15,"b:167:12:170:Infinity:172:12:176:Infinity":16,"b:174:29:174:61:174:61:174:Infinity":17}}}
,"/Users/myles/Desktop/SportsCenterHome1/client/src/components/ExperienceCard.tsx": {"path":"/Users/myles/Desktop/SportsCenterHome1/client/src/components/ExperienceCard.tsx","statementMap":{"0":{"start":{"line":20,"column":30},"end":{"line":163,"column":null}},"1":{"start":{"line":21,"column":22},"end":{"line":34,"column":null}},"2":{"start":{"line":22,"column":4},"end":{"line":33,"column":null}},"3":{"start":{"line":24,"column":8},"end":{"line":24,"column":null}},"4":{"start":{"line":26,"column":8},"end":{"line":26,"column":null}},"5":{"start":{"line":28,"column":8},"end":{"line":28,"column":null}},"6":{"start":{"line":30,"column":8},"end":{"line":30,"column":null}},"7":{"start":{"line":32,"column":8},"end":{"line":32,"column":null}},"8":{"start":{"line":36,"column":23},"end":{"line":47,"column":null}},"9":{"start":{"line":37,"column":4},"end":{"line":46,"column":null}},"10":{"start":{"line":39,"column":8},"end":{"line":39,"column":null}},"11":{"start":{"line":41,"column":8},"end":{"line":41,"column":null}},"12":{"start":{"line":43,"column":8},"end":{"line":43,"column":null}},"13":{"start":{"line":45,"column":8},"end":{"line":45,"column":null}},"14":{"start":{"line":49,"column":28},"end":{"line":62,"column":null}},"15":{"start":{"line":50,"column":4},"end":{"line":61,"column":null}},"16":{"start":{"line":52,"column":8},"end":{"line":52,"column":null}},"17":{"start":{"line":54,"column":8},"end":{"line":54,"column":null}},"18":{"start":{"line":56,"column":8},"end":{"line":56,"column":null}},"19":{"start":{"line":58,"column":8},"end":{"line":58,"column":null}},"20":{"start":{"line":60,"column":8},"end":{"line":60,"column":null}},"21":{"start":{"line":64,"column":26},"end":{"line":79,"column":null}},"22":{"start":{"line":65,"column":4},"end":{"line":78,"column":null}},"23":{"start":{"line":66,"column":24},"end":{"line":66,"column":null}},"24":{"start":{"line":67,"column":18},"end":{"line":67,"column":null}},"25":{"start":{"line":70,"column":6},"end":{"line":72,"column":null}},"26":{"start":{"line":71,"column":8},"end":{"line":71,"column":null}},"27":{"start":{"line":75,"column":6},"end":{"line":75,"column":null}},"28":{"start":{"line":77,"column":6},"end":{"line":77,"column":null}},"29":{"start":{"line":81,"column":2},"end":{"line":161,"column":null}}},"fnMap":{"0":{"name":"(anonymous_0)","decl":{"start":{"line":20,"column":30},"end":{"line":20,"column":31}},"loc":{"start":{"line":20,"column":80},"end":{"line":163,"column":null}},"line":20},"1":{"name":"(anonymous_1)","decl":{"start":{"line":21,"column":22},"end":{"line":21,"column":23}},"loc":{"start":{"line":21,"column":55},"end":{"line":34,"column":null}},"line":21},"2":{"name":"(anonymous_2)","decl":{"start":{"line":36,"column":23},"end":{"line":36,"column":24}},"loc":{"start":{"line":36,"column":56},"end":{"line":47,"column":null}},"line":36},"3":{"name":"(anonymous_3)","decl":{"start":{"line":49,"column":28},"end":{"line":49,"column":29}},"loc":{"start":{"line":49,"column":61},"end":{"line":62,"column":null}},"line":49},"4":{"name":"(anonymous_4)","decl":{"start":{"line":64,"column":26},"end":{"line":64,"column":27}},"loc":{"start":{"line":64,"column":50},"end":{"line":79,"column":null}},"line":64}},"branchMap":{"0":{"loc":{"start":{"line":22,"column":4},"end":{"line":33,"column":null}},"type":"switch","locations":[{"start":{"line":23,"column":6},"end":{"line":24,"column":null}},{"start":{"line":25,"column":6},"end":{"line":26,"column":null}},{"start":{"line":27,"column":6},"end":{"line":28,"column":null}},{"start":{"line":29,"column":6},"end":{"line":30,"column":null}},{"start":{"line":31,"column":6},"end":{"line":32,"column":null}}],"line":22},"1":{"loc":{"start":{"line":37,"column":4},"end":{"line":46,"column":null}},"type":"switch","locations":[{"start":{"line":38,"column":6},"end":{"line":39,"column":null}},{"start":{"line":40,"column":6},"end":{"line":41,"column":null}},{"start":{"line":42,"column":6},"end":{"line":43,"column":null}},{"start":{"line":44,"column":6},"end":{"line":45,"column":null}}],"line":37},"2":{"loc":{"start":{"line":50,"column":4},"end":{"line":61,"column":null}},"type":"switch","locations":[{"start":{"line":51,"column":6},"end":{"line":52,"column":null}},{"start":{"line":53,"column":6},"end":{"line":54,"column":null}},{"start":{"line":55,"column":6},"end":{"line":56,"column":null}},{"start":{"line":57,"column":6},"end":{"line":58,"column":null}},{"start":{"line":59,"column":6},"end":{"line":60,"column":null}}],"line":50},"3":{"loc":{"start":{"line":70,"column":6},"end":{"line":72,"column":null}},"type":"if","locations":[{"start":{"line":70,"column":6},"end":{"line":72,"column":null}},{"start":{},"end":{}}],"line":70},"4":{"loc":{"start":{"line":104,"column":9},"end":{"line":112,"column":null}},"type":"binary-expr","locations":[{"start":{"line":104,"column":9},"end":{"line":104,"column":null}},{"start":{"line":105,"column":10},"end":{"line":112,"column":null}}],"line":104},"5":{"loc":{"start":{"line":121,"column":11},"end":{"line":124,"column":null}},"type":"binary-expr","locations":[{"start":{"line":121,"column":11},"end":{"line":121,"column":null}},{"start":{"line":122,"column":12},"end":{"line":124,"column":null}}],"line":121},"6":{"loc":{"start":{"line":129,"column":9},"end":{"line":132,"column":null}},"type":"binary-expr","locations":[{"start":{"line":129,"column":9},"end":{"line":129,"column":null}},{"start":{"line":130,"column":10},"end":{"line":132,"column":null}}],"line":129},"7":{"loc":{"start":{"line":143,"column":11},"end":{"line":149,"column":null}},"type":"binary-expr","locations":[{"start":{"line":143,"column":11},"end":{"line":143,"column":null}},{"start":{"line":144,"column":12},"end":{"line":149,"column":null}}],"line":143},"8":{"loc":{"start":{"line":151,"column":11},"end":{"line":157,"column":null}},"type":"binary-expr","locations":[{"start":{"line":151,"column":11},"end":{"line":151,"column":null}},{"start":{"line":152,"column":12},"end":{"line":157,"column":null}}],"line":151}},"s":{"0":0,"1":0,"2":0,"3":0,"4":0,"5":0,"6":0,"7":0,"8":0,"9":0,"10":0,"11":0,"12":0,"13":0,"14":0,"15":0,"16":0,"17":0,"18":0,"19":0,"20":0,"21":0,"22":0,"23":0,"24":0,"25":0,"26":0,"27":0,"28":0,"29":0},"f":{"0":0,"1":0,"2":0,"3":0,"4":0},"b":{"0":[0,0,0,0,0],"1":[0,0,0,0],"2":[0,0,0,0,0],"3":[0,0],"4":[0,0],"5":[0,0],"6":[0,0],"7":[0,0],"8":[0,0]},"meta":{"lastBranch":9,"lastFunction":5,"lastStatement":30,"seen":{"s:20:30:163:Infinity":0,"f:20:30:20:31":0,"s:21:22:34:Infinity":1,"f:21:22:21:23":1,"b:23:6:24:Infinity:25:6:26:Infinity:27:6:28:Infinity:29:6:30:Infinity:31:6:32:Infinity":0,"s:22:4:33:Infinity":2,"s:24:8:24:Infinity":3,"s:26:8:26:Infinity":4,"s:28:8:28:Infinity":5,"s:30:8:30:Infinity":6,"s:32:8:32:Infinity":7,"s:36:23:47:Infinity":8,"f:36:23:36:24":2,"b:38:6:39:Infinity:40:6:41:Infinity:42:6:43:Infinity:44:6:45:Infinity":1,"s:37:4:46:Infinity":9,"s:39:8:39:Infinity":10,"s:41:8:41:Infinity":11,"s:43:8:43:Infinity":12,"s:45:8:45:Infinity":13,"s:49:28:62:Infinity":14,"f:49:28:49:29":3,"b:51:6:52:Infinity:53:6:54:Infinity:55:6:56:Infinity:57:6:58:Infinity:59:6:60:Infinity":2,"s:50:4:61:Infinity":15,"s:52:8:52:Infinity":16,"s:54:8:54:Infinity":17,"s:56:8:56:Infinity":18,"s:58:8:58:Infinity":19,"s:60:8:60:Infinity":20,"s:64:26:79:Infinity":21,"f:64:26:64:27":4,"s:65:4:78:Infinity":22,"s:66:24:66:Infinity":23,"s:67:18:67:Infinity":24,"b:70:6:72:Infinity:undefined:undefined:undefined:undefined":3,"s:70:6:72:Infinity":25,"s:71:8:71:Infinity":26,"s:75:6:75:Infinity":27,"s:77:6:77:Infinity":28,"s:81:2:161:Infinity":29,"b:104:9:104:Infinity:105:10:112:Infinity":4,"b:121:11:121:Infinity:122:12:124:Infinity":5,"b:129:9:129:Infinity:130:10:132:Infinity":6,"b:143:11:143:Infinity:144:12:149:Infinity":7,"b:151:11:151:Infinity:152:12:157:Infinity":8}}}
,"/Users/myles/Desktop/SportsCenterHome1/client/src/components/FanExperiencesSection.tsx": {"path":"/Users/myles/Desktop/SportsCenterHome1/client/src/components/FanExperiencesSection.tsx","statementMap":{"0":{"start":{"line":11,"column":37},"end":{"line":78,"column":null}},"1":{"start":{"line":12,"column":32},"end":{"line":14,"column":null}},"2":{"start":{"line":13,"column":4},"end":{"line":13,"column":null}},"3":{"start":{"line":16,"column":2},"end":{"line":27,"column":null}},"4":{"start":{"line":17,"column":4},"end":{"line":25,"column":null}},"5":{"start":{"line":29,"column":2},"end":{"line":76,"column":null}},"6":{"start":{"line":45,"column":14},"end":{"line":47,"column":null}},"7":{"start":{"line":59,"column":16},"end":{"line":63,"column":null}},"8":{"start":{"line":62,"column":33},"end":{"line":62,"column":null}}},"fnMap":{"0":{"name":"(anonymous_0)","decl":{"start":{"line":11,"column":37},"end":{"line":11,"column":38}},"loc":{"start":{"line":11,"column":104},"end":{"line":78,"column":null}},"line":11},"1":{"name":"(anonymous_1)","decl":{"start":{"line":12,"column":32},"end":{"line":12,"column":33}},"loc":{"start":{"line":12,"column":63},"end":{"line":14,"column":null}},"line":12},"2":{"name":"(anonymous_2)","decl":{"start":{"line":44,"column":43},"end":{"line":44,"column":44}},"loc":{"start":{"line":45,"column":14},"end":{"line":47,"column":null}},"line":45},"3":{"name":"(anonymous_3)","decl":{"start":{"line":58,"column":30},"end":{"line":58,"column":31}},"loc":{"start":{"line":59,"column":16},"end":{"line":63,"column":null}},"line":59},"4":{"name":"(anonymous_4)","decl":{"start":{"line":62,"column":27},"end":{"line":62,"column":33}},"loc":{"start":{"line":62,"column":33},"end":{"line":62,"column":null}},"line":62}},"branchMap":{"0":{"loc":{"start":{"line":16,"column":2},"end":{"line":27,"column":null}},"type":"if","locations":[{"start":{"line":16,"column":2},"end":{"line":27,"column":null}},{"start":{},"end":{}}],"line":16},"1":{"loc":{"start":{"line":41,"column":7},"end":{"line":50,"column":null}},"type":"binary-expr","locations":[{"start":{"line":41,"column":7},"end":{"line":41,"column":null}},{"start":{"line":42,"column":8},"end":{"line":50,"column":null}}],"line":41},"2":{"loc":{"start":{"line":54,"column":7},"end":{"line":74,"column":null}},"type":"binary-expr","locations":[{"start":{"line":54,"column":7},"end":{"line":54,"column":21}},{"start":{"line":54,"column":21},"end":{"line":54,"column":null}},{"start":{"line":55,"column":8},"end":{"line":74,"column":null}}],"line":54},"3":{"loc":{"start":{"line":57,"column":13},"end":{"line":71,"column":null}},"type":"cond-expr","locations":[{"start":{"line":58,"column":14},"end":{"line":64,"column":null}},{"start":{"line":66,"column":14},"end":{"line":71,"column":null}}],"line":57},"4":{"loc":{"start":{"line":57,"column":13},"end":{"line":57,"column":null}},"type":"binary-expr","locations":[{"start":{"line":57,"column":13},"end":{"line":57,"column":28}},{"start":{"line":57,"column":28},"end":{"line":57,"column":null}}],"line":57}},"s":{"0":0,"1":0,"2":0,"3":0,"4":0,"5":0,"6":0,"7":0,"8":0},"f":{"0":0,"1":0,"2":0,"3":0,"4":0},"b":{"0":[0,0],"1":[0,0],"2":[0,0,0],"3":[0,0],"4":[0,0]},"meta":{"lastBranch":5,"lastFunction":5,"lastStatement":9,"seen":{"s:11:37:78:Infinity":0,"f:11:37:11:38":0,"s:12:32:14:Infinity":1,"f:12:32:12:33":1,"s:13:4:13:Infinity":2,"b:16:2:27:Infinity:undefined:undefined:undefined:undefined":0,"s:16:2:27:Infinity":3,"s:17:4:25:Infinity":4,"s:29:2:76:Infinity":5,"b:41:7:41:Infinity:42:8:50:Infinity":1,"f:44:43:44:44":2,"s:45:14:47:Infinity":6,"b:54:7:54:21:54:21:54:Infinity:55:8:74:Infinity":2,"b:58:14:64:Infinity:66:14:71:Infinity":3,"b:57:13:57:28:57:28:57:Infinity":4,"f:58:30:58:31":3,"s:59:16:63:Infinity":7,"f:62:27:62:33":4,"s:62:33:62:Infinity":8}}}
,"/Users/myles/Desktop/SportsCenterHome1/client/src/components/LoadingErrorBoundary.tsx": {"path":"/Users/myles/Desktop/SportsCenterHome1/client/src/components/LoadingErrorBoundary.tsx","statementMap":{"0":{"start":{"line":57,"column":5},"end":{"line":69,"column":null}},"1":{"start":{"line":58,"column":2},"end":{"line":69,"column":null}},"2":{"start":{"line":66,"column":8},"end":{"line":66,"column":null}},"3":{"start":{"line":76,"column":5},"end":{"line":131,"column":null}},"4":{"start":{"line":77,"column":25},"end":{"line":88,"column":null}},"5":{"start":{"line":78,"column":4},"end":{"line":87,"column":null}},"6":{"start":{"line":80,"column":8},"end":{"line":80,"column":null}},"7":{"start":{"line":82,"column":8},"end":{"line":82,"column":null}},"8":{"start":{"line":84,"column":8},"end":{"line":84,"column":null}},"9":{"start":{"line":86,"column":8},"end":{"line":86,"column":null}},"10":{"start":{"line":90,"column":24},"end":{"line":99,"column":null}},"11":{"start":{"line":91,"column":4},"end":{"line":98,"column":null}},"12":{"start":{"line":93,"column":8},"end":{"line":93,"column":null}},"13":{"start":{"line":95,"column":8},"end":{"line":95,"column":null}},"14":{"start":{"line":97,"column":8},"end":{"line":97,"column":null}},"15":{"start":{"line":101,"column":2},"end":{"line":129,"column":null}},"16":{"start":{"line":141,"column":5},"end":{"line":169,"column":null}},"17":{"start":{"line":142,"column":23},"end":{"line":144,"column":null}},"18":{"start":{"line":146,"column":2},"end":{"line":167,"column":null}},"19":{"start":{"line":175,"column":73},"end":{"line":244,"column":null}},"20":{"start":{"line":185,"column":2},"end":{"line":195,"column":null}},"21":{"start":{"line":186,"column":4},"end":{"line":193,"column":null}},"22":{"start":{"line":198,"column":2},"end":{"line":206,"column":null}},"23":{"start":{"line":199,"column":4},"end":{"line":204,"column":null}},"24":{"start":{"line":209,"column":2},"end":{"line":227,"column":null}},"25":{"start":{"line":210,"column":4},"end":{"line":225,"column":null}},"26":{"start":{"line":230,"column":2},"end":{"line":242,"column":null}}},"fnMap":{"0":{"name":"(anonymous_0)","decl":{"start":{"line":57,"column":5},"end":{"line":57,"column":6}},"loc":{"start":{"line":58,"column":2},"end":{"line":69,"column":null}},"line":58},"1":{"name":"(anonymous_1)","decl":{"start":{"line":65,"column":41},"end":{"line":65,"column":42}},"loc":{"start":{"line":66,"column":8},"end":{"line":66,"column":null}},"line":66},"2":{"name":"(anonymous_2)","decl":{"start":{"line":76,"column":5},"end":{"line":76,"column":6}},"loc":{"start":{"line":76,"column":59},"end":{"line":131,"column":null}},"line":76},"3":{"name":"(anonymous_3)","decl":{"start":{"line":77,"column":25},"end":{"line":77,"column":31}},"loc":{"start":{"line":77,"column":31},"end":{"line":88,"column":null}},"line":77},"4":{"name":"(anonymous_4)","decl":{"start":{"line":90,"column":24},"end":{"line":90,"column":30}},"loc":{"start":{"line":90,"column":30},"end":{"line":99,"column":null}},"line":90},"5":{"name":"(anonymous_5)","decl":{"start":{"line":141,"column":5},"end":{"line":141,"column":6}},"loc":{"start":{"line":141,"column":45},"end":{"line":169,"column":null}},"line":141},"6":{"name":"(anonymous_6)","decl":{"start":{"line":175,"column":73},"end":{"line":175,"column":74}},"loc":{"start":{"line":183,"column":6},"end":{"line":244,"column":null}},"line":183}},"branchMap":{"0":{"loc":{"start":{"line":57,"column":8},"end":{"line":57,"column":19}},"type":"default-arg","locations":[{"start":{"line":57,"column":16},"end":{"line":57,"column":19}}],"line":57},"1":{"loc":{"start":{"line":57,"column":19},"end":{"line":57,"column":38}},"type":"default-arg","locations":[{"start":{"line":57,"column":32},"end":{"line":57,"column":38}}],"line":57},"2":{"loc":{"start":{"line":57,"column":38},"end":{"line":57,"column":53}},"type":"default-arg","locations":[{"start":{"line":57,"column":50},"end":{"line":57,"column":53}}],"line":57},"3":{"loc":{"start":{"line":59,"column":5},"end":{"line":62,"column":null}},"type":"binary-expr","locations":[{"start":{"line":59,"column":5},"end":{"line":59,"column":null}},{"start":{"line":60,"column":6},"end":{"line":62,"column":null}}],"line":59},"4":{"loc":{"start":{"line":76,"column":33},"end":{"line":76,"column":53}},"type":"default-arg","locations":[{"start":{"line":76,"column":47},"end":{"line":76,"column":53}}],"line":76},"5":{"loc":{"start":{"line":78,"column":4},"end":{"line":87,"column":null}},"type":"switch","locations":[{"start":{"line":79,"column":6},"end":{"line":80,"column":null}},{"start":{"line":81,"column":6},"end":{"line":82,"column":null}},{"start":{"line":83,"column":6},"end":{"line":84,"column":null}},{"start":{"line":85,"column":6},"end":{"line":86,"column":null}}],"line":78},"6":{"loc":{"start":{"line":91,"column":4},"end":{"line":98,"column":null}},"type":"switch","locations":[{"start":{"line":92,"column":6},"end":{"line":93,"column":null}},{"start":{"line":94,"column":6},"end":{"line":95,"column":null}},{"start":{"line":96,"column":6},"end":{"line":97,"column":null}}],"line":91},"7":{"loc":{"start":{"line":106,"column":11},"end":{"line":106,"column":null}},"type":"binary-expr","locations":[{"start":{"line":106,"column":11},"end":{"line":106,"column":57}},{"start":{"line":106,"column":57},"end":{"line":106,"column":null}}],"line":106},"8":{"loc":{"start":{"line":107,"column":11},"end":{"line":107,"column":null}},"type":"binary-expr","locations":[{"start":{"line":107,"column":11},"end":{"line":107,"column":58}},{"start":{"line":107,"column":58},"end":{"line":107,"column":null}}],"line":107},"9":{"loc":{"start":{"line":108,"column":11},"end":{"line":108,"column":null}},"type":"binary-expr","locations":[{"start":{"line":108,"column":11},"end":{"line":108,"column":60}},{"start":{"line":108,"column":60},"end":{"line":108,"column":null}}],"line":108},"10":{"loc":{"start":{"line":109,"column":11},"end":{"line":109,"column":null}},"type":"binary-expr","locations":[{"start":{"line":109,"column":11},"end":{"line":109,"column":53}},{"start":{"line":109,"column":53},"end":{"line":109,"column":null}}],"line":109},"11":{"loc":{"start":{"line":113,"column":7},"end":{"line":116,"column":null}},"type":"binary-expr","locations":[{"start":{"line":113,"column":7},"end":{"line":113,"column":22}},{"start":{"line":113,"column":22},"end":{"line":113,"column":68}},{"start":{"line":113,"column":68},"end":{"line":113,"column":null}},{"start":{"line":114,"column":8},"end":{"line":116,"column":null}}],"line":113},"12":{"loc":{"start":{"line":119,"column":7},"end":{"line":127,"column":null}},"type":"binary-expr","locations":[{"start":{"line":119,"column":7},"end":{"line":119,"column":22}},{"start":{"line":119,"column":22},"end":{"line":119,"column":49}},{"start":{"line":119,"column":49},"end":{"line":119,"column":null}},{"start":{"line":120,"column":8},"end":{"line":127,"column":null}}],"line":119},"13":{"loc":{"start":{"line":141,"column":24},"end":{"line":141,"column":39}},"type":"default-arg","locations":[{"start":{"line":141,"column":36},"end":{"line":141,"column":39}}],"line":141},"14":{"loc":{"start":{"line":142,"column":23},"end":{"line":144,"column":null}},"type":"cond-expr","locations":[{"start":{"line":143,"column":6},"end":{"line":143,"column":null}},{"start":{"line":144,"column":6},"end":{"line":144,"column":null}}],"line":142},"15":{"loc":{"start":{"line":144,"column":6},"end":{"line":144,"column":null}},"type":"binary-expr","locations":[{"start":{"line":144,"column":6},"end":{"line":144,"column":30}},{"start":{"line":144,"column":30},"end":{"line":144,"column":null}}],"line":144},"16":{"loc":{"start":{"line":152,"column":9},"end":{"line":153,"column":null}},"type":"binary-expr","locations":[{"start":{"line":152,"column":9},"end":{"line":152,"column":null}},{"start":{"line":153,"column":10},"end":{"line":153,"column":null}}],"line":152},"17":{"loc":{"start":{"line":155,"column":9},"end":{"line":164,"column":null}},"type":"binary-expr","locations":[{"start":{"line":155,"column":9},"end":{"line":155,"column":20}},{"start":{"line":155,"column":20},"end":{"line":155,"column":null}},{"start":{"line":156,"column":10},"end":{"line":164,"column":null}}],"line":155},"18":{"loc":{"start":{"line":185,"column":2},"end":{"line":195,"column":null}},"type":"if","locations":[{"start":{"line":185,"column":2},"end":{"line":195,"column":null}},{"start":{},"end":{}}],"line":185},"19":{"loc":{"start":{"line":198,"column":2},"end":{"line":206,"column":null}},"type":"if","locations":[{"start":{"line":198,"column":2},"end":{"line":206,"column":null}},{"start":{},"end":{}}],"line":198},"20":{"loc":{"start":{"line":209,"column":2},"end":{"line":227,"column":null}},"type":"if","locations":[{"start":{"line":209,"column":2},"end":{"line":227,"column":null}},{"start":{},"end":{}}],"line":209},"21":{"loc":{"start":{"line":212,"column":9},"end":{"line":217,"column":null}},"type":"binary-expr","locations":[{"start":{"line":212,"column":9},"end":{"line":212,"column":null}},{"start":{"line":213,"column":10},"end":{"line":217,"column":null}}],"line":212},"22":{"loc":{"start":{"line":220,"column":9},"end":{"line":223,"column":null}},"type":"binary-expr","locations":[{"start":{"line":220,"column":9},"end":{"line":220,"column":null}},{"start":{"line":221,"column":10},"end":{"line":223,"column":null}}],"line":220},"23":{"loc":{"start":{"line":232,"column":7},"end":{"line":239,"column":null}},"type":"binary-expr","locations":[{"start":{"line":232,"column":7},"end":{"line":232,"column":null}},{"start":{"line":233,"column":8},"end":{"line":239,"column":null}}],"line":232}},"s":{"0":0,"1":0,"2":0,"3":0,"4":0,"5":0,"6":0,"7":0,"8":0,"9":0,"10":0,"11":0,"12":0,"13":0,"14":0,"15":0,"16":0,"17":0,"18":0,"19":0,"20":0,"21":0,"22":0,"23":0,"24":0,"25":0,"26":0},"f":{"0":0,"1":0,"2":0,"3":0,"4":0,"5":0,"6":0},"b":{"0":[0],"1":[0],"2":[0],"3":[0,0],"4":[0],"5":[0,0,0,0],"6":[0,0,0],"7":[0,0],"8":[0,0],"9":[0,0],"10":[0,0],"11":[0,0,0,0],"12":[0,0,0,0],"13":[0],"14":[0,0],"15":[0,0],"16":[0,0],"17":[0,0,0],"18":[0,0],"19":[0,0],"20":[0,0],"21":[0,0],"22":[0,0],"23":[0,0]},"meta":{"lastBranch":24,"lastFunction":7,"lastStatement":27,"seen":{"s:57:5:69:Infinity":0,"f:57:5:57:6":0,"s:58:2:69:Infinity":1,"b:57:16:57:19":0,"b:57:32:57:38":1,"b:57:50:57:53":2,"b:59:5:59:Infinity:60:6:62:Infinity":3,"f:65:41:65:42":1,"s:66:8:66:Infinity":2,"s:76:5:131:Infinity":3,"f:76:5:76:6":2,"b:76:47:76:53":4,"s:77:25:88:Infinity":4,"f:77:25:77:31":3,"b:79:6:80:Infinity:81:6:82:Infinity:83:6:84:Infinity:85:6:86:Infinity":5,"s:78:4:87:Infinity":5,"s:80:8:80:Infinity":6,"s:82:8:82:Infinity":7,"s:84:8:84:Infinity":8,"s:86:8:86:Infinity":9,"s:90:24:99:Infinity":10,"f:90:24:90:30":4,"b:92:6:93:Infinity:94:6:95:Infinity:96:6:97:Infinity":6,"s:91:4:98:Infinity":11,"s:93:8:93:Infinity":12,"s:95:8:95:Infinity":13,"s:97:8:97:Infinity":14,"s:101:2:129:Infinity":15,"b:106:11:106:57:106:57:106:Infinity":7,"b:107:11:107:58:107:58:107:Infinity":8,"b:108:11:108:60:108:60:108:Infinity":9,"b:109:11:109:53:109:53:109:Infinity":10,"b:113:7:113:22:113:22:113:68:113:68:113:Infinity:114:8:116:Infinity":11,"b:119:7:119:22:119:22:119:49:119:49:119:Infinity:120:8:127:Infinity":12,"s:141:5:169:Infinity":16,"f:141:5:141:6":5,"b:141:36:141:39":13,"s:142:23:144:Infinity":17,"b:143:6:143:Infinity:144:6:144:Infinity":14,"b:144:6:144:30:144:30:144:Infinity":15,"s:146:2:167:Infinity":18,"b:152:9:152:Infinity:153:10:153:Infinity":16,"b:155:9:155:20:155:20:155:Infinity:156:10:164:Infinity":17,"s:175:73:244:Infinity":19,"f:175:73:175:74":6,"b:185:2:195:Infinity:undefined:undefined:undefined:undefined":18,"s:185:2:195:Infinity":20,"s:186:4:193:Infinity":21,"b:198:2:206:Infinity:undefined:undefined:undefined:undefined":19,"s:198:2:206:Infinity":22,"s:199:4:204:Infinity":23,"b:209:2:227:Infinity:undefined:undefined:undefined:undefined":20,"s:209:2:227:Infinity":24,"s:210:4:225:Infinity":25,"b:212:9:212:Infinity:213:10:217:Infinity":21,"b:220:9:220:Infinity:221:10:223:Infinity":22,"s:230:2:242:Infinity":26,"b:232:7:232:Infinity:233:8:239:Infinity":23}}}
,"/Users/myles/Desktop/SportsCenterHome1/client/src/components/NewsCard.tsx": {"path":"/Users/myles/Desktop/SportsCenterHome1/client/src/components/NewsCard.tsx","statementMap":{"0":{"start":{"line":22,"column":13},"end":{"line":105,"column":null}},"1":{"start":{"line":24,"column":8},"end":{"line":37,"column":null}},"2":{"start":{"line":25,"column":4},"end":{"line":36,"column":null}},"3":{"start":{"line":27,"column":8},"end":{"line":27,"column":null}},"4":{"start":{"line":29,"column":8},"end":{"line":29,"column":null}},"5":{"start":{"line":31,"column":8},"end":{"line":31,"column":null}},"6":{"start":{"line":33,"column":8},"end":{"line":33,"column":null}},"7":{"start":{"line":35,"column":8},"end":{"line":35,"column":null}},"8":{"start":{"line":40,"column":8},"end":{"line":46,"column":null}},"9":{"start":{"line":41,"column":4},"end":{"line":45,"column":null}},"10":{"start":{"line":42,"column":6},"end":{"line":42,"column":null}},"11":{"start":{"line":44,"column":6},"end":{"line":44,"column":null}},"12":{"start":{"line":49,"column":8},"end":{"line":51,"column":null}},"13":{"start":{"line":50,"column":4},"end":{"line":50,"column":null}},"14":{"start":{"line":54,"column":8},"end":{"line":56,"column":null}},"15":{"start":{"line":55,"column":4},"end":{"line":55,"column":null}},"16":{"start":{"line":58,"column":2},"end":{"line":103,"column":null}},"17":{"start":{"line":107,"column":0},"end":{"line":107,"column":null}}},"fnMap":{"0":{"name":"(anonymous_0)","decl":{"start":{"line":22,"column":29},"end":{"line":22,"column":30}},"loc":{"start":{"line":22,"column":103},"end":{"line":105,"column":1}},"line":22},"1":{"name":"(anonymous_1)","decl":{"start":{"line":24,"column":32},"end":{"line":24,"column":38}},"loc":{"start":{"line":24,"column":38},"end":{"line":37,"column":5}},"line":24},"2":{"name":"(anonymous_2)","decl":{"start":{"line":40,"column":32},"end":{"line":40,"column":38}},"loc":{"start":{"line":40,"column":38},"end":{"line":46,"column":5}},"line":40},"3":{"name":"(anonymous_3)","decl":{"start":{"line":49,"column":38},"end":{"line":49,"column":44}},"loc":{"start":{"line":49,"column":44},"end":{"line":51,"column":5}},"line":49},"4":{"name":"(anonymous_4)","decl":{"start":{"line":54,"column":34},"end":{"line":54,"column":40}},"loc":{"start":{"line":54,"column":40},"end":{"line":56,"column":5}},"line":54}},"branchMap":{"0":{"loc":{"start":{"line":22,"column":50},"end":{"line":22,"column":73}},"type":"default-arg","locations":[{"start":{"line":22,"column":66},"end":{"line":22,"column":73}}],"line":22},"1":{"loc":{"start":{"line":25,"column":4},"end":{"line":36,"column":null}},"type":"switch","locations":[{"start":{"line":26,"column":6},"end":{"line":27,"column":null}},{"start":{"line":28,"column":6},"end":{"line":29,"column":null}},{"start":{"line":30,"column":6},"end":{"line":31,"column":null}},{"start":{"line":32,"column":6},"end":{"line":33,"column":null}},{"start":{"line":34,"column":6},"end":{"line":35,"column":null}}],"line":25},"2":{"loc":{"start":{"line":73,"column":13},"end":{"line":76,"column":null}},"type":"binary-expr","locations":[{"start":{"line":73,"column":13},"end":{"line":73,"column":30}},{"start":{"line":73,"column":30},"end":{"line":73,"column":null}},{"start":{"line":74,"column":14},"end":{"line":76,"column":null}}],"line":73},"3":{"loc":{"start":{"line":90,"column":9},"end":{"line":93,"column":null}},"type":"binary-expr","locations":[{"start":{"line":90,"column":9},"end":{"line":90,"column":null}},{"start":{"line":91,"column":10},"end":{"line":93,"column":null}}],"line":90},"4":{"loc":{"start":{"line":97,"column":9},"end":{"line":100,"column":null}},"type":"binary-expr","locations":[{"start":{"line":97,"column":9},"end":{"line":97,"column":null}},{"start":{"line":98,"column":10},"end":{"line":100,"column":null}}],"line":97}},"s":{"0":0,"1":0,"2":0,"3":0,"4":0,"5":0,"6":0,"7":0,"8":0,"9":0,"10":0,"11":0,"12":0,"13":0,"14":0,"15":0,"16":0,"17":0},"f":{"0":0,"1":0,"2":0,"3":0,"4":0},"b":{"0":[0],"1":[0,0,0,0,0],"2":[0,0,0],"3":[0,0],"4":[0,0]},"meta":{"lastBranch":5,"lastFunction":5,"lastStatement":18,"seen":{"s:22:13:105:Infinity":0,"f:22:29:22:30":0,"b:22:66:22:73":0,"s:24:8:37:Infinity":1,"f:24:32:24:38":1,"b:26:6:27:Infinity:28:6:29:Infinity:30:6:31:Infinity:32:6:33:Infinity:34:6:35:Infinity":1,"s:25:4:36:Infinity":2,"s:27:8:27:Infinity":3,"s:29:8:29:Infinity":4,"s:31:8:31:Infinity":5,"s:33:8:33:Infinity":6,"s:35:8:35:Infinity":7,"s:40:8:46:Infinity":8,"f:40:32:40:38":2,"s:41:4:45:Infinity":9,"s:42:6:42:Infinity":10,"s:44:6:44:Infinity":11,"s:49:8:51:Infinity":12,"f:49:38:49:44":3,"s:50:4:50:Infinity":13,"s:54:8:56:Infinity":14,"f:54:34:54:40":4,"s:55:4:55:Infinity":15,"s:58:2:103:Infinity":16,"b:73:13:73:30:73:30:73:Infinity:74:14:76:Infinity":2,"b:90:9:90:Infinity:91:10:93:Infinity":3,"b:97:9:97:Infinity:98:10:100:Infinity":4,"s:107:0:107:Infinity":17}}}
,"/Users/myles/Desktop/SportsCenterHome1/client/src/components/RealTimeUpdates.tsx": {"path":"/Users/myles/Desktop/SportsCenterHome1/client/src/components/RealTimeUpdates.tsx","statementMap":{"0":{"start":{"line":23,"column":6},"end":{"line":83,"column":null}},"1":{"start":{"line":28,"column":8},"end":{"line":56,"column":null}},"2":{"start":{"line":29,"column":4},"end":{"line":55,"column":null}},"3":{"start":{"line":31,"column":8},"end":{"line":34,"column":null}},"4":{"start":{"line":36,"column":8},"end":{"line":39,"column":null}},"5":{"start":{"line":41,"column":8},"end":{"line":44,"column":null}},"6":{"start":{"line":46,"column":8},"end":{"line":49,"column":null}},"7":{"start":{"line":51,"column":8},"end":{"line":54,"column":null}},"8":{"start":{"line":58,"column":8},"end":{"line":70,"column":null}},"9":{"start":{"line":59,"column":4},"end":{"line":59,"column":null}},"10":{"start":{"line":59,"column":41},"end":{"line":59,"column":null}},"11":{"start":{"line":61,"column":26},"end":{"line":61,"column":null}},"12":{"start":{"line":62,"column":16},"end":{"line":62,"column":null}},"13":{"start":{"line":63,"column":19},"end":{"line":63,"column":null}},"14":{"start":{"line":64,"column":21},"end":{"line":64,"column":null}},"15":{"start":{"line":66,"column":4},"end":{"line":66,"column":null}},"16":{"start":{"line":66,"column":22},"end":{"line":66,"column":null}},"17":{"start":{"line":67,"column":4},"end":{"line":67,"column":null}},"18":{"start":{"line":67,"column":23},"end":{"line":67,"column":null}},"19":{"start":{"line":68,"column":22},"end":{"line":68,"column":null}},"20":{"start":{"line":69,"column":4},"end":{"line":69,"column":null}},"21":{"start":{"line":72,"column":2},"end":{"line":81,"column":null}},"22":{"start":{"line":85,"column":0},"end":{"line":85,"column":null}},"23":{"start":{"line":90,"column":6},"end":{"line":146,"column":null}},"24":{"start":{"line":99,"column":8},"end":{"line":112,"column":null}},"25":{"start":{"line":100,"column":4},"end":{"line":100,"column":null}},"26":{"start":{"line":100,"column":31},"end":{"line":100,"column":null}},"27":{"start":{"line":102,"column":23},"end":{"line":102,"column":null}},"28":{"start":{"line":103,"column":16},"end":{"line":103,"column":null}},"29":{"start":{"line":104,"column":19},"end":{"line":104,"column":null}},"30":{"start":{"line":105,"column":21},"end":{"line":105,"column":null}},"31":{"start":{"line":107,"column":4},"end":{"line":107,"column":null}},"32":{"start":{"line":107,"column":23},"end":{"line":107,"column":null}},"33":{"start":{"line":108,"column":21},"end":{"line":108,"column":null}},"34":{"start":{"line":109,"column":4},"end":{"line":109,"column":null}},"35":{"start":{"line":109,"column":23},"end":{"line":109,"column":null}},"36":{"start":{"line":110,"column":22},"end":{"line":110,"column":null}},"37":{"start":{"line":111,"column":4},"end":{"line":111,"column":null}},"38":{"start":{"line":114,"column":2},"end":{"line":144,"column":null}},"39":{"start":{"line":148,"column":0},"end":{"line":148,"column":null}},"40":{"start":{"line":153,"column":6},"end":{"line":216,"column":null}},"41":{"start":{"line":154,"column":8},"end":{"line":195,"column":null}},"42":{"start":{"line":155,"column":22},"end":{"line":155,"column":null}},"43":{"start":{"line":157,"column":4},"end":{"line":194,"column":null}},"44":{"start":{"line":159,"column":8},"end":{"line":168,"column":null}},"45":{"start":{"line":160,"column":63},"end":{"line":160,"column":null}},"46":{"start":{"line":161,"column":10},"end":{"line":167,"column":null}},"47":{"start":{"line":169,"column":8},"end":{"line":175,"column":null}},"48":{"start":{"line":178,"column":8},"end":{"line":184,"column":null}},"49":{"start":{"line":187,"column":8},"end":{"line":193,"column":null}},"50":{"start":{"line":197,"column":2},"end":{"line":214,"column":null}},"51":{"start":{"line":218,"column":0},"end":{"line":218,"column":null}},"52":{"start":{"line":223,"column":13},"end":{"line":383,"column":null}},"53":{"start":{"line":231,"column":44},"end":{"line":231,"column":null}},"54":{"start":{"line":234,"column":8},"end":{"line":242,"column":null}},"55":{"start":{"line":234,"column":37},"end":{"line":242,"column":6}},"56":{"start":{"line":244,"column":8},"end":{"line":244,"column":null}},"57":{"start":{"line":247,"column":8},"end":{"line":250,"column":null}},"58":{"start":{"line":248,"column":4},"end":{"line":248,"column":null}},"59":{"start":{"line":253,"column":8},"end":{"line":257,"column":null}},"60":{"start":{"line":254,"column":4},"end":{"line":256,"column":null}},"61":{"start":{"line":255,"column":6},"end":{"line":255,"column":null}},"62":{"start":{"line":259,"column":8},"end":{"line":263,"column":null}},"63":{"start":{"line":260,"column":4},"end":{"line":262,"column":null}},"64":{"start":{"line":261,"column":6},"end":{"line":261,"column":null}},"65":{"start":{"line":265,"column":8},"end":{"line":267,"column":null}},"66":{"start":{"line":266,"column":4},"end":{"line":266,"column":null}},"67":{"start":{"line":269,"column":8},"end":{"line":273,"column":null}},"68":{"start":{"line":270,"column":4},"end":{"line":270,"column":null}},"69":{"start":{"line":271,"column":4},"end":{"line":271,"column":null}},"70":{"start":{"line":272,"column":4},"end":{"line":272,"column":null}},"71":{"start":{"line":272,"column":21},"end":{"line":272,"column":48}},"72":{"start":{"line":276,"column":9},"end":{"line":299,"column":null}},"73":{"start":{"line":276,"column":44},"end":{"line":294,"column":7}},"74":{"start":{"line":301,"column":2},"end":{"line":381,"column":null}},"75":{"start":{"line":368,"column":18},"end":{"line":368,"column":null}},"76":{"start":{"line":385,"column":0},"end":{"line":385,"column":null}}},"fnMap":{"0":{"name":"(anonymous_0)","decl":{"start":{"line":27,"column":3},"end":{"line":27,"column":4}},"loc":{"start":{"line":27,"column":57},"end":{"line":83,"column":1}},"line":27},"1":{"name":"(anonymous_1)","decl":{"start":{"line":28,"column":31},"end":{"line":28,"column":37}},"loc":{"start":{"line":28,"column":37},"end":{"line":56,"column":5}},"line":28},"2":{"name":"(anonymous_2)","decl":{"start":{"line":58,"column":41},"end":{"line":58,"column":47}},"loc":{"start":{"line":58,"column":47},"end":{"line":70,"column":5}},"line":58},"3":{"name":"(anonymous_3)","decl":{"start":{"line":98,"column":3},"end":{"line":98,"column":4}},"loc":{"start":{"line":98,"column":18},"end":{"line":146,"column":1}},"line":98},"4":{"name":"(anonymous_4)","decl":{"start":{"line":99,"column":38},"end":{"line":99,"column":44}},"loc":{"start":{"line":99,"column":44},"end":{"line":112,"column":5}},"line":99},"5":{"name":"(anonymous_5)","decl":{"start":{"line":153,"column":64},"end":{"line":153,"column":65}},"loc":{"start":{"line":153,"column":80},"end":{"line":216,"column":1}},"line":153},"6":{"name":"(anonymous_6)","decl":{"start":{"line":154,"column":32},"end":{"line":154,"column":38}},"loc":{"start":{"line":154,"column":38},"end":{"line":195,"column":5}},"line":154},"7":{"name":"(anonymous_7)","decl":{"start":{"line":223,"column":68},"end":{"line":223,"column":69}},"loc":{"start":{"line":230,"column":6},"end":{"line":383,"column":1}},"line":230},"8":{"name":"(anonymous_8)","decl":{"start":{"line":234,"column":30},"end":{"line":234,"column":37}},"loc":{"start":{"line":234,"column":37},"end":{"line":242,"column":6}},"line":234},"9":{"name":"(anonymous_9)","decl":{"start":{"line":247,"column":35},"end":{"line":247,"column":null}},"loc":{"start":{"line":248,"column":4},"end":{"line":248,"column":null}},"line":248},"10":{"name":"(anonymous_10)","decl":{"start":{"line":253,"column":48},"end":{"line":253,"column":54}},"loc":{"start":{"line":253,"column":54},"end":{"line":257,"column":5}},"line":253},"11":{"name":"(anonymous_11)","decl":{"start":{"line":259,"column":46},"end":{"line":259,"column":52}},"loc":{"start":{"line":259,"column":52},"end":{"line":263,"column":5}},"line":259},"12":{"name":"(anonymous_12)","decl":{"start":{"line":265,"column":41},"end":{"line":265,"column":47}},"loc":{"start":{"line":265,"column":47},"end":{"line":267,"column":5}},"line":265},"13":{"name":"(anonymous_13)","decl":{"start":{"line":269,"column":44},"end":{"line":269,"column":50}},"loc":{"start":{"line":269,"column":50},"end":{"line":273,"column":5}},"line":269},"14":{"name":"(anonymous_14)","decl":{"start":{"line":272,"column":15},"end":{"line":272,"column":21}},"loc":{"start":{"line":272,"column":21},"end":{"line":272,"column":48}},"line":272},"15":{"name":"(anonymous_15)","decl":{"start":{"line":276,"column":37},"end":{"line":276,"column":44}},"loc":{"start":{"line":276,"column":44},"end":{"line":294,"column":7}},"line":276},"16":{"name":"(anonymous_16)","decl":{"start":{"line":367,"column":37},"end":{"line":367,"column":38}},"loc":{"start":{"line":368,"column":18},"end":{"line":368,"column":null}},"line":368}},"branchMap":{"0":{"loc":{"start":{"line":29,"column":4},"end":{"line":55,"column":null}},"type":"switch","locations":[{"start":{"line":30,"column":6},"end":{"line":34,"column":null}},{"start":{"line":35,"column":6},"end":{"line":39,"column":null}},{"start":{"line":40,"column":6},"end":{"line":44,"column":null}},{"start":{"line":45,"column":6},"end":{"line":49,"column":null}},{"start":{"line":50,"column":6},"end":{"line":54,"column":null}}],"line":29},"1":{"loc":{"start":{"line":59,"column":4},"end":{"line":59,"column":null}},"type":"if","locations":[{"start":{"line":59,"column":4},"end":{"line":59,"column":null}},{"start":{},"end":{}}],"line":59},"2":{"loc":{"start":{"line":59,"column":8},"end":{"line":59,"column":41}},"type":"binary-expr","locations":[{"start":{"line":59,"column":8},"end":{"line":59,"column":27}},{"start":{"line":59,"column":27},"end":{"line":59,"column":41}}],"line":59},"3":{"loc":{"start":{"line":66,"column":4},"end":{"line":66,"column":null}},"type":"if","locations":[{"start":{"line":66,"column":4},"end":{"line":66,"column":null}},{"start":{},"end":{}}],"line":66},"4":{"loc":{"start":{"line":67,"column":4},"end":{"line":67,"column":null}},"type":"if","locations":[{"start":{"line":67,"column":4},"end":{"line":67,"column":null}},{"start":{},"end":{}}],"line":67},"5":{"loc":{"start":{"line":76,"column":7},"end":{"line":79,"column":null}},"type":"binary-expr","locations":[{"start":{"line":76,"column":7},"end":{"line":76,"column":null}},{"start":{"line":77,"column":8},"end":{"line":79,"column":null}}],"line":76},"6":{"loc":{"start":{"line":100,"column":4},"end":{"line":100,"column":null}},"type":"if","locations":[{"start":{"line":100,"column":4},"end":{"line":100,"column":null}},{"start":{},"end":{}}],"line":100},"7":{"loc":{"start":{"line":107,"column":4},"end":{"line":107,"column":null}},"type":"if","locations":[{"start":{"line":107,"column":4},"end":{"line":107,"column":null}},{"start":{},"end":{}}],"line":107},"8":{"loc":{"start":{"line":109,"column":4},"end":{"line":109,"column":null}},"type":"if","locations":[{"start":{"line":109,"column":4},"end":{"line":109,"column":null}},{"start":{},"end":{}}],"line":109},"9":{"loc":{"start":{"line":157,"column":4},"end":{"line":194,"column":null}},"type":"switch","locations":[{"start":{"line":158,"column":6},"end":{"line":175,"column":null}},{"start":{"line":177,"column":6},"end":{"line":184,"column":null}},{"start":{"line":186,"column":6},"end":{"line":193,"column":null}}],"line":157},"10":{"loc":{"start":{"line":159,"column":8},"end":{"line":168,"column":null}},"type":"if","locations":[{"start":{"line":159,"column":8},"end":{"line":168,"column":null}},{"start":{},"end":{}}],"line":159},"11":{"loc":{"start":{"line":181,"column":46},"end":{"line":181,"column":88}},"type":"binary-expr","locations":[{"start":{"line":181,"column":46},"end":{"line":181,"column":72}},{"start":{"line":181,"column":72},"end":{"line":181,"column":88}}],"line":181},"12":{"loc":{"start":{"line":224,"column":2},"end":{"line":224,"column":null}},"type":"default-arg","locations":[{"start":{"line":224,"column":11},"end":{"line":224,"column":null}}],"line":224},"13":{"loc":{"start":{"line":225,"column":2},"end":{"line":225,"column":null}},"type":"default-arg","locations":[{"start":{"line":225,"column":24},"end":{"line":225,"column":null}}],"line":225},"14":{"loc":{"start":{"line":226,"column":2},"end":{"line":226,"column":null}},"type":"default-arg","locations":[{"start":{"line":226,"column":22},"end":{"line":226,"column":null}}],"line":226},"15":{"loc":{"start":{"line":227,"column":2},"end":{"line":227,"column":null}},"type":"default-arg","locations":[{"start":{"line":227,"column":22},"end":{"line":227,"column":null}}],"line":227},"16":{"loc":{"start":{"line":228,"column":2},"end":{"line":228,"column":null}},"type":"default-arg","locations":[{"start":{"line":228,"column":20},"end":{"line":228,"column":null}}],"line":228},"17":{"loc":{"start":{"line":229,"column":2},"end":{"line":229,"column":null}},"type":"default-arg","locations":[{"start":{"line":229,"column":14},"end":{"line":229,"column":null}}],"line":229},"18":{"loc":{"start":{"line":254,"column":4},"end":{"line":256,"column":null}},"type":"if","locations":[{"start":{"line":254,"column":4},"end":{"line":256,"column":null}},{"start":{},"end":{}}],"line":254},"19":{"loc":{"start":{"line":255,"column":6},"end":{"line":255,"column":null}},"type":"cond-expr","locations":[{"start":{"line":255,"column":28},"end":{"line":255,"column":69}},{"start":{"line":255,"column":69},"end":{"line":255,"column":null}}],"line":255},"20":{"loc":{"start":{"line":260,"column":4},"end":{"line":262,"column":null}},"type":"if","locations":[{"start":{"line":260,"column":4},"end":{"line":262,"column":null}},{"start":{},"end":{}}],"line":260},"21":{"loc":{"start":{"line":261,"column":6},"end":{"line":261,"column":null}},"type":"cond-expr","locations":[{"start":{"line":261,"column":26},"end":{"line":261,"column":65}},{"start":{"line":261,"column":65},"end":{"line":261,"column":null}}],"line":261},"22":{"loc":{"start":{"line":281,"column":12},"end":{"line":285,"column":null}},"type":"cond-expr","locations":[{"start":{"line":281,"column":30},"end":{"line":285,"column":9}},{"start":{"line":285,"column":9},"end":{"line":285,"column":null}}],"line":281},"23":{"loc":{"start":{"line":290,"column":18},"end":{"line":290,"column":null}},"type":"binary-expr","locations":[{"start":{"line":290,"column":18},"end":{"line":290,"column":37}},{"start":{"line":290,"column":37},"end":{"line":290,"column":null}}],"line":290},"24":{"loc":{"start":{"line":321,"column":16},"end":{"line":323,"column":null}},"type":"cond-expr","locations":[{"start":{"line":322,"column":20},"end":{"line":322,"column":null}},{"start":{"line":323,"column":20},"end":{"line":323,"column":null}}],"line":321},"25":{"loc":{"start":{"line":325,"column":21},"end":{"line":325,"column":null}},"type":"cond-expr","locations":[{"start":{"line":325,"column":43},"end":{"line":325,"column":69}},{"start":{"line":325,"column":69},"end":{"line":325,"column":null}}],"line":325},"26":{"loc":{"start":{"line":327,"column":15},"end":{"line":327,"column":null}},"type":"cond-expr","locations":[{"start":{"line":327,"column":37},"end":{"line":327,"column":68}},{"start":{"line":327,"column":68},"end":{"line":327,"column":null}}],"line":327},"27":{"loc":{"start":{"line":334,"column":16},"end":{"line":336,"column":null}},"type":"cond-expr","locations":[{"start":{"line":335,"column":20},"end":{"line":335,"column":null}},{"start":{"line":336,"column":20},"end":{"line":336,"column":null}}],"line":334},"28":{"loc":{"start":{"line":338,"column":21},"end":{"line":338,"column":null}},"type":"cond-expr","locations":[{"start":{"line":338,"column":41},"end":{"line":338,"column":66}},{"start":{"line":338,"column":66},"end":{"line":338,"column":null}}],"line":338},"29":{"loc":{"start":{"line":340,"column":15},"end":{"line":340,"column":null}},"type":"cond-expr","locations":[{"start":{"line":340,"column":35},"end":{"line":340,"column":69}},{"start":{"line":340,"column":69},"end":{"line":340,"column":null}}],"line":340},"30":{"loc":{"start":{"line":351,"column":9},"end":{"line":378,"column":null}},"type":"binary-expr","locations":[{"start":{"line":351,"column":9},"end":{"line":351,"column":null}},{"start":{"line":352,"column":10},"end":{"line":378,"column":null}}],"line":351},"31":{"loc":{"start":{"line":355,"column":15},"end":{"line":361,"column":null}},"type":"binary-expr","locations":[{"start":{"line":355,"column":15},"end":{"line":355,"column":null}},{"start":{"line":356,"column":16},"end":{"line":361,"column":null}}],"line":355},"32":{"loc":{"start":{"line":366,"column":15},"end":{"line":375,"column":null}},"type":"cond-expr","locations":[{"start":{"line":367,"column":16},"end":{"line":369,"column":null}},{"start":{"line":371,"column":16},"end":{"line":375,"column":null}}],"line":366}},"s":{"0":0,"1":0,"2":0,"3":0,"4":0,"5":0,"6":0,"7":0,"8":0,"9":0,"10":0,"11":0,"12":0,"13":0,"14":0,"15":0,"16":0,"17":0,"18":0,"19":0,"20":0,"21":0,"22":0,"23":0,"24":0,"25":0,"26":0,"27":0,"28":0,"29":0,"30":0,"31":0,"32":0,"33":0,"34":0,"35":0,"36":0,"37":0,"38":0,"39":0,"40":0,"41":0,"42":0,"43":0,"44":0,"45":0,"46":0,"47":0,"48":0,"49":0,"50":0,"51":0,"52":0,"53":0,"54":0,"55":0,"56":0,"57":0,"58":0,"59":0,"60":0,"61":0,"62":0,"63":0,"64":0,"65":0,"66":0,"67":0,"68":0,"69":0,"70":0,"71":0,"72":0,"73":0,"74":0,"75":0,"76":0},"f":{"0":0,"1":0,"2":0,"3":0,"4":0,"5":0,"6":0,"7":0,"8":0,"9":0,"10":0,"11":0,"12":0,"13":0,"14":0,"15":0,"16":0},"b":{"0":[0,0,0,0,0],"1":[0,0],"2":[0,0],"3":[0,0],"4":[0,0],"5":[0,0],"6":[0,0],"7":[0,0],"8":[0,0],"9":[0,0,0],"10":[0,0],"11":[0,0],"12":[0],"13":[0],"14":[0],"15":[0],"16":[0],"17":[0],"18":[0,0],"19":[0,0],"20":[0,0],"21":[0,0],"22":[0,0],"23":[0,0],"24":[0,0],"25":[0,0],"26":[0,0],"27":[0,0],"28":[0,0],"29":[0,0],"30":[0,0],"31":[0,0],"32":[0,0]},"meta":{"lastBranch":33,"lastFunction":17,"lastStatement":77,"seen":{"s:23:6:83:Infinity":0,"f:27:3:27:4":0,"s:28:8:56:Infinity":1,"f:28:31:28:37":1,"b:30:6:34:Infinity:35:6:39:Infinity:40:6:44:Infinity:45:6:49:Infinity:50:6:54:Infinity":0,"s:29:4:55:Infinity":2,"s:31:8:34:Infinity":3,"s:36:8:39:Infinity":4,"s:41:8:44:Infinity":5,"s:46:8:49:Infinity":6,"s:51:8:54:Infinity":7,"s:58:8:70:Infinity":8,"f:58:41:58:47":2,"b:59:4:59:Infinity:undefined:undefined:undefined:undefined":1,"s:59:4:59:Infinity":9,"b:59:8:59:27:59:27:59:41":2,"s:59:41:59:Infinity":10,"s:61:26:61:Infinity":11,"s:62:16:62:Infinity":12,"s:63:19:63:Infinity":13,"s:64:21:64:Infinity":14,"b:66:4:66:Infinity:undefined:undefined:undefined:undefined":3,"s:66:4:66:Infinity":15,"s:66:22:66:Infinity":16,"b:67:4:67:Infinity:undefined:undefined:undefined:undefined":4,"s:67:4:67:Infinity":17,"s:67:23:67:Infinity":18,"s:68:22:68:Infinity":19,"s:69:4:69:Infinity":20,"s:72:2:81:Infinity":21,"b:76:7:76:Infinity:77:8:79:Infinity":5,"s:85:0:85:Infinity":22,"s:90:6:146:Infinity":23,"f:98:3:98:4":3,"s:99:8:112:Infinity":24,"f:99:38:99:44":4,"b:100:4:100:Infinity:undefined:undefined:undefined:undefined":6,"s:100:4:100:Infinity":25,"s:100:31:100:Infinity":26,"s:102:23:102:Infinity":27,"s:103:16:103:Infinity":28,"s:104:19:104:Infinity":29,"s:105:21:105:Infinity":30,"b:107:4:107:Infinity:undefined:undefined:undefined:undefined":7,"s:107:4:107:Infinity":31,"s:107:23:107:Infinity":32,"s:108:21:108:Infinity":33,"b:109:4:109:Infinity:undefined:undefined:undefined:undefined":8,"s:109:4:109:Infinity":34,"s:109:23:109:Infinity":35,"s:110:22:110:Infinity":36,"s:111:4:111:Infinity":37,"s:114:2:144:Infinity":38,"s:148:0:148:Infinity":39,"s:153:6:216:Infinity":40,"f:153:64:153:65":5,"s:154:8:195:Infinity":41,"f:154:32:154:38":6,"s:155:22:155:Infinity":42,"b:158:6:175:Infinity:177:6:184:Infinity:186:6:193:Infinity":9,"s:157:4:194:Infinity":43,"b:159:8:168:Infinity:undefined:undefined:undefined:undefined":10,"s:159:8:168:Infinity":44,"s:160:63:160:Infinity":45,"s:161:10:167:Infinity":46,"s:169:8:175:Infinity":47,"s:178:8:184:Infinity":48,"b:181:46:181:72:181:72:181:88":11,"s:187:8:193:Infinity":49,"s:197:2:214:Infinity":50,"s:218:0:218:Infinity":51,"s:223:13:383:Infinity":52,"f:223:68:223:69":7,"b:224:11:224:Infinity":12,"b:225:24:225:Infinity":13,"b:226:22:226:Infinity":14,"b:227:22:227:Infinity":15,"b:228:20:228:Infinity":16,"b:229:14:229:Infinity":17,"s:231:44:231:Infinity":53,"s:234:8:242:Infinity":54,"f:234:30:234:37":8,"s:234:37:242:6":55,"s:244:8:244:Infinity":56,"s:247:8:250:Infinity":57,"f:247:35:247:Infinity":9,"s:248:4:248:Infinity":58,"s:253:8:257:Infinity":59,"f:253:48:253:54":10,"b:254:4:256:Infinity:undefined:undefined:undefined:undefined":18,"s:254:4:256:Infinity":60,"s:255:6:255:Infinity":61,"b:255:28:255:69:255:69:255:Infinity":19,"s:259:8:263:Infinity":62,"f:259:46:259:52":11,"b:260:4:262:Infinity:undefined:undefined:undefined:undefined":20,"s:260:4:262:Infinity":63,"s:261:6:261:Infinity":64,"b:261:26:261:65:261:65:261:Infinity":21,"s:265:8:267:Infinity":65,"f:265:41:265:47":12,"s:266:4:266:Infinity":66,"s:269:8:273:Infinity":67,"f:269:44:269:50":13,"s:270:4:270:Infinity":68,"s:271:4:271:Infinity":69,"s:272:4:272:Infinity":70,"f:272:15:272:21":14,"s:272:21:272:48":71,"s:276:9:299:Infinity":72,"f:276:37:276:44":15,"s:276:44:294:7":73,"b:281:30:285:9:285:9:285:Infinity":22,"b:290:18:290:37:290:37:290:Infinity":23,"s:301:2:381:Infinity":74,"b:322:20:322:Infinity:323:20:323:Infinity":24,"b:325:43:325:69:325:69:325:Infinity":25,"b:327:37:327:68:327:68:327:Infinity":26,"b:335:20:335:Infinity:336:20:336:Infinity":27,"b:338:41:338:66:338:66:338:Infinity":28,"b:340:35:340:69:340:69:340:Infinity":29,"b:351:9:351:Infinity:352:10:378:Infinity":30,"b:355:15:355:Infinity:356:16:361:Infinity":31,"b:367:16:369:Infinity:371:16:375:Infinity":32,"f:367:37:367:38":16,"s:368:18:368:Infinity":75,"s:385:0:385:Infinity":76}}}
,"/Users/myles/Desktop/SportsCenterHome1/client/src/components/RecentUpdatesSection.tsx": {"path":"/Users/myles/Desktop/SportsCenterHome1/client/src/components/RecentUpdatesSection.tsx","statementMap":{"0":{"start":{"line":22,"column":36},"end":{"line":109,"column":null}},"1":{"start":{"line":23,"column":46},"end":{"line":23,"column":null}},"2":{"start":{"line":25,"column":31},"end":{"line":29,"column":null}},"3":{"start":{"line":26,"column":4},"end":{"line":26,"column":null}},"4":{"start":{"line":27,"column":4},"end":{"line":27,"column":null}},"5":{"start":{"line":28,"column":4},"end":{"line":28,"column":null}},"6":{"start":{"line":31,"column":28},"end":{"line":33,"column":null}},"7":{"start":{"line":32,"column":4},"end":{"line":32,"column":null}},"8":{"start":{"line":35,"column":2},"end":{"line":46,"column":null}},"9":{"start":{"line":36,"column":4},"end":{"line":44,"column":null}},"10":{"start":{"line":48,"column":2},"end":{"line":107,"column":null}},"11":{"start":{"line":77,"column":14},"end":{"line":79,"column":null}},"12":{"start":{"line":90,"column":16},"end":{"line":94,"column":null}},"13":{"start":{"line":93,"column":33},"end":{"line":93,"column":null}}},"fnMap":{"0":{"name":"(anonymous_0)","decl":{"start":{"line":22,"column":36},"end":{"line":22,"column":37}},"loc":{"start":{"line":22,"column":116},"end":{"line":109,"column":null}},"line":22},"1":{"name":"(anonymous_1)","decl":{"start":{"line":25,"column":31},"end":{"line":25,"column":32}},"loc":{"start":{"line":25,"column":58},"end":{"line":29,"column":null}},"line":25},"2":{"name":"(anonymous_2)","decl":{"start":{"line":31,"column":28},"end":{"line":31,"column":29}},"loc":{"start":{"line":31,"column":48},"end":{"line":33,"column":null}},"line":31},"3":{"name":"(anonymous_3)","decl":{"start":{"line":76,"column":43},"end":{"line":76,"column":44}},"loc":{"start":{"line":77,"column":14},"end":{"line":79,"column":null}},"line":77},"4":{"name":"(anonymous_4)","decl":{"start":{"line":89,"column":26},"end":{"line":89,"column":27}},"loc":{"start":{"line":90,"column":16},"end":{"line":94,"column":null}},"line":90},"5":{"name":"(anonymous_5)","decl":{"start":{"line":93,"column":27},"end":{"line":93,"column":33}},"loc":{"start":{"line":93,"column":33},"end":{"line":93,"column":null}},"line":93}},"branchMap":{"0":{"loc":{"start":{"line":35,"column":2},"end":{"line":46,"column":null}},"type":"if","locations":[{"start":{"line":35,"column":2},"end":{"line":46,"column":null}},{"start":{},"end":{}}],"line":35},"1":{"loc":{"start":{"line":73,"column":7},"end":{"line":82,"column":null}},"type":"binary-expr","locations":[{"start":{"line":73,"column":7},"end":{"line":73,"column":null}},{"start":{"line":74,"column":8},"end":{"line":82,"column":null}}],"line":73},"2":{"loc":{"start":{"line":85,"column":7},"end":{"line":105,"column":null}},"type":"binary-expr","locations":[{"start":{"line":85,"column":7},"end":{"line":85,"column":21}},{"start":{"line":85,"column":21},"end":{"line":85,"column":null}},{"start":{"line":86,"column":8},"end":{"line":105,"column":null}}],"line":85},"3":{"loc":{"start":{"line":88,"column":13},"end":{"line":102,"column":null}},"type":"cond-expr","locations":[{"start":{"line":89,"column":14},"end":{"line":95,"column":null}},{"start":{"line":97,"column":14},"end":{"line":102,"column":null}}],"line":88},"4":{"loc":{"start":{"line":88,"column":13},"end":{"line":88,"column":null}},"type":"binary-expr","locations":[{"start":{"line":88,"column":13},"end":{"line":88,"column":24}},{"start":{"line":88,"column":24},"end":{"line":88,"column":null}}],"line":88}},"s":{"0":0,"1":0,"2":0,"3":0,"4":0,"5":0,"6":0,"7":0,"8":0,"9":0,"10":0,"11":0,"12":0,"13":0},"f":{"0":0,"1":0,"2":0,"3":0,"4":0,"5":0},"b":{"0":[0,0],"1":[0,0],"2":[0,0,0],"3":[0,0],"4":[0,0]},"meta":{"lastBranch":5,"lastFunction":6,"lastStatement":14,"seen":{"s:22:36:109:Infinity":0,"f:22:36:22:37":0,"s:23:46:23:Infinity":1,"s:25:31:29:Infinity":2,"f:25:31:25:32":1,"s:26:4:26:Infinity":3,"s:27:4:27:Infinity":4,"s:28:4:28:Infinity":5,"s:31:28:33:Infinity":6,"f:31:28:31:29":2,"s:32:4:32:Infinity":7,"b:35:2:46:Infinity:undefined:undefined:undefined:undefined":0,"s:35:2:46:Infinity":8,"s:36:4:44:Infinity":9,"s:48:2:107:Infinity":10,"b:73:7:73:Infinity:74:8:82:Infinity":1,"f:76:43:76:44":3,"s:77:14:79:Infinity":11,"b:85:7:85:21:85:21:85:Infinity:86:8:105:Infinity":2,"b:89:14:95:Infinity:97:14:102:Infinity":3,"b:88:13:88:24:88:24:88:Infinity":4,"f:89:26:89:27":4,"s:90:16:94:Infinity":12,"f:93:27:93:33":5,"s:93:33:93:Infinity":13}}}
,"/Users/myles/Desktop/SportsCenterHome1/client/src/components/ScoreNotifications.tsx": {"path":"/Users/myles/Desktop/SportsCenterHome1/client/src/components/ScoreNotifications.tsx","statementMap":{"0":{"start":{"line":38,"column":37},"end":{"line":95,"column":null}},"1":{"start":{"line":39,"column":27},"end":{"line":44,"column":null}},"2":{"start":{"line":46,"column":2},"end":{"line":94,"column":null}},"3":{"start":{"line":48,"column":23},"end":{"line":48,"column":null}},"4":{"start":{"line":49,"column":6},"end":{"line":58,"column":null}},"5":{"start":{"line":61,"column":25},"end":{"line":61,"column":null}},"6":{"start":{"line":62,"column":18},"end":{"line":62,"column":null}},"7":{"start":{"line":63,"column":20},"end":{"line":63,"column":null}},"8":{"start":{"line":64,"column":48},"end":{"line":64,"column":null}},"9":{"start":{"line":66,"column":6},"end":{"line":74,"column":null}},"10":{"start":{"line":67,"column":8},"end":{"line":67,"column":null}},"11":{"start":{"line":68,"column":8},"end":{"line":68,"column":null}},"12":{"start":{"line":69,"column":8},"end":{"line":69,"column":null}},"13":{"start":{"line":70,"column":6},"end":{"line":74,"column":null}},"14":{"start":{"line":71,"column":8},"end":{"line":71,"column":null}},"15":{"start":{"line":72,"column":8},"end":{"line":72,"column":null}},"16":{"start":{"line":73,"column":8},"end":{"line":73,"column":null}},"17":{"start":{"line":76,"column":6},"end":{"line":83,"column":null}},"18":{"start":{"line":86,"column":6},"end":{"line":93,"column":null}},"19":{"start":{"line":102,"column":6},"end":{"line":213,"column":null}},"20":{"start":{"line":107,"column":32},"end":{"line":107,"column":null}},"21":{"start":{"line":108,"column":32},"end":{"line":108,"column":null}},"22":{"start":{"line":111,"column":2},"end":{"line":114,"column":null}},"23":{"start":{"line":112,"column":18},"end":{"line":112,"column":null}},"24":{"start":{"line":112,"column":35},"end":{"line":112,"column":55}},"25":{"start":{"line":113,"column":4},"end":{"line":113,"column":null}},"26":{"start":{"line":113,"column":17},"end":{"line":113,"column":null}},"27":{"start":{"line":117,"column":2},"end":{"line":125,"column":null}},"28":{"start":{"line":118,"column":4},"end":{"line":118,"column":null}},"29":{"start":{"line":118,"column":51},"end":{"line":118,"column":null}},"30":{"start":{"line":120,"column":18},"end":{"line":122,"column":null}},"31":{"start":{"line":121,"column":6},"end":{"line":121,"column":null}},"32":{"start":{"line":124,"column":4},"end":{"line":124,"column":null}},"33":{"start":{"line":124,"column":17},"end":{"line":124,"column":null}},"34":{"start":{"line":127,"column":24},"end":{"line":132,"column":null}},"35":{"start":{"line":128,"column":4},"end":{"line":128,"column":null}},"36":{"start":{"line":129,"column":4},"end":{"line":131,"column":null}},"37":{"start":{"line":130,"column":6},"end":{"line":130,"column":null}},"38":{"start":{"line":134,"column":18},"end":{"line":145,"column":null}},"39":{"start":{"line":135,"column":4},"end":{"line":144,"column":null}},"40":{"start":{"line":137,"column":8},"end":{"line":137,"column":null}},"41":{"start":{"line":139,"column":8},"end":{"line":139,"column":null}},"42":{"start":{"line":141,"column":8},"end":{"line":141,"column":null}},"43":{"start":{"line":143,"column":8},"end":{"line":143,"column":null}},"44":{"start":{"line":147,"column":28},"end":{"line":158,"column":null}},"45":{"start":{"line":148,"column":4},"end":{"line":157,"column":null}},"46":{"start":{"line":150,"column":8},"end":{"line":150,"column":null}},"47":{"start":{"line":152,"column":8},"end":{"line":152,"column":null}},"48":{"start":{"line":154,"column":8},"end":{"line":154,"column":null}},"49":{"start":{"line":156,"column":8},"end":{"line":156,"column":null}},"50":{"start":{"line":160,"column":2},"end":{"line":211,"column":null}},"51":{"start":{"line":215,"column":0},"end":{"line":215,"column":null}},"52":{"start":{"line":221,"column":13},"end":{"line":391,"column":null}},"53":{"start":{"line":229,"column":40},"end":{"line":229,"column":null}},"54":{"start":{"line":230,"column":44},"end":{"line":230,"column":null}},"55":{"start":{"line":233,"column":8},"end":{"line":237,"column":null}},"56":{"start":{"line":233,"column":37},"end":{"line":237,"column":6}},"57":{"start":{"line":239,"column":60},"end":{"line":239,"column":null}},"58":{"start":{"line":242,"column":8},"end":{"line":244,"column":null}},"59":{"start":{"line":243,"column":4},"end":{"line":243,"column":null}},"60":{"start":{"line":243,"column":29},"end":{"line":243,"column":58}},"61":{"start":{"line":243,"column":46},"end":{"line":243,"column":57}},"62":{"start":{"line":247,"column":8},"end":{"line":254,"column":null}},"63":{"start":{"line":248,"column":4},"end":{"line":253,"column":null}},"64":{"start":{"line":249,"column":23},"end":{"line":249,"column":null}},"65":{"start":{"line":250,"column":27},"end":{"line":250,"column":null}},"66":{"start":{"line":251,"column":26},"end":{"line":251,"column":null}},"67":{"start":{"line":252,"column":15},"end":{"line":252,"column":null}},"68":{"start":{"line":257,"column":2},"end":{"line":263,"column":null}},"69":{"start":{"line":258,"column":4},"end":{"line":262,"column":null}},"70":{"start":{"line":259,"column":6},"end":{"line":259,"column":null}},"71":{"start":{"line":261,"column":6},"end":{"line":261,"column":null}},"72":{"start":{"line":265,"column":8},"end":{"line":268,"column":null}},"73":{"start":{"line":266,"column":4},"end":{"line":266,"column":null}},"74":{"start":{"line":267,"column":4},"end":{"line":267,"column":null}},"75":{"start":{"line":271,"column":2},"end":{"line":280,"column":null}},"76":{"start":{"line":272,"column":4},"end":{"line":272,"column":null}},"77":{"start":{"line":272,"column":21},"end":{"line":272,"column":null}},"78":{"start":{"line":274,"column":25},"end":{"line":274,"column":null}},"79":{"start":{"line":276,"column":4},"end":{"line":279,"column":null}},"80":{"start":{"line":277,"column":31},"end":{"line":277,"column":null}},"81":{"start":{"line":278,"column":6},"end":{"line":278,"column":null}},"82":{"start":{"line":283,"column":2},"end":{"line":309,"column":null}},"83":{"start":{"line":284,"column":4},"end":{"line":308,"column":null}},"84":{"start":{"line":285,"column":46},"end":{"line":293,"column":null}},"85":{"start":{"line":295,"column":6},"end":{"line":295,"column":null}},"86":{"start":{"line":295,"column":31},"end":{"line":295,"column":85}},"87":{"start":{"line":296,"column":4},"end":{"line":308,"column":null}},"88":{"start":{"line":297,"column":46},"end":{"line":305,"column":null}},"89":{"start":{"line":307,"column":6},"end":{"line":307,"column":null}},"90":{"start":{"line":307,"column":31},"end":{"line":307,"column":85}},"91":{"start":{"line":311,"column":30},"end":{"line":313,"column":null}},"92":{"start":{"line":312,"column":4},"end":{"line":312,"column":null}},"93":{"start":{"line":312,"column":29},"end":{"line":312,"column":58}},"94":{"start":{"line":312,"column":46},"end":{"line":312,"column":57}},"95":{"start":{"line":315,"column":21},"end":{"line":317,"column":null}},"96":{"start":{"line":316,"column":4},"end":{"line":316,"column":null}},"97":{"start":{"line":319,"column":28},"end":{"line":332,"column":null}},"98":{"start":{"line":320,"column":4},"end":{"line":331,"column":null}},"99":{"start":{"line":322,"column":8},"end":{"line":322,"column":null}},"100":{"start":{"line":324,"column":8},"end":{"line":324,"column":null}},"101":{"start":{"line":326,"column":8},"end":{"line":326,"column":null}},"102":{"start":{"line":328,"column":8},"end":{"line":328,"column":null}},"103":{"start":{"line":330,"column":8},"end":{"line":330,"column":null}},"104":{"start":{"line":334,"column":2},"end":{"line":389,"column":null}},"105":{"start":{"line":378,"column":16},"end":{"line":383,"column":null}}},"fnMap":{"0":{"name":"(anonymous_0)","decl":{"start":{"line":38,"column":37},"end":{"line":38,"column":38}},"loc":{"start":{"line":38,"column":89},"end":{"line":95,"column":null}},"line":38},"1":{"name":"(anonymous_1)","decl":{"start":{"line":106,"column":10},"end":{"line":106,"column":11}},"loc":{"start":{"line":106,"column":59},"end":{"line":213,"column":1}},"line":106},"2":{"name":"(anonymous_2)","decl":{"start":{"line":111,"column":12},"end":{"line":111,"column":18}},"loc":{"start":{"line":111,"column":18},"end":{"line":114,"column":5}},"line":111},"3":{"name":"(anonymous_3)","decl":{"start":{"line":112,"column":29},"end":{"line":112,"column":35}},"loc":{"start":{"line":112,"column":35},"end":{"line":112,"column":55}},"line":112},"4":{"name":"(anonymous_4)","decl":{"start":{"line":113,"column":11},"end":{"line":113,"column":17}},"loc":{"start":{"line":113,"column":17},"end":{"line":113,"column":null}},"line":113},"5":{"name":"(anonymous_5)","decl":{"start":{"line":117,"column":12},"end":{"line":117,"column":18}},"loc":{"start":{"line":117,"column":18},"end":{"line":125,"column":5}},"line":117},"6":{"name":"(anonymous_6)","decl":{"start":{"line":120,"column":29},"end":{"line":120,"column":35}},"loc":{"start":{"line":120,"column":35},"end":{"line":122,"column":7}},"line":120},"7":{"name":"(anonymous_7)","decl":{"start":{"line":124,"column":11},"end":{"line":124,"column":17}},"loc":{"start":{"line":124,"column":17},"end":{"line":124,"column":null}},"line":124},"8":{"name":"(anonymous_8)","decl":{"start":{"line":127,"column":24},"end":{"line":127,"column":30}},"loc":{"start":{"line":127,"column":30},"end":{"line":132,"column":null}},"line":127},"9":{"name":"(anonymous_9)","decl":{"start":{"line":129,"column":15},"end":{"line":129,"column":21}},"loc":{"start":{"line":129,"column":21},"end":{"line":131,"column":7}},"line":129},"10":{"name":"(anonymous_10)","decl":{"start":{"line":134,"column":18},"end":{"line":134,"column":24}},"loc":{"start":{"line":134,"column":24},"end":{"line":145,"column":null}},"line":134},"11":{"name":"(anonymous_11)","decl":{"start":{"line":147,"column":28},"end":{"line":147,"column":34}},"loc":{"start":{"line":147,"column":34},"end":{"line":158,"column":null}},"line":147},"12":{"name":"(anonymous_12)","decl":{"start":{"line":221,"column":74},"end":{"line":221,"column":75}},"loc":{"start":{"line":228,"column":6},"end":{"line":391,"column":1}},"line":228},"13":{"name":"(anonymous_13)","decl":{"start":{"line":233,"column":30},"end":{"line":233,"column":37}},"loc":{"start":{"line":233,"column":37},"end":{"line":237,"column":6}},"line":233},"14":{"name":"(anonymous_14)","decl":{"start":{"line":242,"column":36},"end":{"line":242,"column":37}},"loc":{"start":{"line":242,"column":52},"end":{"line":244,"column":5}},"line":242},"15":{"name":"(anonymous_15)","decl":{"start":{"line":243,"column":21},"end":{"line":243,"column":29}},"loc":{"start":{"line":243,"column":29},"end":{"line":243,"column":58}},"line":243},"16":{"name":"(anonymous_16)","decl":{"start":{"line":243,"column":41},"end":{"line":243,"column":46}},"loc":{"start":{"line":243,"column":46},"end":{"line":243,"column":57}},"line":243},"17":{"name":"(anonymous_17)","decl":{"start":{"line":247,"column":34},"end":{"line":247,"column":40}},"loc":{"start":{"line":247,"column":40},"end":{"line":254,"column":5}},"line":247},"18":{"name":"(anonymous_18)","decl":{"start":{"line":257,"column":12},"end":{"line":257,"column":18}},"loc":{"start":{"line":257,"column":18},"end":{"line":263,"column":5}},"line":257},"19":{"name":"(anonymous_19)","decl":{"start":{"line":265,"column":44},"end":{"line":265,"column":50}},"loc":{"start":{"line":265,"column":50},"end":{"line":268,"column":5}},"line":265},"20":{"name":"(anonymous_20)","decl":{"start":{"line":271,"column":12},"end":{"line":271,"column":18}},"loc":{"start":{"line":271,"column":18},"end":{"line":280,"column":5}},"line":271},"21":{"name":"(anonymous_21)","decl":{"start":{"line":276,"column":21},"end":{"line":276,"column":29}},"loc":{"start":{"line":276,"column":29},"end":{"line":279,"column":5}},"line":276},"22":{"name":"(anonymous_22)","decl":{"start":{"line":283,"column":12},"end":{"line":283,"column":18}},"loc":{"start":{"line":283,"column":18},"end":{"line":309,"column":5}},"line":283},"23":{"name":"(anonymous_23)","decl":{"start":{"line":295,"column":23},"end":{"line":295,"column":31}},"loc":{"start":{"line":295,"column":31},"end":{"line":295,"column":85}},"line":295},"24":{"name":"(anonymous_24)","decl":{"start":{"line":307,"column":23},"end":{"line":307,"column":31}},"loc":{"start":{"line":307,"column":31},"end":{"line":307,"column":85}},"line":307},"25":{"name":"(anonymous_25)","decl":{"start":{"line":311,"column":30},"end":{"line":311,"column":31}},"loc":{"start":{"line":311,"column":46},"end":{"line":313,"column":null}},"line":311},"26":{"name":"(anonymous_26)","decl":{"start":{"line":312,"column":21},"end":{"line":312,"column":29}},"loc":{"start":{"line":312,"column":29},"end":{"line":312,"column":58}},"line":312},"27":{"name":"(anonymous_27)","decl":{"start":{"line":312,"column":41},"end":{"line":312,"column":46}},"loc":{"start":{"line":312,"column":46},"end":{"line":312,"column":57}},"line":312},"28":{"name":"(anonymous_28)","decl":{"start":{"line":315,"column":21},"end":{"line":315,"column":27}},"loc":{"start":{"line":315,"column":27},"end":{"line":317,"column":null}},"line":315},"29":{"name":"(anonymous_29)","decl":{"start":{"line":319,"column":28},"end":{"line":319,"column":34}},"loc":{"start":{"line":319,"column":34},"end":{"line":332,"column":null}},"line":319},"30":{"name":"(anonymous_30)","decl":{"start":{"line":377,"column":33},"end":{"line":377,"column":null}},"loc":{"start":{"line":378,"column":16},"end":{"line":383,"column":null}},"line":378}},"branchMap":{"0":{"loc":{"start":{"line":46,"column":2},"end":{"line":94,"column":null}},"type":"switch","locations":[{"start":{"line":47,"column":4},"end":{"line":58,"column":null}},{"start":{"line":60,"column":4},"end":{"line":83,"column":null}},{"start":{"line":85,"column":4},"end":{"line":93,"column":null}}],"line":46},"1":{"loc":{"start":{"line":53,"column":17},"end":{"line":55,"column":null}},"type":"cond-expr","locations":[{"start":{"line":54,"column":12},"end":{"line":54,"column":null}},{"start":{"line":55,"column":12},"end":{"line":55,"column":null}}],"line":53},"2":{"loc":{"start":{"line":56,"column":18},"end":{"line":56,"column":null}},"type":"cond-expr","locations":[{"start":{"line":56,"column":44},"end":{"line":56,"column":53}},{"start":{"line":56,"column":53},"end":{"line":56,"column":null}}],"line":56},"3":{"loc":{"start":{"line":57,"co
[...]
"s:339:6:339:Infinity":62,"s:346:8:352:Infinity":63,"f:346:34:346:35":10,"s:347:4:347:Infinity":64,"s:348:4:348:Infinity":65,"s:350:4:350:Infinity":66,"s:351:4:351:Infinity":67,"s:357:8:392:Infinity":68,"f:357:30:357:36":11,"b:359:4:362:Infinity:undefined:undefined:undefined:undefined":9,"s:359:4:362:Infinity":69,"s:360:6:360:Infinity":70,"s:361:6:361:Infinity":71,"b:365:4:368:Infinity:undefined:undefined:undefined:undefined":10,"s:365:4:368:Infinity":72,"b:365:8:365:Infinity:366:8:366:54":11,"s:367:6:367:Infinity":73,"s:370:4:370:Infinity":74,"s:371:4:371:Infinity":75,"s:373:4:391:Infinity":76,"s:375:23:375:Infinity":77,"b:375:63:375:72:375:72:375:Infinity":12,"s:376:20:376:Infinity":78,"s:379:6:379:Infinity":79,"s:382:6:382:Infinity":80,"s:383:6:383:Infinity":81,"s:384:6:384:Infinity":82,"s:385:6:385:Infinity":83,"s:388:6:388:Infinity":84,"s:389:6:389:Infinity":85,"s:390:6:390:Infinity":86,"s:397:8:408:Infinity":87,"f:397:33:397:39":12,"s:398:4:398:Infinity":88,"s:399:4:399:Infinity":89,"b:401:4:404:Infinity:undefined:undefined:undefined:undefined":13,"s:401:4:404:Infinity":90,"s:402:6:402:Infinity":91,"s:403:6:403:Infinity":92,"s:406:4:406:Infinity":93,"s:407:4:407:Infinity":94,"s:413:8:426:Infinity":95,"f:413:34:413:35":13,"b:414:4:422:Infinity:undefined:undefined:undefined:undefined":14,"s:414:4:422:Infinity":96,"s:415:6:421:Infinity":97,"s:416:8:416:Infinity":98,"s:417:8:417:Infinity":99,"s:419:8:419:Infinity":100,"s:420:8:420:Infinity":101,"s:424:4:424:Infinity":102,"s:425:4:425:Infinity":103,"s:431:8:433:Infinity":104,"f:431:38:431:39":14,"s:432:4:432:Infinity":105,"s:438:8:440:Infinity":106,"f:438:42:438:43":15,"s:439:4:439:Infinity":107,"s:445:8:447:Infinity":108,"f:445:43:445:44":16,"s:446:4:446:Infinity":109,"s:452:8:454:Infinity":110,"f:452:47:452:48":17,"s:453:4:453:Infinity":111,"s:457:2:465:Infinity":112,"f:457:12:457:18":18,"b:458:4:460:Infinity:undefined:undefined:undefined:undefined":15,"s:458:4:460:Infinity":113,"b:458:8:458:16:458:16:458:43":16,"s:459:6:459:Infinity":114,"s:462:4:464:Infinity":115,"f:462:11:462:17":19,"s:463:6:463:Infinity":116,"s:468:2:475:Infinity":117,"f:468:12:468:18":20,"s:469:4:474:Infinity":118,"f:469:11:469:17":21,"s:470:6:470:Infinity":119,"b:471:6:473:Infinity:undefined:undefined:undefined:undefined":17,"s:471:6:473:Infinity":120,"s:472:8:472:Infinity":121,"s:477:2:490:Infinity":122}}}
,"/Users/myles/Desktop/SportsCenterHome1/client/src/lib/csrf.ts": {"path":"/Users/myles/Desktop/SportsCenterHome1/client/src/lib/csrf.ts","statementMap":{"0":{"start":{"line":1,"column":31},"end":{"line":1,"column":null}},"1":{"start":{"line":4,"column":2},"end":{"line":7,"column":null}},"2":{"start":{"line":5,"column":18},"end":{"line":5,"column":null}},"3":{"start":{"line":6,"column":4},"end":{"line":6,"column":null}},"4":{"start":{"line":11,"column":14},"end":{"line":11,"column":null}},"5":{"start":{"line":12,"column":2},"end":{"line":12,"column":null}},"6":{"start":{"line":13,"column":22},"end":{"line":13,"column":null}},"7":{"start":{"line":14,"column":15},"end":{"line":14,"column":null}},"8":{"start":{"line":14,"column":45},"end":{"line":14,"column":48}},"9":{"start":{"line":15,"column":2},"end":{"line":15,"column":null}},"10":{"start":{"line":16,"column":2},"end":{"line":16,"column":null}},"11":{"start":{"line":16,"column":18},"end":{"line":16,"column":null}},"12":{"start":{"line":17,"column":2},"end":{"line":17,"column":null}},"13":{"start":{"line":21,"column":2},"end":{"line":21,"column":null}},"14":{"start":{"line":25,"column":2},"end":{"line":25,"column":null}},"15":{"start":{"line":25,"column":17},"end":{"line":25,"column":null}},"16":{"start":{"line":26,"column":2},"end":{"line":26,"column":null}},"17":{"start":{"line":30,"column":2},"end":{"line":30,"column":null}}},"fnMap":{"0":{"name":"throwIfResNotOk","decl":{"start":{"line":3,"column":15},"end":{"line":3,"column":31}},"loc":{"start":{"line":3,"column":46},"end":{"line":8,"column":null}},"line":3},"1":{"name":"fetchCsrf","decl":{"start":{"line":10,"column":22},"end":{"line":10,"column":51}},"loc":{"start":{"line":10,"column":51},"end":{"line":18,"column":null}},"line":10},"2":{"name":"(anonymous_2)","decl":{"start":{"line":14,"column":38},"end":{"line":14,"column":45}},"loc":{"start":{"line":14,"column":45},"end":{"line":14,"column":48}},"line":14},"3":{"name":"getCsrfToken","decl":{"start":{"line":20,"column":16},"end":{"line":20,"column":46}},"loc":{"start":{"line":20,"column":46},"end":{"line":22,"column":null}},"line":20},"4":{"name":"ensureCsrf","decl":{"start":{"line":24,"column":22},"end":{"line":24,"column":52}},"loc":{"start":{"line":24,"column":52},"end":{"line":27,"column":null}},"line":24},"5":{"name":"clearCsrf","decl":{"start":{"line":29,"column":16},"end":{"line":29,"column":34}},"loc":{"start":{"line":29,"column":34},"end":{"line":31,"column":null}},"line":29}},"branchMap":{"0":{"loc":{"start":{"line":4,"column":2},"end":{"line":7,"column":null}},"type":"if","locations":[{"start":{"line":4,"column":2},"end":{"line":7,"column":null}},{"start":{},"end":{}}],"line":4},"1":{"loc":{"start":{"line":5,"column":18},"end":{"line":5,"column":null}},"type":"binary-expr","locations":[{"start":{"line":5,"column":18},"end":{"line":5,"column":39}},{"start":{"line":5,"column":39},"end":{"line":5,"column":null}}],"line":5},"2":{"loc":{"start":{"line":15,"column":14},"end":{"line":15,"column":null}},"type":"binary-expr","locations":[{"start":{"line":15,"column":14},"end":{"line":15,"column":29}},{"start":{"line":15,"column":29},"end":{"line":15,"column":48}},{"start":{"line":15,"column":48},"end":{"line":15,"column":null}}],"line":15},"3":{"loc":{"start":{"line":16,"column":2},"end":{"line":16,"column":null}},"type":"if","locations":[{"start":{"line":16,"column":2},"end":{"line":16,"column":null}},{"start":{},"end":{}}],"line":16},"4":{"loc":{"start":{"line":25,"column":2},"end":{"line":25,"column":null}},"type":"if","locations":[{"start":{"line":25,"column":2},"end":{"line":25,"column":null}},{"start":{},"end":{}}],"line":25}},"s":{"0":0,"1":0,"2":0,"3":0,"4":0,"5":0,"6":0,"7":0,"8":0,"9":0,"10":0,"11":0,"12":0,"13":0,"14":0,"15":0,"16":0,"17":0},"f":{"0":0,"1":0,"2":0,"3":0,"4":0,"5":0},"b":{"0":[0,0],"1":[0,0],"2":[0,0,0],"3":[0,0],"4":[0,0]},"meta":{"lastBranch":5,"lastFunction":6,"lastStatement":18,"seen":{"s:1:31:1:Infinity":0,"f:3:15:3:31":0,"b:4:2:7:Infinity:undefined:undefined:undefined:undefined":0,"s:4:2:7:Infinity":1,"s:5:18:5:Infinity":2,"b:5:18:5:39:5:39:5:Infinity":1,"s:6:4:6:Infinity":3,"f:10:22:10:51":1,"s:11:14:11:Infinity":4,"s:12:2:12:Infinity":5,"s:13:22:13:Infinity":6,"s:14:15:14:Infinity":7,"f:14:38:14:45":2,"s:14:45:14:48":8,"s:15:2:15:Infinity":9,"b:15:14:15:29:15:29:15:48:15:48:15:Infinity":2,"b:16:2:16:Infinity:undefined:undefined:undefined:undefined":3,"s:16:2:16:Infinity":10,"s:16:18:16:Infinity":11,"s:17:2:17:Infinity":12,"f:20:16:20:46":3,"s:21:2:21:Infinity":13,"f:24:22:24:52":4,"b:25:2:25:Infinity:undefined:undefined:undefined:undefined":4,"s:25:2:25:Infinity":14,"s:25:17:25:Infinity":15,"s:26:2:26:Infinity":16,"f:29:16:29:34":5,"s:30:2:30:Infinity":17}}}
,"/Users/myles/Desktop/SportsCenterHome1/client/src/lib/firebase.ts": {"path":"/Users/myles/Desktop/SportsCenterHome1/client/src/lib/firebase.ts","statementMap":{"0":{"start":{"line":7,"column":24},"end":{"line":11,"column":null}},"1":{"start":{"line":13,"column":0},"end":{"line":17,"column":null}},"2":{"start":{"line":14,"column":2},"end":{"line":16,"column":null}},"3":{"start":{"line":15,"column":4},"end":{"line":15,"column":null}},"4":{"start":{"line":19,"column":23},"end":{"line":25,"column":null}},"5":{"start":{"line":30,"column":6},"end":{"line":30,"column":null}},"6":{"start":{"line":32,"column":13},"end":{"line":32,"column":null}}},"fnMap":{},"branchMap":{"0":{"loc":{"start":{"line":14,"column":2},"end":{"line":16,"column":null}},"type":"if","locations":[{"start":{"line":14,"column":2},"end":{"line":16,"column":null}},{"start":{},"end":{}}],"line":14},"1":{"loc":{"start":{"line":30,"column":6},"end":{"line":30,"column":null}},"type":"cond-expr","locations":[{"start":{"line":30,"column":33},"end":{"line":30,"column":69}},{"start":{"line":30,"column":65},"end":{"line":30,"column":null}}],"line":30}},"s":{"0":0,"1":0,"2":0,"3":0,"4":0,"5":0,"6":0},"f":{},"b":{"0":[0,0],"1":[0,0]},"meta":{"lastBranch":2,"lastFunction":0,"lastStatement":7,"seen":{"s:7:24:11:Infinity":0,"s:13:0:17:Infinity":1,"b:14:2:16:Infinity:undefined:undefined:undefined:undefined":0,"s:14:2:16:Infinity":2,"s:15:4:15:Infinity":3,"s:19:23:25:Infinity":4,"s:30:6:30:Infinity":5,"b:30:33:30:69:30:65:30:Infinity":1,"s:32:13:32:Infinity":6}}}
,"/Users/myles/Desktop/SportsCenterHome1/client/src/lib/queryClient.ts": {"path":"/Users/myles/Desktop/SportsCenterHome1/client/src/lib/queryClient.ts","statementMap":{"0":{"start":{"line":5,"column":2},"end":{"line":8,"column":null}},"1":{"start":{"line":6,"column":18},"end":{"line":6,"column":null}},"2":{"start":{"line":7,"column":4},"end":{"line":7,"column":null}},"3":{"start":{"line":17,"column":21},"end":{"line":17,"column":null}},"4":{"start":{"line":18,"column":16},"end":{"line":18,"column":null}},"5":{"start":{"line":19,"column":17},"end":{"line":19,"column":null}},"6":{"start":{"line":20,"column":2},"end":{"line":25,"column":null}},"7":{"start":{"line":21,"column":17},"end":{"line":21,"column":null}},"8":{"start":{"line":22,"column":4},"end":{"line":22,"column":null}},"9":{"start":{"line":24,"column":4},"end":{"line":24,"column":null}},"10":{"start":{"line":26,"column":25},"end":{"line":26,"column":null}},"11":{"start":{"line":27,"column":20},"end":{"line":27,"column":null}},"12":{"start":{"line":28,"column":2},"end":{"line":30,"column":null}},"13":{"start":{"line":29,"column":4},"end":{"line":29,"column":null}},"14":{"start":{"line":32,"column":42},"end":{"line":32,"column":null}},"15":{"start":{"line":33,"column":2},"end":{"line":33,"column":null}},"16":{"start":{"line":33,"column":12},"end":{"line":33,"column":null}},"17":{"start":{"line":34,"column":8},"end":{"line":34,"column":null}},"18":{"start":{"line":35,"column":2},"end":{"line":35,"column":null}},"19":{"start":{"line":35,"column":26},"end":{"line":35,"column":null}},"20":{"start":{"line":38,"column":18},"end":{"line":44,"column":null}},"21":{"start":{"line":39,"column":4},"end":{"line":44,"column":null}},"22":{"start":{"line":46,"column":12},"end":{"line":46,"column":null}},"23":{"start":{"line":47,"column":2},"end":{"line":59,"column":null}},"24":{"start":{"line":48,"column":4},"end":{"line":58,"column":null}},"25":{"start":{"line":50,"column":6},"end":{"line":50,"column":null}},"26":{"start":{"line":51,"column":12},"end":{"line":51,"column":null}},"27":{"start":{"line":52,"column":6},"end":{"line":54,"column":null}},"28":{"start":{"line":53,"column":8},"end":{"line":53,"column":null}},"29":{"start":{"line":55,"column":6},"end":{"line":55,"column":null}},"30":{"start":{"line":61,"column":2},"end":{"line":61,"column":null}},"31":{"start":{"line":62,"column":2},"end":{"line":62,"column":null}},"32":{"start":{"line":69,"column":2},"end":{"line":81,"column":null}},"33":{"start":{"line":70,"column":2},"end":{"line":81,"column":null}},"34":{"start":{"line":71,"column":16},"end":{"line":73,"column":null}},"35":{"start":{"line":75,"column":4},"end":{"line":77,"column":null}},"36":{"start":{"line":76,"column":6},"end":{"line":76,"column":null}},"37":{"start":{"line":79,"column":4},"end":{"line":79,"column":null}},"38":{"start":{"line":80,"column":4},"end":{"line":80,"column":null}},"39":{"start":{"line":83,"column":27},"end":{"line":96,"column":null}}},"fnMap":{"0":{"name":"throwIfResNotOk","decl":{"start":{"line":4,"column":15},"end":{"line":4,"column":31}},"loc":{"start":{"line":4,"column":46},"end":{"line":9,"column":null}},"line":4},"1":{"name":"apiRequest","decl":{"start":{"line":11,"column":22},"end":{"line":11,"column":null}},"loc":{"start":{"line":15,"column":21},"end":{"line":63,"column":null}},"line":15},"2":{"name":"(anonymous_2)","decl":{"start":{"line":38,"column":18},"end":{"line":38,"column":null}},"loc":{"start":{"line":39,"column":4},"end":{"line":44,"column":null}},"line":39},"3":{"name":"(anonymous_3)","decl":{"start":{"line":69,"column":2},"end":{"line":69,"column":3}},"loc":{"start":{"line":70,"column":2},"end":{"line":81,"column":null}},"line":70},"4":{"name":"(anonymous_4)","decl":{"start":{"line":70,"column":2},"end":{"line":70,"column":9}},"loc":{"start":{"line":70,"column":26},"end":{"line":81,"column":null}},"line":70}},"branchMap":{"0":{"loc":{"start":{"line":5,"column":2},"end":{"line":8,"column":null}},"type":"if","locations":[{"start":{"line":5,"column":2},"end":{"line":8,"column":null}},{"start":{},"end":{}}],"line":5},"1":{"loc":{"start":{"line":6,"column":18},"end":{"line":6,"column":null}},"type":"binary-expr","locations":[{"start":{"line":6,"column":18},"end":{"line":6,"column":39}},{"start":{"line":6,"column":39},"end":{"line":6,"column":null}}],"line":6},"2":{"loc":{"start":{"line":18,"column":16},"end":{"line":18,"column":null}},"type":"binary-expr","locations":[{"start":{"line":18,"column":16},"end":{"line":18,"column":55}},{"start":{"line":18,"column":55},"end":{"line":18,"column":null}}],"line":18},"3":{"loc":{"start":{"line":21,"column":17},"end":{"line":21,"column":null}},"type":"cond-expr","locations":[{"start":{"line":21,"column":76},"end":{"line":21,"column":101}},{"start":{"line":21,"column":101},"end":{"line":21,"column":null}}],"line":21},"4":{"loc":{"start":{"line":21,"column":17},"end":{"line":21,"column":76}},"type":"binary-expr","locations":[{"start":{"line":21,"column":17},"end":{"line":21,"column":50}},{"start":{"line":21,"column":50},"end":{"line":21,"column":76}}],"line":21},"5":{"loc":{"start":{"line":24,"column":15},"end":{"line":24,"column":null}},"type":"cond-expr","locations":[{"start":{"line":24,"column":41},"end":{"line":24,"column":47}},{"start":{"line":24,"column":47},"end":{"line":24,"column":null}}],"line":24},"6":{"loc":{"start":{"line":26,"column":25},"end":{"line":26,"column":null}},"type":"binary-expr","locations":[{"start":{"line":26,"column":25},"end":{"line":26,"column":57}},{"start":{"line":26,"column":57},"end":{"line":26,"column":null}}],"line":26},"7":{"loc":{"start":{"line":27,"column":20},"end":{"line":27,"column":null}},"type":"binary-expr","locations":[{"start":{"line":27,"column":20},"end":{"line":27,"column":34}},{"start":{"line":27,"column":34},"end":{"line":27,"column":null}}],"line":27},"8":{"loc":{"start":{"line":27,"column":36},"end":{"line":27,"column":null}},"type":"binary-expr","locations":[{"start":{"line":27,"column":36},"end":{"line":27,"column":45}},{"start":{"line":27,"column":45},"end":{"line":27,"column":null}}],"line":27},"9":{"loc":{"start":{"line":28,"column":2},"end":{"line":30,"column":null}},"type":"if","locations":[{"start":{"line":28,"column":2},"end":{"line":30,"column":null}},{"start":{},"end":{}}],"line":28},"10":{"loc":{"start":{"line":33,"column":2},"end":{"line":33,"column":null}},"type":"if","locations":[{"start":{"line":33,"column":2},"end":{"line":33,"column":null}},{"start":{},"end":{}}],"line":33},"11":{"loc":{"start":{"line":35,"column":2},"end":{"line":35,"column":null}},"type":"if","locations":[{"start":{"line":35,"column":2},"end":{"line":35,"column":null}},{"start":{},"end":{}}],"line":35},"12":{"loc":{"start":{"line":35,"column":6},"end":{"line":35,"column":26}},"type":"binary-expr","locations":[{"start":{"line":35,"column":6},"end":{"line":35,"column":19}},{"start":{"line":35,"column":19},"end":{"line":35,"column":26}}],"line":35},"13":{"loc":{"start":{"line":42,"column":12},"end":{"line":42,"column":null}},"type":"cond-expr","locations":[{"start":{"line":42,"column":19},"end":{"line":42,"column":42}},{"start":{"line":42,"column":42},"end":{"line":42,"column":null}}],"line":42},"14":{"loc":{"start":{"line":47,"column":2},"end":{"line":59,"column":null}},"type":"if","locations":[{"start":{"line":47,"column":2},"end":{"line":59,"column":null}},{"start":{},"end":{}}],"line":47},"15":{"loc":{"start":{"line":47,"column":6},"end":{"line":47,"column":39}},"type":"binary-expr","locations":[{"start":{"line":47,"column":6},"end":{"line":47,"column":19}},{"start":{"line":47,"column":19},"end":{"line":47,"column":39}}],"line":47},"16":{"loc":{"start":{"line":52,"column":6},"end":{"line":54,"column":null}},"type":"if","locations":[{"start":{"line":52,"column":6},"end":{"line":54,"column":null}},{"start":{},"end":{}}],"line":52},"17":{"loc":{"start":{"line":75,"column":4},"end":{"line":77,"column":null}},"type":"if","locations":[{"start":{"line":75,"column":4},"end":{"line":77,"column":null}},{"start":{},"end":{}}],"line":75},"18":{"loc":{"start":{"line":75,"column":8},"end":{"line":75,"column":69}},"type":"binary-expr","locations":[{"start":{"line":75,"column":8},"end":{"line":75,"column":49}},{"start":{"line":75,"column":49},"end":{"line":75,"column":69}}],"line":75}},"s":{"0":0,"1":0,"2":0,"3":0,"4":0,"5":0,"6":0,"7":0,"8":0,"9":0,"10":0,"11":0,"12":0,"13":0,"14":0,"15":0,"16":0,"17":0,"18":0,"19":0,"20":0,"21":0,"22":0,"23":0,"24":0,"25":0,"26":0,"27":0,"28":0,"29":0,"30":0,"31":0,"32":0,"33":0,"34":0,"35":0,"36":0,"37":0,"38":0,"39":0},"f":{"0":0,"1":0,"2":0,"3":0,"4":0},"b":{"0":[0,0],"1":[0,0],"2":[0,0],"3":[0,0],"4":[0,0],"5":[0,0],"6":[0,0],"7":[0,0],"8":[0,0],"9":[0,0],"10":[0,0],"11":[0,0],"12":[0,0],"13":[0,0],"14":[0,0],"15":[0,0],"16":[0,0],"17":[0,0],"18":[0,0]},"meta":{"lastBranch":19,"lastFunction":5,"lastStatement":40,"seen":{"f:4:15:4:31":0,"b:5:2:8:Infinity:undefined:undefined:undefined:undefined":0,"s:5:2:8:Infinity":0,"s:6:18:6:Infinity":1,"b:6:18:6:39:6:39:6:Infinity":1,"s:7:4:7:Infinity":2,"f:11:22:11:Infinity":1,"s:17:21:17:Infinity":3,"s:18:16:18:Infinity":4,"b:18:16:18:55:18:55:18:Infinity":2,"s:19:17:19:Infinity":5,"s:20:2:25:Infinity":6,"s:21:17:21:Infinity":7,"b:21:76:21:101:21:101:21:Infinity":3,"b:21:17:21:50:21:50:21:76":4,"s:22:4:22:Infinity":8,"s:24:4:24:Infinity":9,"b:24:41:24:47:24:47:24:Infinity":5,"s:26:25:26:Infinity":10,"b:26:25:26:57:26:57:26:Infinity":6,"s:27:20:27:Infinity":11,"b:27:20:27:34:27:34:27:Infinity":7,"b:27:36:27:45:27:45:27:Infinity":8,"b:28:2:30:Infinity:undefined:undefined:undefined:undefined":9,"s:28:2:30:Infinity":12,"s:29:4:29:Infinity":13,"s:32:42:32:Infinity":14,"b:33:2:33:Infinity:undefined:undefined:undefined:undefined":10,"s:33:2:33:Infinity":15,"s:33:12:33:Infinity":16,"s:34:8:34:Infinity":17,"b:35:2:35:Infinity:undefined:undefined:undefined:undefined":11,"s:35:2:35:Infinity":18,"b:35:6:35:19:35:19:35:26":12,"s:35:26:35:Infinity":19,"s:38:18:44:Infinity":20,"f:38:18:38:Infinity":2,"s:39:4:44:Infinity":21,"b:42:19:42:42:42:42:42:Infinity":13,"s:46:12:46:Infinity":22,"b:47:2:59:Infinity:undefined:undefined:undefined:undefined":14,"s:47:2:59:Infinity":23,"b:47:6:47:19:47:19:47:39":15,"s:48:4:58:Infinity":24,"s:50:6:50:Infinity":25,"s:51:12:51:Infinity":26,"b:52:6:54:Infinity:undefined:undefined:undefined:undefined":16,"s:52:6:54:Infinity":27,"s:53:8:53:Infinity":28,"s:55:6:55:Infinity":29,"s:61:2:61:Infinity":30,"s:62:2:62:Infinity":31,"s:69:2:81:Infinity":32,"f:69:2:69:3":3,"s:70:2:81:Infinity":33,"f:70:2:70:9":4,"s:71:16:73:Infinity":34,"b:75:4:77:Infinity:undefined:undefined:undefined:undefined":17,"s:75:4:77:Infinity":35,"b:75:8:75:49:75:49:75:69":18,"s:76:6:76:Infinity":36,"s:79:4:79:Infinity":37,"s:80:4:80:Infinity":38,"s:83:27:96:Infinity":39}}}
,"/Users/myles/Desktop/SportsCenterHome1/client/src/lib/utils.ts": {"path":"/Users/myles/Desktop/SportsCenterHome1/client/src/lib/utils.ts","statementMap":{"0":{"start":{"line":5,"column":2},"end":{"line":5,"column":null}}},"fnMap":{"0":{"name":"cn","decl":{"start":{"line":4,"column":16},"end":{"line":4,"column":22}},"loc":{"start":{"line":4,"column":44},"end":{"line":6,"column":null}},"line":4}},"branchMap":{},"s":{"0":0},"f":{"0":0},"b":{},"meta":{"lastBranch":0,"lastFunction":1,"lastStatement":1,"seen":{"f:4:16:4:22":0,"s:5:2:5:Infinity":0}}}
}
