{"/Users/newmac/Downloads/SportsCenterHome1/server/agents/adapters/dummyScoreSource.ts": {"path":"/Users/newmac/Downloads/SportsCenterHome1/server/agents/adapters/dummyScoreSource.ts","statementMap":{"0":{"start":{"line":7,"column":20},"end":{"line":7,"column":null}},"1":{"start":{"line":8,"column":18},"end":{"line":8,"column":null}},"2":{"start":{"line":9,"column":30},"end":{"line":9,"column":null}},"3":{"start":{"line":10,"column":16},"end":{"line":10,"column":null}},"4":{"start":{"line":12,"column":4},"end":{"line":29,"column":null}},"5":{"start":{"line":12,"column":17},"end":{"line":12,"column":20}},"6":{"start":{"line":13,"column":19},"end":{"line":13,"column":null}},"7":{"start":{"line":14,"column":19},"end":{"line":14,"column":null}},"8":{"start":{"line":15,"column":6},"end":{"line":15,"column":null}},"9":{"start":{"line":15,"column":43},"end":{"line":15,"column":null}},"10":{"start":{"line":16,"column":17},"end":{"line":16,"column":null}},"11":{"start":{"line":17,"column":6},"end":{"line":28,"column":null}},"12":{"start":{"line":31,"column":4},"end":{"line":31,"column":null}},"13":{"start":{"line":35,"column":16},"end":{"line":35,"column":null}},"14":{"start":{"line":36,"column":33},"end":{"line":36,"column":null}},"15":{"start":{"line":37,"column":4},"end":{"line":55,"column":null}},"16":{"start":{"line":37,"column":17},"end":{"line":37,"column":20}},"17":{"start":{"line":38,"column":23},"end":{"line":38,"column":null}},"18":{"start":{"line":39,"column":23},"end":{"line":39,"column":null}},"19":{"start":{"line":40,"column":6},"end":{"line":40,"column":null}},"20":{"start":{"line":40,"column":59},"end":{"line":40,"column":null}},"21":{"start":{"line":41,"column":25},"end":{"line":41,"column":null}},"22":{"start":{"line":42,"column":25},"end":{"line":42,"column":null}},"23":{"start":{"line":43,"column":6},"end":{"line":54,"column":null}},"24":{"start":{"line":56,"column":4},"end":{"line":56,"column":null}},"25":{"start":{"line":60,"column":36},"end":{"line":60,"column":null}},"26":{"start":{"line":61,"column":20},"end":{"line":61,"column":null}},"27":{"start":{"line":62,"column":4},"end":{"line":78,"column":null}},"28":{"start":{"line":62,"column":17},"end":{"line":62,"column":20}},"29":{"start":{"line":63,"column":23},"end":{"line":63,"column":null}},"30":{"start":{"line":64,"column":23},"end":{"line":64,"column":null}},"31":{"start":{"line":65,"column":6},"end":{"line":65,"column":null}},"32":{"start":{"line":65,"column":59},"end":{"line":65,"column":null}},"33":{"start":{"line":66,"column":25},"end":{"line":66,"column":null}},"34":{"start":{"line":67,"column":25},"end":{"line":67,"column":null}},"35":{"start":{"line":68,"column":24},"end":{"line":68,"column":null}},"36":{"start":{"line":69,"column":6},"end":{"line":69,"column":null}},"37":{"start":{"line":69,"column":31},"end":{"line":69,"column":null}},"38":{"start":{"line":70,"column":6},"end":{"line":77,"column":null}},"39":{"start":{"line":79,"column":4},"end":{"line":79,"column":null}},"40":{"start":{"line":83,"column":18},"end":{"line":83,"column":null}},"41":{"start":{"line":84,"column":16},"end":{"line":84,"column":null}},"42":{"start":{"line":85,"column":18},"end":{"line":85,"column":null}},"43":{"start":{"line":86,"column":36},"end":{"line":86,"column":null}},"44":{"start":{"line":87,"column":4},"end":{"line":101,"column":null}},"45":{"start":{"line":87,"column":17},"end":{"line":87,"column":20}},"46":{"start":{"line":88,"column":23},"end":{"line":88,"column":null}},"47":{"start":{"line":89,"column":23},"end":{"line":89,"column":null}},"48":{"start":{"line":90,"column":25},"end":{"line":90,"column":null}},"49":{"start":{"line":91,"column":25},"end":{"line":91,"column":null}},"50":{"start":{"line":92,"column":24},"end":{"line":92,"column":null}},"51":{"start":{"line":93,"column":6},"end":{"line":100,"column":null}},"52":{"start":{"line":102,"column":4},"end":{"line":102,"column":null}}},"fnMap":{"0":{"name":"(anonymous_0)","decl":{"start":{"line":6,"column":8},"end":{"line":6,"column":25}},"loc":{"start":{"line":6,"column":97},"end":{"line":32,"column":null}},"line":6},"1":{"name":"(anonymous_1)","decl":{"start":{"line":34,"column":8},"end":{"line":34,"column":18}},"loc":{"start":{"line":34,"column":61},"end":{"line":57,"column":null}},"line":34},"2":{"name":"(anonymous_2)","decl":{"start":{"line":59,"column":8},"end":{"line":59,"column":22}},"loc":{"start":{"line":59,"column":100},"end":{"line":80,"column":null}},"line":59},"3":{"name":"(anonymous_3)","decl":{"start":{"line":82,"column":8},"end":{"line":82,"column":27}},"loc":{"start":{"line":82,"column":82},"end":{"line":103,"column":null}},"line":82}},"branchMap":{"0":{"loc":{"start":{"line":7,"column":20},"end":{"line":7,"column":null}},"type":"binary-expr","locations":[{"start":{"line":7,"column":20},"end":{"line":7,"column":39}},{"start":{"line":7,"column":39},"end":{"line":7,"column":null}}],"line":7},"1":{"loc":{"start":{"line":8,"column":18},"end":{"line":8,"column":null}},"type":"binary-expr","locations":[{"start":{"line":8,"column":18},"end":{"line":8,"column":35}},{"start":{"line":8,"column":35},"end":{"line":8,"column":null}}],"line":8},"2":{"loc":{"start":{"line":15,"column":6},"end":{"line":15,"column":null}},"type":"if","locations":[{"start":{"line":15,"column":6},"end":{"line":15,"column":null}},{"start":{},"end":{}}],"line":15},"3":{"loc":{"start":{"line":15,"column":10},"end":{"line":15,"column":43}},"type":"binary-expr","locations":[{"start":{"line":15,"column":10},"end":{"line":15,"column":19}},{"start":{"line":15,"column":19},"end":{"line":15,"column":28}},{"start":{"line":15,"column":28},"end":{"line":15,"column":43}}],"line":15},"4":{"loc":{"start":{"line":39,"column":23},"end":{"line":39,"column":null}},"type":"binary-expr","locations":[{"start":{"line":39,"column":23},"end":{"line":39,"column":43}},{"start":{"line":39,"column":43},"end":{"line":39,"column":null}}],"line":39},"5":{"loc":{"start":{"line":40,"column":6},"end":{"line":40,"column":null}},"type":"if","locations":[{"start":{"line":40,"column":6},"end":{"line":40,"column":null}},{"start":{},"end":{}}],"line":40},"6":{"loc":{"start":{"line":40,"column":10},"end":{"line":40,"column":59}},"type":"binary-expr","locations":[{"start":{"line":40,"column":10},"end":{"line":40,"column":23}},{"start":{"line":40,"column":23},"end":{"line":40,"column":36}},{"start":{"line":40,"column":36},"end":{"line":40,"column":59}}],"line":40},"7":{"loc":{"start":{"line":64,"column":23},"end":{"line":64,"column":null}},"type":"binary-expr","locations":[{"start":{"line":64,"column":23},"end":{"line":64,"column":43}},{"start":{"line":64,"column":43},"end":{"line":64,"column":null}}],"line":64},"8":{"loc":{"start":{"line":65,"column":6},"end":{"line":65,"column":null}},"type":"if","locations":[{"start":{"line":65,"column":6},"end":{"line":65,"column":null}},{"start":{},"end":{}}],"line":65},"9":{"loc":{"start":{"line":65,"column":10},"end":{"line":65,"column":59}},"type":"binary-expr","locations":[{"start":{"line":65,"column":10},"end":{"line":65,"column":23}},{"start":{"line":65,"column":23},"end":{"line":65,"column":36}},{"start":{"line":65,"column":36},"end":{"line":65,"column":59}}],"line":65},"10":{"loc":{"start":{"line":69,"column":6},"end":{"line":69,"column":null}},"type":"if","locations":[{"start":{"line":69,"column":6},"end":{"line":69,"column":null}},{"start":{},"end":{}}],"line":69}},"s":{"0":0,"1":0,"2":0,"3":0,"4":0,"5":0,"6":0,"7":0,"8":0,"9":0,"10":0,"11":0,"12":0,"13":0,"14":0,"15":0,"16":0,"17":0,"18":0,"19":0,"20":0,"21":0,"22":0,"23":0,"24":0,"25":0,"26":0,"27":0,"28":0,"29":0,"30":0,"31":0,"32":0,"33":0,"34":0,"35":0,"36":0,"37":0,"38":0,"39":0,"40":0,"41":0,"42":0,"43":0,"44":0,"45":0,"46":0,"47":0,"48":0,"49":0,"50":0,"51":0,"52":0},"f":{"0":0,"1":0,"2":0,"3":0},"b":{"0":[0,0],"1":[0,0],"2":[0,0],"3":[0,0,0],"4":[0,0],"5":[0,0],"6":[0,0,0],"7":[0,0],"8":[0,0],"9":[0,0,0],"10":[0,0]},"meta":{"lastBranch":11,"lastFunction":4,"lastStatement":53,"seen":{"f:6:8:6:25":0,"s:7:20:7:Infinity":0,"b:7:20:7:39:7:39:7:Infinity":0,"s:8:18:8:Infinity":1,"b:8:18:8:35:8:35:8:Infinity":1,"s:9:30:9:Infinity":2,"s:10:16:10:Infinity":3,"s:12:4:29:Infinity":4,"s:12:17:12:20":5,"s:13:19:13:Infinity":6,"s:14:19:14:Infinity":7,"b:15:6:15:Infinity:undefined:undefined:undefined:undefined":2,"s:15:6:15:Infinity":8,"b:15:10:15:19:15:19:15:28:15:28:15:43":3,"s:15:43:15:Infinity":9,"s:16:17:16:Infinity":10,"s:17:6:28:Infinity":11,"s:31:4:31:Infinity":12,"f:34:8:34:18":1,"s:35:16:35:Infinity":13,"s:36:33:36:Infinity":14,"s:37:4:55:Infinity":15,"s:37:17:37:20":16,"s:38:23:38:Infinity":17,"s:39:23:39:Infinity":18,"b:39:23:39:43:39:43:39:Infinity":4,"b:40:6:40:Infinity:undefined:undefined:undefined:undefined":5,"s:40:6:40:Infinity":19,"b:40:10:40:23:40:23:40:36:40:36:40:59":6,"s:40:59:40:Infinity":20,"s:41:25:41:Infinity":21,"s:42:25:42:Infinity":22,"s:43:6:54:Infinity":23,"s:56:4:56:Infinity":24,"f:59:8:59:22":2,"s:60:36:60:Infinity":25,"s:61:20:61:Infinity":26,"s:62:4:78:Infinity":27,"s:62:17:62:20":28,"s:63:23:63:Infinity":29,"s:64:23:64:Infinity":30,"b:64:23:64:43:64:43:64:Infinity":7,"b:65:6:65:Infinity:undefined:undefined:undefined:undefined":8,"s:65:6:65:Infinity":31,"b:65:10:65:23:65:23:65:36:65:36:65:59":9,"s:65:59:65:Infinity":32,"s:66:25:66:Infinity":33,"s:67:25:67:Infinity":34,"s:68:24:68:Infinity":35,"b:69:6:69:Infinity:undefined:undefined:undefined:undefined":10,"s:69:6:69:Infinity":36,"s:69:31:69:Infinity":37,"s:70:6:77:Infinity":38,"s:79:4:79:Infinity":39,"f:82:8:82:27":3,"s:83:18:83:Infinity":40,"s:84:16:84:Infinity":41,"s:85:18:85:Infinity":42,"s:86:36:86:Infinity":43,"s:87:4:101:Infinity":44,"s:87:17:87:20":45,"s:88:23:88:Infinity":46,"s:89:23:89:Infinity":47,"s:90:25:90:Infinity":48,"s:91:25:91:Infinity":49,"s:92:24:92:Infinity":50,"s:93:6:100:Infinity":51,"s:102:4:102:Infinity":52}}}
,"/Users/newmac/Downloads/SportsCenterHome1/server/agents/adapters/index.ts": {"path":"/Users/newmac/Downloads/SportsCenterHome1/server/agents/adapters/index.ts","statementMap":{},"fnMap":{},"branchMap":{},"s":{},"f":{},"b":{},"meta":{"lastBranch":0,"lastFunction":0,"lastStatement":0,"seen":{}}}
,"/Users/newmac/Downloads/SportsCenterHome1/server/agents/adapters/mlbAdapter.ts": {"path":"/Users/newmac/Downloads/SportsCenterHome1/server/agents/adapters/mlbAdapter.ts","statementMap":{"0":{"start":{"line":23,"column":2},"end":{"line":23,"column":null}},"1":{"start":{"line":24,"column":2},"end":{"line":29,"column":null}},"2":{"start":{"line":38,"column":4},"end":{"line":38,"column":null}},"3":{"start":{"line":40,"column":4},"end":{"line":60,"column":null}},"4":{"start":{"line":42,"column":24},"end":{"line":42,"column":null}},"5":{"start":{"line":42,"column":51},"end":{"line":42,"column":67}},"6":{"start":{"line":43,"column":21},"end":{"line":43,"column":null}},"7":{"start":{"line":46,"column":6},"end":{"line":56,"column":null}},"8":{"start":{"line":46,"column":63},"end":{"line":56,"column":8}},"9":{"start":{"line":58,"column":6},"end":{"line":58,"column":null}},"10":{"start":{"line":59,"column":6},"end":{"line":59,"column":null}},"11":{"start":{"line":71,"column":4},"end":{"line":71,"column":null}},"12":{"start":{"line":74,"column":4},"end":{"line":82,"column":null}},"13":{"start":{"line":75,"column":20},"end":{"line":75,"column":null}},"14":{"start":{"line":76,"column":6},"end":{"line":79,"column":null}},"15":{"start":{"line":77,"column":8},"end":{"line":77,"column":null}},"16":{"start":{"line":78,"column":8},"end":{"line":78,"column":null}},"17":{"start":{"line":81,"column":6},"end":{"line":81,"column":null}},"18":{"start":{"line":85,"column":4},"end":{"line":93,"column":null}},"19":{"start":{"line":86,"column":20},"end":{"line":86,"column":null}},"20":{"start":{"line":87,"column":6},"end":{"line":90,"column":null}},"21":{"start":{"line":88,"column":8},"end":{"line":88,"column":null}},"22":{"start":{"line":89,"column":8},"end":{"line":89,"column":null}},"23":{"start":{"line":92,"column":6},"end":{"line":92,"column":null}},"24":{"start":{"line":95,"column":4},"end":{"line":95,"column":null}},"25":{"start":{"line":112,"column":4},"end":{"line":112,"column":null}},"26":{"start":{"line":113,"column":4},"end":{"line":113,"column":null}},"27":{"start":{"line":124,"column":4},"end":{"line":124,"column":null}},"28":{"start":{"line":125,"column":4},"end":{"line":125,"column":null}},"29":{"start":{"line":136,"column":4},"end":{"line":136,"column":null}},"30":{"start":{"line":138,"column":4},"end":{"line":154,"column":null}},"31":{"start":{"line":140,"column":24},"end":{"line":140,"column":null}},"32":{"start":{"line":143,"column":6},"end":{"line":150,"column":null}},"33":{"start":{"line":143,"column":52},"end":{"line":150,"column":8}},"34":{"start":{"line":152,"column":6},"end":{"line":152,"column":null}},"35":{"start":{"line":153,"column":6},"end":{"line":153,"column":null}},"36":{"start":{"line":165,"column":4},"end":{"line":324,"column":null}},"37":{"start":{"line":167,"column":18},"end":{"line":167,"column":null}},"38":{"start":{"line":168,"column":16},"end":{"line":168,"column":null}},"39":{"start":{"line":169,"column":16},"end":{"line":169,"column":null}},"40":{"start":{"line":170,"column":16},"end":{"line":170,"column":null}},"41":{"start":{"line":171,"column":22},"end":{"line":171,"column":null}},"42":{"start":{"line":173,"column":18},"end":{"line":173,"column":null}},"43":{"start":{"line":174,"column":19},"end":{"line":174,"column":null}},"44":{"start":{"line":176,"column":33},"end":{"line":176,"column":null}},"45":{"start":{"line":177,"column":21},"end":{"line":177,"column":null}},"46":{"start":{"line":179,"column":6},"end":{"line":252,"column":null}},"47":{"start":{"line":180,"column":8},"end":{"line":251,"column":null}},"48":{"start":{"line":181,"column":30},"end":{"line":181,"column":null}},"49":{"start":{"line":182,"column":30},"end":{"line":182,"column":null}},"50":{"start":{"line":183,"column":27},"end":{"line":183,"column":null}},"51":{"start":{"line":183,"column":56},"end":{"line":183,"column":77}},"52":{"start":{"line":184,"column":27},"end":{"line":184,"column":null}},"53":{"start":{"line":184,"column":56},"end":{"line":184,"column":77}},"54":{"start":{"line":185,"column":10},"end":{"line":185,"column":null}},"55":{"start":{"line":185,"column":38},"end":{"line":185,"column":null}},"56":{"start":{"line":187,"column":27},"end":{"line":187,"column":null}},"57":{"start":{"line":188,"column":27},"end":{"line":188,"column":null}},"58":{"start":{"line":189,"column":27},"end":{"line":189,"column":null}},"59":{"start":{"line":190,"column":27},"end":{"line":190,"column":null}},"60":{"start":{"line":193,"column":28},"end":{"line":193,"column":null}},"61":{"start":{"line":193,"column":44},"end":{"line":193,"column":null}},"62":{"start":{"line":194,"column":27},"end":{"line":194,"column":null}},"63":{"start":{"line":195,"column":27},"end":{"line":195,"column":null}},"64":{"start":{"line":196,"column":10},"end":{"line":198,"column":null}},"65":{"start":{"line":197,"column":12},"end":{"line":197,"column":null}},"66":{"start":{"line":199,"column":10},"end":{"line":201,"column":null}},"67":{"start":{"line":200,"column":12},"end":{"line":200,"column":null}},"68":{"start":{"line":204,"column":10},"end":{"line":210,"column":null}},"69":{"start":{"line":205,"column":29},"end":{"line":205,"column":null}},"70":{"start":{"line":206,"column":29},"end":{"line":206,"column":null}},"71":{"start":{"line":207,"column":12},"end":{"line":209,"column":null}},"72":{"start":{"line":208,"column":14},"end":{"line":208,"column":null}},"73":{"start":{"line":212,"column":28},"end":{"line":212,"column":null}},"74":{"start":{"line":213,"column":28},"end":{"line":213,"column":null}},"75":{"start":{"line":215,"column":31},"end":{"line":215,"column":null}},"76":{"start":{"line":216,"column":16},"end":{"line":216,"column":null}},"77":{"start":{"line":218,"column":12},"end":{"line":220,"column":null}},"78":{"start":{"line":222,"column":25},"end":{"line":222,"column":null}},"79":{"start":{"line":223,"column":27},"end":{"line":223,"column":null}},"80":{"start":{"line":224,"column":23},"end":{"line":224,"column":null}},"81":{"start":{"line":225,"column":32},"end":{"line":225,"column":null}},"82":{"start":{"line":227,"column":31},"end":{"line":227,"column":null}},"83":{"start":{"line":228,"column":28},"end":{"line":228,"column":null}},"84":{"start":{"line":229,"column":25},"end":{"line":229,"column":null}},"85":{"start":{"line":232,"column":10},"end":{"line":235,"column":null}},"86":{"start":{"line":233,"column":12},"end":{"line":233,"column":null}},"87":{"start":{"line":234,"column":12},"end":{"line":234,"column":null}},"88":{"start":{"line":237,"column":10},"end":{"line":248,"column":null}},"89":{"start":{"line":250,"column":10},"end":{"line":250,"column":null}},"90":{"start":{"line":254,"column":6},"end":{"line":254,"column":null}},"91":{"start":{"line":257,"column":6},"end":{"line":257,"column":null}},"92":{"start":{"line":259,"column":6},"end":{"line":323,"column":null}},"93":{"start":{"line":260,"column":21},"end":{"line":260,"column":null}},"94":{"start":{"line":261,"column":18},"end":{"line":261,"column":null}},"95":{"start":{"line":262,"column":35},"end":{"line":262,"column":null}},"96":{"start":{"line":264,"column":8},"end":{"line":317,"column":null}},"97":{"start":{"line":265,"column":10},"end":{"line":316,"column":null}},"98":{"start":{"line":266,"column":26},"end":{"line":266,"column":null}},"99":{"start":{"line":267,"column":27},"end":{"line":267,"column":null}},"100":{"start":{"line":268,"column":12},"end":{"line":268,"column":null}},"101":{"start":{"line":268,"column":35},"end":{"line":268,"column":null}},"102":{"start":{"line":270,"column":33},"end":{"line":270,"column":null}},"103":{"start":{"line":271,"column":33},"end":{"line":271,"column":null}},"104":{"start":{"line":273,"column":28},"end":{"line":273,"column":null}},"105":{"start":{"line":274,"column":30},"end":{"line":274,"column":null}},"106":{"start":{"line":275,"column":30},"end":{"line":275,"column":null}},"107":{"start":{"line":277,"column":28},"end":{"line":277,"column":null}},"108":{"start":{"line":278,"column":31},"end":{"line":278,"column":null}},"109":{"start":{"line":280,"column":31},"end":{"line":280,"column":null}},"110":{"start":{"line":281,"column":31},"end":{"line":281,"column":null}},"111":{"start":{"line":284,"column":30},"end":{"line":284,"column":null}},"112":{"start":{"line":284,"column":46},"end":{"line":284,"column":null}},"113":{"start":{"line":285,"column":12},"end":{"line":288,"column":null}},"114":{"start":{"line":286,"column":14},"end":{"line":286,"column":null}},"115":{"start":{"line":287,"column":14},"end":{"line":287,"column":null}},"116":{"start":{"line":290,"column":12},"end":{"line":296,"column":null}},"117":{"start":{"line":291,"column":31},"end":{"line":291,"column":null}},"118":{"start":{"line":292,"column":31},"end":{"line":292,"column":null}},"119":{"start":{"line":293,"column":14},"end":{"line":295,"column":null}},"120":{"start":{"line":294,"column":16},"end":{"line":294,"column":null}},"121":{"start":{"line":298,"column":27},"end":{"line":298,"column":null}},"122":{"start":{"line":299,"column":29},"end":{"line":299,"column":null}},"123":{"start":{"line":300,"column":25},"end":{"line":300,"column":null}},"124":{"start":{"line":302,"column":12},"end":{"line":313,"column":null}},"125":{"start":{"line":315,"column":12},"end":{"line":315,"column":null}},"126":{"start":{"line":319,"column":8},"end":{"line":319,"column":null}},"127":{"start":{"line":321,"column":8},"end":{"line":321,"column":null}},"128":{"start":{"line":322,"column":8},"end":{"line":322,"column":null}},"129":{"start":{"line":332,"column":4},"end":{"line":464,"column":null}},"130":{"start":{"line":333,"column":19},"end":{"line":333,"column":null}},"131":{"start":{"line":334,"column":16},"end":{"line":334,"column":null}},"132":{"start":{"line":335,"column":33},"end":{"line":335,"column":null}},"133":{"start":{"line":338,"column":6},"end":{"line":421,"column":null}},"134":{"start":{"line":339,"column":8},"end":{"line":420,"column":null}},"135":{"start":{"line":340,"column":24},"end":{"line":340,"column":null}},"136":{"start":{"line":343,"column":25},"end":{"line":343,"column":null}},"137":{"start":{"line":344,"column":29},"end":{"line":344,"column":null}},"138":{"start":{"line":345,"column":29},"end":{"line":345,"column":null}},"139":{"start":{"line":348,"column":10},"end":{"line":350,"column":null}},"140":{"start":{"line":349,"column":12},"end":{"line":349,"column":null}},"141":{"start":{"line":351,"column":10},"end":{"line":353,"column":null}},"142":{"start":{"line":352,"column":12},"end":{"line":352,"column":null}},"143":{"start":{"line":356,"column":26},"end":{"line":356,"column":null}},"144":{"start":{"line":357,"column":26},"end":{"line":357,"column":null}},"145":{"start":{"line":358,"column":10},"end":{"line":360,"column":null}},"146":{"start":{"line":359,"column":12},"end":{"line":359,"column":null}},"147":{"start":{"line":361,"column":10},"end":{"line":363,"column":null}},"148":{"start":{"line":362,"column":12},"end":{"line":362,"column":null}},"149":{"start":{"line":364,"column":10},"end":{"line":364,"column":null}},"150":{"start":{"line":364,"column":39},"end":{"line":364,"column":null}},"151":{"start":{"line":365,"column":10},"end":{"line":365,"column":null}},"152":{"start":{"line":365,"column":39},"end":{"line":365,"column":null}},"153":{"start":{"line":367,"column":29},"end":{"line":367,"column":null}},"154":{"start":{"line":370,"column":27},"end":{"line":370,"column":null}},"155":{"start":{"line":371,"column":27},"end":{"line":371,"column":null}},"156":{"start":{"line":374,"column":23},"end":{"line":378,"column":null}},"157":{"start":{"line":379,"column":10},"end":{"line":388,"column":null}},"158":{"start":{"line":380,"column":22},"end":{"line":381,"column":null}},"159":{"start":{"line":382,"column":12},"end":{"line":387,"column":null}},"160":{"start":{"line":383,"column":31},"end":{"line":383,"column":null}},"161":{"start":{"line":384,"column":31},"end":{"line":384,"column":null}},"162":{"start":{"line":385,"column":14},"end":{"line":385,"column":null}},"163":{"start":{"line":386,"column":14},"end":{"line":386,"column":null}},"164":{"start":{"line":391,"column":28},"end":{"line":391,"column":null}},"165":{"start":{"line":391,"column":44},"end":{"line":391,"column":null}},"166":{"start":{"line":392,"column":10},"end":{"line":395,"column":null}},"167":{"start":{"line":393,"column":12},"end":{"line":393,"column":null}},"168":{"start":{"line":394,"column":12},"end":{"line":394,"column":null}},"169":{"start":{"line":398,"column":10},"end":{"line":404,"column":null}},"170":{"start":{"line":399,"column":29},"end":{"line":399,"column":null}},"171":{"start":{"line":400,"column":29},"end":{"line":400,"column":null}},"172":{"start":{"line":401,"column":12},"end":{"line":403,"column":null}},"173":{"start":{"line":402,"column":14},"end":{"line":402,"column":null}},"174":{"start":{"line":406,"column":10},"end":{"line":417,"column":null}},"175":{"start":{"line":419,"column":10},"end":{"line":419,"column":null}},"176":{"start":{"line":424,"column":6},"end":{"line":458,"column":null}},"177":{"start":{"line":425,"column":8},"end":{"line":457,"column":null}},"178":{"start":{"line":426,"column":10},"end":{"line":456,"column":null}},"179":{"start":{"line":427,"column":25},"end":{"line":427,"column":null}},"180":{"start":{"line":428,"column":22},"end":{"line":429,"column":null}},"181":{"start":{"line":430,"column":12},"end":{"line":430,"column":null}},"182":{"start":{"line":430,"column":20},"end":{"line":430,"column":null}},"183":{"start":{"line":431,"column":29},"end":{"line":431,"column":null}},"184":{"start":{"line":432,"column":29},"end":{"line":432,"column":null}},"185":{"start":{"line":433,"column":31},"end":{"line":433,"column":null}},"186":{"start":{"line":434,"column":31},"end":{"line":434,"column":null}},"187":{"start":{"line":436,"column":12},"end":{"line":440,"column":null}},"188":{"start":{"line":437,"column":31},"end":{"line":437,"column":null}},"189":{"start":{"line":438,"column":31},"end":{"line":438,"column":null}},"190":{"start":{"line":439,"column":14},"end":{"line":439,"column":null}},"191":{"start":{"line":439,"column":82},"end":{"line":439,"column":null}},"192":{"start":{"line":442,"column":12},"end":{"line":453,"column":null}},"193":{"start":{"line":455,"column":12},"end":{"line":455,"column":null}},"194":{"start":{"line":460,"column":6},"end":{"line":460,"column":null}},"195":{"start":{"line":462,"column":6},"end":{"line":462,"column":null}},"196":{"start":{"line":463,"column":6},"end":{"line":463,"column":null}},"197":{"start":{"line":475,"column":18},"end":{"line":475,"column":null}},"198":{"start":{"line":478,"column":4},"end":{"line":480,"column":null}},"199":{"start":{"line":479,"column":6},"end":{"line":479,"column":null}},"200":{"start":{"line":483,"column":4},"end":{"line":485,"column":null}},"201":{"start":{"line":484,"column":6},"end":{"line":484,"column":null}},"202":{"start":{"line":488,"column":4},"end":{"line":490,"column":null}},"203":{"start":{"line":489,"column":6},"end":{"line":489,"column":null}},"204":{"start":{"line":493,"column":4},"end":{"line":506,"column":null}},"205":{"start":{"line":505,"column":6},"end":{"line":505,"column":null}},"206":{"start":{"line":509,"column":4},"end":{"line":509,"column":null}},"207":{"start":{"line":521,"column":25},"end":{"line":521,"column":null}},"208":{"start":{"line":522,"column":4},"end":{"line":524,"column":null}},"209":{"start":{"line":523,"column":6},"end":{"line":523,"column":null}},"210":{"start":{"line":527,"column":24},"end":{"line":527,"column":null}},"211":{"start":{"line":528,"column":4},"end":{"line":530,"column":null}},"212":{"start":{"line":529,"column":6},"end":{"line":529,"column":null}},"213":{"start":{"line":533,"column":27},"end":{"line":533,"column":null}},"214":{"start":{"line":534,"column":4},"end":{"line":536,"column":null}},"215":{"start":{"line":535,"column":6},"end":{"line":535,"column":null}},"216":{"start":{"line":538,"column":4},"end":{"line":538,"column":null}},"217":{"start":{"line":548,"column":18},"end":{"line":548,"column":null}},"218":{"start":{"line":549,"column":4},"end":{"line":549,"column":null}},"219":{"start":{"line":549,"column":16},"end":{"line":549,"column":null}},"220":{"start":{"line":550,"column":16},"end":{"line":550,"column":null}},"221":{"start":{"line":551,"column":16},"end":{"line":551,"column":null}},"222":{"start":{"line":552,"column":17},"end":{"line":555,"column":null}},"223":{"start":{"line":556,"column":4},"end":{"line":556,"column":null}},"224":{"start":{"line":568,"column":22},"end":{"line":568,"column":null}},"225":{"start":{"line":569,"column":4},"end":{"line":572,"column":null}},"226":{"start":{"line":570,"column":20},"end":{"line":570,"column":null}},"227":{"start":{"line":571,"column":6},"end":{"line":571,"column":null}},"228":{"start":{"line":574,"column":4},"end":{"line":574,"column":null}}},"fnMap":{"0":{"name":"(anonymous_0)","decl":{"start":{"line":22,"column":7},"end":{"line":22,"column":13}},"loc":{"start":{"line":22,"column":7},"end":{"line":29,"column":null}},"line":22},"1":{"name":"(anonymous_1)","decl":{"start":{"line":37,"column":8},"end":{"line":37,"column":25}},"loc":{"start":{"line":37,"column":97},"end":{"line":61,"column":null}},"line":37},"2":{"name":"(anonymous_2)","decl":{"start":{"line":42,"column":45},"end":{"line":42,"column":51}},"loc":{"start":{"line":42,"column":51},"end":{"line":42,"column":67}},"line":42},"3":{"name":"(anonymous_3)","decl":{"start":{"line":46,"column":53},"end":{"line":46,"column":63}},"loc":{"start":{"line":46,"column":63},"end":{"line":56,"column":8}},"line":46},"4":{"name":"(anonymous_4)","decl":{"start":{"line":70,"column":8},"end":{"line":70,"column":18}},"loc":{"start":{"line":70,"column":61},"end":{"line":96,"column":null}},"line":70},"5":{"name":"(anonymous_5)","decl":{"start":{"line":106,"column":8},"end":{"line":106,"column":null}},"loc":{"start":{"line":110,"column":29},"end":{"line":114,"column":null}},"line":110},"6":{"name":"(anonymous_6)","decl":{"start":{"line":122,"column":8},"end":{"line":122,"column":22}},"loc":{"start":{"line":122,"column":57},"end":{"line":126,"column":null}},"line":122},"7":{"name":"(anonymous_7)","decl":{"start":{"line":135,"column":8},"end":{"line":135,"column":27}},"loc":{"start":{"line":135,"column":82},"end":{"line":155,"column":null}},"line":135},"8":{"name":"(anonymous_8)","decl":{"start":{"line":143,"column":43},"end":{"line":143,"column":52}},"loc":{"start":{"line":143,"column":52},"end":{"line":150,"column":8}},"line":143},"9":{"name":"(anonymous_9)","decl":{"start":{"line":164,"column":16},"end":{"line":164,"column":27}},"loc":{"start":{"line":164,"column":71},"end":{"line":325,"column":null}},"line":164},"10":{"name":"(anonymous_10)","decl":{"start":{"line":183,"column":44},"end":{"line":183,"column":45}},"loc":{"start":{"line":183,"column":56},"end":{"line":183,"column":77}},"line":183},"11":{"name":"(anonymous_11)","decl":{"start":{"line":184,"column":44},"end":{"line":184,"column":45}},"loc":{"start":{"line":184,"column":56},"end":{"line":184,"column":77}},"line":184},"12":{"name":"(anonymous_12)","decl":{"start":{"line":193,"column":28},"end":{"line":193,"column":29}},"loc":{"start":{"line":193,"column":44},"end":{"line":193,"column":null}},"line":193},"13":{"name":"(anonymous_13)","decl":{"start":{"line":264,"column":70},"end":{"line":264,"column":71}},"loc":{"start":{"line":264,"column":83},"end":{"line":317,"column":9}},"line":264},"14":{"name":"(anonymous_14)","decl":{"start":{"line":284,"column":30},"end":{"line":284,"column":31}},"loc":{"start":{"line":284,"column":46},"end":{"line":284,"column":null}},"line":284},"15":{"name":"(anonymous_15)","decl":{"start":{"line":331,"column":16},"end":{"line":331,"column":26}},"loc":{"start":{"line":331,"column":70},"end":{"line":465,"column":null}},"line":331},"16":{"name":"(anonymous_16)","decl":{"start":{"line":338,"column":95},"end":{"line":338,"column":96}},"loc":{"start":{"line":338,"column":108},"end":{"line":421,"column":7}},"line":338},"17":{"name":"(anonymous_17)","decl":{"start":{"line":391,"column":28},"end":{"line":391,"column":29}},"loc":{"start":{"line":391,"column":44},"end":{"line":391,"column":null}},"line":391},"18":{"name":"(anonymous_18)","decl":{"start":{"line":425,"column":86},"end":{"line":425,"column":87}},"loc":{"start":{"line":425,"column":96},"end":{"line":457,"column":9}},"line":425},"19":{"name":"(anonymous_19)","decl":{"start":{"line":474,"column":10},"end":{"line":474,"column":20}},"loc":{"start":{"line":474,"column":79},"end":{"line":510,"column":null}},"line":474},"20":{"name":"(anonymous_20)","decl":{"start":{"line":519,"column":10},"end":{"line":519,"column":24}},"loc":{"start":{"line":519,"column":64},"end":{"line":539,"column":null}},"line":519},"21":{"name":"(anonymous_21)","decl":{"start":{"line":547,"column":10},"end":{"line":547,"column":26}},"loc":{"start":{"line":547,"column":66},"end":{"line":557,"column":null}},"line":547},"22":{"name":"(anonymous_22)","decl":{"start":{"line":566,"column":10},"end":{"line":566,"column":22}},"loc":{"start":{"line":566,"column":62},"end":{"line":575,"column":null}},"line":566}},"branchMap":{"0":{"loc":{"start":{"line":42,"column":24},"end":{"line":42,"column":null}},"type":"binary-expr","locations":[{"start":{"line":42,"column":24},"end":{"line":42,"column":88}},{"start":{"line":42,"column":88},"end":{"line":42,"column":null}}],"line":42},"1":{"loc":{"start":{"line":46,"column":29},"end":{"line":46,"column":47}},"type":"binary-expr","locations":[{"start":{"line":46,"column":29},"end":{"line":46,"column":46}},{"start":{"line":46,"column":46},"end":{"line":46,"column":47}}],"line":46},"2":{"loc":{"start":{"line":53,"column":16},"end":{"line":53,"column":null}},"type":"binary-expr","locations":[{"start":{"line":53,"column":16},"end":{"line":53,"column":32}},{"start":{"line":53,"column":32},"end":{"line":53,"column":null}}],"line":53},"3":{"loc":{"start":{"line":54,"column":23},"end":{"line":54,"column":null}},"type":"binary-expr","locations":[{"start":{"line":54,"column":23},"end":{"line":54,"column":46}},{"start":{"line":54,"column":46},"end":{"line":54,"column":null}}],"line":54},"4":{"loc":{"start":{"line":76,"column":6},"end":{"line":79,"column":null}},"type":"if","locations":[{"start":{"line":76,"column":6},"end":{"line":79,"column":null}},{"start":{},"end":{}}],"line":76},"5":{"loc":{"start":{"line":87,"column":6},"end":{"line":90,"column":null}},"type":"if","locations":[{"start":{"line":87,"column":6},"end":{"line":90,"column":null}},{"start":{},"end":{}}],"line":87},"6":{"loc":{"start":{"line":177,"column":21},"end":{"line":177,"column":null}},"type":"cond-expr","locations":[{"start":{"line":177,"column":51},"end":{"line":177,"column":65}},{"start":{"line":177,"column":65},"end":{"line":177,"column":null}}],"line":177},"7":{"loc":{"start":{"line":181,"column":30},"end":{"line":181,"column":null}},"type":"cond-expr","locations":[{"start":{"line":181,"column":67},"end":{"line":181,"column":91}},{"start":{"line":181,"column":91},"end":{"line":181,"column":null}}],"line":181},"8":{"loc":{"start":{"line":182,"column":30},"end":{"line":182,"column":null}},"type":"cond-expr","locations":[{"start":{"line":182,"column":72},"end":{"line":182,"column":98}},{"start":{"line":182,"column":98},"end":{"line":182,"column":null}}],"line":182},"9":{"loc":{"start":{"line":185,"column":10},"end":{"line":185,"column":null}},"type":"if","locations":[{"start":{"line":185,"column":10},"end":{"line":185,"column":null}},{"start":{},"end":{}}],"line":185},"10":{"loc":{"start":{"line":185,"column":14},"end":{"line":185,"column":38}},"type":"binary-expr","locations":[{"start":{"line":185,"column":14},"end":{"line":185,"column":27}},{"start":{"line":185,"column":27},"end":{"line":185,"column":38}}],"line":185},"11":{"loc":{"start":{"line":187,"column":27},"end":{"line":187,"column":null}},"type":"binary-expr","locations":[{"start":{"line":187,"column":27},"end":{"line":187,"column":57}},{"start":{"line":187,"column":57},"end":{"line":187,"column":92}},{"start":{"line":187,"column":92},"end":{"line":187,"column":115}},{"start":{"line":187,"column":115},"end":{"line":187,"column":146}},{"start":{"line":187,"column":146},"end":{"line":187,"column":null}}],"line":187},"12":{"loc":{"start":{"line":188,"column":27},"end":{"line":188,"column":null}},"type":"binary-expr","locations":[{"start":{"line":188,"column":27},"end":{"line":188,"column":57}},{"start":{"line":188,"column":57},"end":{"line":188,"column":92}},{"start":{"line":188,"column":92},"end":{"line":188,"column":115}},{"start":{"line":188,"column":115},"end":{"line":188,"column":146}},{"start":{"line":188,"column":146},"end":{"line":188,"column":null}}],"line":188},"13":{"loc":{"start":{"line":193,"column":44},"end":{"line":193,"column":null}},"type":"binary-expr","locations":[{"start":{"line":193,"column":44},"end":{"line":193,"column":51}},{"start":{"line":193,"column":51},"end":{"line":193,"column":85}},{"start":{"line":193,"column":85},"end":{"line":193,"column":106}},{"start":{"line":193,"column":106},"end":{"line":193,"column":null}}],"line":193},"14":{"loc":{"start":{"line":194,"column":27},"end":{"line":194,"column":null}},"type":"binary-expr","locations":[{"start":{"line":194,"column":27},"end":{"line":194,"column":58}},{"start":{"line":194,"column":58},"end":{"line":194,"column":null}}],"line":194},"15":{"loc":{"start":{"line":195,"column":27},"end":{"line":195,"column":null}},"type":"binary-expr","locations":[{"start":{"line":195,"column":27},"end":{"line":195,"column":58}},{"start":{"line":195,"column":58},"end":{"line":195,"column":null}}],"line":195},"16":{"loc":{"start":{"line":196,"column":10},"end":{"line":198,"column":null}},"type":"if","locations":[{"start":{"line":196,"column":10},"end":{"line":198,"column":null}},{"start":{},"end":{}}],"line":196},"17":{"loc":{"start":{"line":196,"column":14},"end":{"line":196,"column":49}},"type":"binary-expr","locations":[{"start":{"line":196,"column":14},"end":{"line":196,"column":39}},{"start":{"line":196,"column":39},"end":{"line":196,"column":49}}],"line":196},"18":{"loc":{"start":{"line":199,"column":10},"end":{"line":201,"column":null}},"type":"if","locations":[{"start":{"line":199,"column":10},"end":{"line":201,"column":null}},{"start":{},"end":{}}],"line":199},"19":{"loc":{"start":{"line":199,"column":14},"end":{"line":199,"column":49}},"type":"binary-expr","locations":[{"start":{"line":199,"column":14},"end":{"line":199,"column":39}},{"start":{"line":199,"column":39},"end":{"line":199,"column":49}}],"line":199},"20":{"loc":{"start":{"line":204,"column":10},"end":{"line":210,"column":null}},"type":"if","locations":[{"start":{"line":204,"column":10},"end":{"line":210,"column":null}},{"start":{},"end":{}}],"line":204},"21":{"loc":{"start":{"line":204,"column":14},"end":{"line":204,"column":49}},"type":"binary-expr","locations":[{"start":{"line":204,"column":14},"end":{"line":204,"column":27}},{"start":{"line":204,"column":27},"end":{"line":204,"column":49}}],"line":204},"22":{"loc":{"start":{"line":205,"column":29},"end":{"line":205,"column":null}},"type":"binary-expr","locations":[{"start":{"line":205,"column":29},"end":{"line":205,"column":41}},{"start":{"line":205,"column":41},"end":{"line":205,"column":null}}],"line":205},"23":{"loc":{"start":{"line":206,"column":29},"end":{"line":206,"column":null}},"type":"binary-expr","locations":[{"start":{"line":206,"column":29},"end":{"line":206,"column":41}},{"start":{"line":206,"column":41},"end":{"line":206,"column":null}}],"line":206},"24":{"loc":{"start":{"line":207,"column":12},"end":{"line":209,"column":null}},"type":"if","locations":[{"start":{"line":207,"column":12},"end":{"line":209,"column":null}},{"start":{},"end":{}}],"line":207},"25":{"loc":{"start":{"line":207,"column":16},"end":{"line":207,"column":80}},"type":"binary-expr","locations":[{"start":{"line":207,"column":16},"end":{"line":207,"column":49}},{"start":{"line":207,"column":49},"end":{"line":207,"column":80}}],"line":207},"26":{"loc":{"start":{"line":212,"column":28},"end":{"line":212,"column":null}},"type":"binary-expr","locations":[{"start":{"line":212,"column":28},"end":{"line":212,"column":67}},{"start":{"line":212,"column":67},"end":{"line":212,"column":null}}],"line":212},"27":{"loc":{"start":{"line":212,"column":37},"end":{"line":212,"column":60}},"type":"binary-expr","locations":[{"start":{"line":212,"column":37},"end":{"line":212,"column":55}},{"start":{"line":212,"column":55},"end":{"line":212,"column":60}}],"line":212},"28":{"loc":{"start":{"line":213,"column":28},"end":{"line":213,"column":null}},"type":"binary-expr","locations":[{"start":{"line":213,"column":28},"end":{"line":213,"column":67}},{"start":{"line":213,"column":67},"end":{"line":213,"column":null}}],"line":213},"29":{"loc":{"start":{"line":213,"column":37},"end":{"line":213,"column":60}},"type":"binary-expr","locations":[{"start":{"line":213,"column":37},"end":{"line":213,"column":55}},{"start":{"line":213,"column":55},"end":{"line":213,"column":60}}],"line":213},"30":{"loc":{"start":{"line":215,"column":31},"end":{"line":215,"column":null}},"type":"binary-expr","locations":[{"start":{"line":215,"column":31},"end":{"line":215,"column":68}},{"start":{"line":215,"column":68},"end":{"line":215,"column":99}},{"start":{"line":215,"column":99},"end":{"line":215,"column":null}}],"line":215},"31":{"loc":{"start":{"line":216,"column":31},"end":{"line":216,"column":101}},"type":"binary-expr","locations":[{"start":{"line":216,"column":31},"end":{"line":216,"column":67}},{"start":{"line":216,"column":67},"end":{"line":216,"column":97}},{"start":{"line":216,"column":97},"end":{"line":216,"column":101}}],"line":216},"32":{"loc":{"start":{"line":218,"column":12},"end":{"line":220,"column":null}},"type":"cond-expr","locations":[{"start":{"line":218,"column":36},"end":{"line":218,"column":null}},{"start":{"line":219,"column":12},"end":{"line":220,"column":null}}],"line":218},"33":{"loc":{"start":{"line":219,"column":12},"end":{"line":220,"column":null}},"type":"cond-expr","locations":[{"start":{"line":219,"column":35},"end":{"line":219,"column":null}},{"start":{"line":220,"column":12},"end":{"line":220,"column":null}}],"line":219},"34":{"loc":{"start":{"line":220,"column":12},"end":{"line":220,"column":null}},"type":"cond-expr","locations":[{"start":{"line":220,"column":37},"end":{"line":220,"column":47}},{"start":{"line":220,"column":47},"end":{"line":220,"column":null}}],"line":220},"35":{"loc":{"start":{"line":225,"column":32},"end":{"line":225,"column":null}},"type":"binary-expr","locations":[{"start":{"line":225,"column":32},"end":{"line":225,"column":45}},{"start":{"line":225,"column":45},"end":{"line":225,"column":null}}],"line":225},"36":{"loc":{"start":{"line":225,"column":45},"end":{"line":225,"column":null}},"type":"cond-expr","locations":[{"start":{"line":225,"column":52},"end":{"line":225,"column":59}},{"start":{"line":225,"column":59},"end":{"line":225,"column":null}}],"line":225},"37":{"loc":{"start":{"line":227,"column":31},"end":{"line":227,"column":null}},"type":"binary-expr","locations":[{"start":{"line":227,"column":31},"end":{"line":227,"column":46}},{"start":{"line":227,"column":46},"end":{"line":227,"column":null}}],"line":227},"38":{"loc":{"start":{"line":228,"column":28},"end":{"line":228,"column":null}},"type":"cond-expr","locations":[{"start":{"line":228,"column":43},"end":{"line":228,"column":68}},{"start":{"line":228,"column":68},"end":{"line":228,"column":null}}],"line":228},"39":{"loc":{"start":{"line":229,"column":25},"end":{"line":229,"column":null}},"type":"cond-expr","locations":[{"start":{"line":229,"column":37},"end":{"line":229,"column":62}},{"start":{"line":229,"column":62},"end":{"line":229,"column":null}}],"line":229},"40":{"loc":{"start":{"line":232,"column":10},"end":{"line":235,"column":null}},"type":"if","locations":[{"start":{"line":232,"column":10},"end":{"line":235,"column":null}},{"start":{},"end":{}}],"line":232},"41":{"loc":{"start":{"line":232,"column":14},"end":{"line":232,"column":62}},"type":"binary-expr","locations":[{"start":{"line":232,"column":14},"end":{"line":232,"column":39}},{"start":{"line":232,"column":39},"end":{"line":232,"column":62}}],"line":232},"42":{"loc":{"start":{"line":268,"column":12},"end":{"line":268,"column":null}},"type":"if","locations":[{"start":{"line":268,"column":12},"end":{"line":268,"column":null}},{"start":{},"end":{}}],"line":268},"43":{"loc":{"start":{"line":274,"column":30},"end":{"line":274,"column":null}},"type":"cond-expr","locations":[{"start":{"line":274,"column":51},"end":{"line":274,"column":93}},{"start":{"line":274,"column":93},"end":{"line":274,"column":null}}],"line":274},"44":{"loc":{"start":{"line":275,"column":30},"end":{"line":275,"column":null}},"type":"cond-expr","locations":[{"start":{"line":275,"column":51},"end":{"line":275,"column":93}},{"start":{"line":275,"column":93},"end":{"line":275,"column":null}}],"line":275},"45":{"loc":{"start":{"line":284,"column":46},"end":{"line":284,"column":null}},"type":"binary-expr","locations":[{"start":{"line":284,"column":46},"end":{"line":284,"column":53}},{"start":{"line":284,"column":53},"end":{"line":284,"column":87}},{"start":{"line":284,"column":87},"end":{"line":284,"column":108}},{"start":{"line":284,"column":108},"end":{"line":284,"column":null}}],"line":284},"46":{"loc":{"start":{"line":285,"column":12},"end":{"line":288,"column":null}},"type":"if","locations":[{"start":{"line":285,"column":12},"end":{"line":288,"column":null}},{"start":{},"end":{}}],"line":285},"47":{"loc":{"start":{"line":285,"column":16},"end":{"line":285,"column":64}},"type":"binary-expr","locations":[{"start":{"line":285,"column":16},"end":{"line":285,"column":41}},{"start":{"line":285,"column":41},"end":{"line":285,"column":64}}],"line":285},"48":{"loc":{"start":{"line":290,"column":12},"end":{"line":296,"column":null}},"type":"if","locations":[{"start":{"line":290,"column":12},"end":{"line":296,"column":null}},{"start":{},"end":{}}],"line":290},"49":{"loc":{"start":{"line":290,"column":16},"end":{"line":290,"column":51}},"type":"binary-expr","locations":[{"start":{"line":290,"column":16},"end":{"line":290,"column":29}},{"start":{"line":290,"column":29},"end":{"line":290,"column":51}}],"line":290},"50":{"loc":{"start":{"line":293,"column":14},"end":{"line":295,"column":null}},"type":"if","locations":[{"start":{"line":293,"column":14},"end":{"line":295,"column":null}},{"start":{},"end":{}}],"line":293},"51":{"loc":{"start":{"line":293,"column":18},"end":{"line":293,"column":82}},"type":"binary-expr","locations":[{"start":{"line":293,"column":18},"end":{"line":293,"column":51}},{"start":{"line":293,"column":51},"end":{"line":293,"column":82}}],"line":293},"52":{"loc":{"start":{"line":310,"column":29},"end":{"line":310,"column":null}},"type":"binary-expr","locations":[{"start":{"line":310,"column":29},"end":{"line":310,"column":42}},{"start":{"line":310,"column":42},"end":{"line":310,"column":null}}],"line":310},"53":{"loc":{"start":{"line":310,"column":42},"end":{"line":310,"column":null}},"type":"cond-expr","locations":[{"start":{"line":310,"column":49},"end":{"line":310,"column":56}},{"start":{"line":310,"column":56},"end":{"line":310,"column":null}}],"line":310},"54":{"loc":{"start":{"line":348,"column":10},"end":{"line":350,"column":null}},"type":"if","locations":[{"start":{"line":348,"column":10},"end":{"line":350,"column":null}},{"start":{},"end":{}}],"line":348},"55":{"loc":{"start":{"line":351,"column":10},"end":{"line":353,"column":null}},"type":"if","locations":[{"start":{"line":351,"column":10},"end":{"line":353,"column":null}},{"start":{},"end":{}}],"line":351},"56":{"loc":{"start":{"line":358,"column":10},"end":{"line":360,"column":null}},"type":"if","locations":[{"start":{"line":358,"column":10},"end":{"line":360,"column":null}},{"start":{},"end":{}}],"line":358},"57":{"loc":{"start":{"line":361,"column":10},"end":{"line":363,"column":null}},"type":"if","locations":[{"start":{"line":361,"column":10},"end":{"line":363,"column":null}},{"start":{},"end":{}}],"line":361},"58":{"loc":{"start":{"line":364,"column":10},"end":{"line":364,"column":null}},"type":"if","locations":[{"start":{"line":364,"column":10},"end":{"line":364,"column":null}},{"start":{},"end":{}}],"line":364},"59":{"loc":{"start":{"line":365,"column":10},"end":{"line":365,"column":null}},"type":"if","locations":[{"start":{"line":365,"column":10},"end":{"line":365,"column":null}},{"start":{},"end":{}}],"line":365},"60":{"loc":{"start":{"line":367,"column":29},"end":{"line":367,"column":null}},"type":"binary-expr","locations":[{"start":{"line":367,"column":29},"end":{"line":367,"column":100}},{"start":{"line":367,"column":100},"end":{"line":367,"column":null}}],"line":367},"61":{"loc":{"start":{"line":374,"column":23},"end":{"line":378,"column":null}},"type":"binary-expr","locations":[{"start":{"line":374,"column":23},"end":{"line":374,"column":null}},{"start":{"line":375,"column":15},"end":{"line":375,"column":null}},{"start":{"line":376,"column":15},"end":{"line":376,"column":null}},{"start":{"line":377,"column":15},"end":{"line":377,"column":null}},{"start":{"line":378,"column":15},"end":{"line":378,"column":null}}],"line":374},"62":{"loc":{"start":{"line":379,"column":10},"end":{"line":388,"column":null}},"type":"if","locations":[{"start":{"line":379,"column":10},"end":{"line":388,"column":null}},{"start":{},"end":{}}],"line":379},"63":{"loc":{"start":{"line":379,"column":10},"end":{"line":379,"column":52}},"type":"binary-expr","locations":[{"start":{"line":379,"column":15},"end":{"line":379,"column":30}},{"start":{"line":379,"column":30},"end":{"line":379,"column":46}},{"start":{"line":379,"column":46},"end":{"line":379,"column":52}}],"line":379},"64":{"loc":{"start":{"line":380,"column":22},"end":{"line":381,"column":null}},"type":"binary-expr","locations":[{"start":{"line":380,"column":22},"end":{"line":380,"column":null}},{"start":{"line":381,"column":17},"end":{"line":381,"column":null}}],"line":380},"65":{"loc":{"start":{"line":382,"column":12},"end":{"line":387,"column":null}},"type":"if","locations":[{"start":{"line":382,"column":12},"end":{"line":387,"column":null}},{"start":{},"end":{}}],"line":382},"66":{"loc":{"start":{"line":385,"column":27},"end":{"line":385,"column":null}},"type":"binary-expr","locations":[{"start":{"line":385,"column":27},"end":{"line":385,"column":41}},{"start":{"line":385,"column":41},"end":{"line":385,"column":null}}],"line":385},"67":{"loc":{"start":{"line":386,"column":27},"end":{"line":386,"column":null}},"type":"binary-expr","locations":[{"start":{"line":386,"column":27},"end":{"line":386,"column":41}},{"start":{"line":386,"column":41},"end":{"line":386,"column":null}}],"line":386},"68":{"loc":{"start":{"line":391,"column":44},"end":{"line":391,"column":null}},"type":"binary-expr","locations":[{"start":{"line":391,"column":44},"end":{"line":391,"column":51}},{"start":{"line":391,"column":51},"end":{"line":391,"column":85}},{"start":{"line":391,"column":85},"end":{"line":391,"column":106}},{"start":{"line":391,"column":106},"end":{"line":391,"column":null}}],"line":391},"69":{"loc":{"start":{"line":392,"column":10},"end":{"line":395,"column":null}},"type":"if","locations":[{"start":{"line":392,"column":10},"end":{"line":395,"column":null}},{"start":{},"end":{}}],"line":392},"70":{"loc":{"start":{"line":392,"column":14},"end":{"line":392,"column":62}},"type":"binary-expr","locations":[{"start":{"line":392,"column":14},"end":{"line":392,"column":39}},{"start":{"line":392,"column":39},"end":{"line":392,"column":62}}],"line":392},"71":{"loc":{"start":{"line":398,"column":10},"end":{"line":404,"column":null}},"type":"if","locations":[{"start":{"line":398,"column":10},"end":{"line":404,"column":null}},{"start":{},"end":{}}],"line":398},"72":{"loc":{"start":{"line":398,"column":14},"end":{"line":398,"column":49}},"type":"binary-expr","locations":[{"start":{"line":398,"column":14},"end":{"line":398,"column":27}},{"start":{"line":398,"column":27},"end":{"line":398,"column":49}}],"line":398},"73":{"loc":{"start":{"line":401,"column":12},"end":{"line":403,"column":null}},"type":"if","locations":[{"start":{"line":401,"column":12},"end":{"line":403,"column":null}},{"start":{},"end":{}}],"line":401},"74":{"loc":{"start":{"line":401,"column":16},"end":{"line":401,"column":80}},"type":"binary-expr","locations":[{"start":{"line":401,"column":16},"end":{"line":401,"column":49}},{"start":{"line":401,"column":49},"end":{"line":401,"column":80}}],"line":401},"75":{"loc":{"start":{"line":424,"column":6},"end":{"line":458,"column":null}},"type":"if","locations":[{"start":{"line":424,"column":6},"end":{"line":458,"column":null}},{"start":{},"end":{}}],"line":424},"76":{"loc":{"start":{"line":427,"column":25},"end":{"line":427,"column":null}},"type":"binary-expr","locations":[{"start":{"line":427,"column":25},"end":{"line":427,"column":46}},{"start":{"line":427,"column":46},"end":{"line":427,"column":null}}],"line":427},"77":{"loc":{"start":{"line":428,"column":22},"end":{"line":429,"column":null}},"type":"binary-expr","locations":[{"start":{"line":428,"column":22},"end":{"line":428,"column":null}},{"start":{"line":429,"column":17},"end":{"line":429,"column":null}}],"line":428},"78":{"loc":{"start":{"line":430,"column":12},"end":{"line":430,"column":null}},"type":"if","locations":[{"start":{"line":430,"column":12},"end":{"line":430,"column":null}},{"start":{},"end":{}}],"line":430},"79":{"loc":{"start":{"line":436,"column":12},"end":{"line":440,"column":null}},"type":"if","locations":[{"start":{"line":436,"column":12},"end":{"line":440,"column":null}},{"start":{},"end":{}}],"line":436},"80":{"loc":{"start":{"line":436,"column":16},"end":{"line":436,"column":51}},"type":"binary-expr","locations":[{"start":{"line":436,"column":16},"end":{"line":436,"column":29}},{"start":{"line":436,"column":29},"end":{"line":436,"column":51}}],"line":436},"81":{"loc":{"start":{"line":439,"column":14},"end":{"line":439,"column":null}},"type":"if","locations":[{"start":{"line":439,"column":14},"end":{"line":439,"column":null}},{"start":{},"end":{}}],"line":439},"82":{"loc":{"start":{"line":439,"column":18},"end":{"line":439,"column":82}},"type":"binary-expr","locations":[{"start":{"line":439,"column":18},"end":{"line":439,"column":51}},{"start":{"line":439,"column":51},"end":{"line":439,"column":82}}],"line":439},"83":{"loc":{"start":{"line":478,"column":4},"end":{"line":480,"column":null}},"type":"if","locations":[{"start":{"line":478,"column":4},"end":{"line":480,"column":null}},{"start":{},"end":{}}],"line":478},"84":{"loc":{"start":{"line":478,"column":8},"end":{"line":478,"column":62}},"type":"binary-expr","locations":[{"start":{"line":478,"column":8},"end":{"line":478,"column":39}},{"start":{"line":478,"column":39},"end":{"line":478,"column":62}}],"line":478},"85":{"loc":{"start":{"line":483,"column":4},"end":{"line":485,"column":null}},"type":"if","locations":[{"start":{"line":483,"column":4},"end":{"line":485,"column":null}},{"start":{},"end":{}}],"line":483},"86":{"loc":{"start":{"line":483,"column":8},"end":{"line":483,"column":57}},"type":"binary-expr","locations":[{"start":{"line":483,"column":8},"end":{"line":483,"column":35}},{"start":{"line":483,"column":35},"end":{"line":483,"column":57}}],"line":483},"87":{"loc":{"start":{"line":488,"column":4},"end":{"line":490,"column":null}},"type":"if","locations":[{"start":{"line":488,"column":4},"end":{"line":490,"column":null}},{"start":{},"end":{}}],"line":488},"88":{"loc":{"start":{"line":488,"column":8},"end":{"line":488,"column":94}},"type":"binary-expr","locations":[{"start":{"line":488,"column":8},"end":{"line":488,"column":35}},{"start":{"line":488,"column":35},"end":{"line":488,"column":64}},{"start":{"line":488,"column":64},"end":{"line":488,"column":94}}],"line":488},"89":{"loc":{"start":{"line":493,"column":4},"end":{"line":506,"column":null}},"type":"if","locations":[{"start":{"line":493,"column":4},"end":{"line":506,"column":null}},{"start":{},"end":{}}],"line":493},"90":{"loc":{"start":{"line":494,"column":6},"end":{"line":503,"column":null}},"type":"binary-expr","locations":[{"start":{"line":494,"column":6},"end":{"line":494,"column":null}},{"start":{"line":495,"column":6},"end":{"line":495,"column":null}},{"start":{"line":496,"column":6},"end":{"line":496,"column":null}},{"start":{"line":497,"column":6},"end":{"line":497,"column":null}},{"start":{"line":498,"column":6},"end":{"line":498,"column":null}},{"start":{"line":499,"column":6},"end":{"line":499,"column":null}},{"start":{"line":500,"column":6},"end":{"line":500,"column":null}},{"start":{"line":501,"column":6},"end":{"line":501,"column":null}},{"start":{"line":502,"column":6},"end":{"line":502,"column":null}},{"start":{"line":503,"column":6},"end":{"line":503,"column":null}}],"line":494},"91":{"loc":{"start":{"line":522,"column":4},"end":{"line":524,"column":null}},"type":"if","locations":[{"start":{"line":522,"column":4},"end":{"line":524,"column":null}},{"start":{},"end":{}}],"line":522},"92":{"loc":{"start":{"line":528,"column":4},"end":{"line":530,"column":null}},"type":"if","locations":[{"start":{"line":528,"column":4},"end":{"line":530,"column":null}},{"start":{},"end":{}}],"line":528},"93":{"loc":{"start":{"line":534,"column":4},"end":{"line":536,"column":null}},"type":"if","locations":[{"start":{"line":534,"column":4},"end":{"line":536,"column":null}},{"start":{},"end":{}}],"line":534},"94":{"loc":{"start":{"line":549,"column":4},"end":{"line":549,"column":null}},"type":"if","locations":[{"start":{"line":549,"column":4},"end":{"line":549,"column":null}},{"start":{},"end":{}}],"line":549},"95":{"loc":{"start":{"line":552,"column":17},"end":{"line":555,"column":null}},"type":"cond-expr","locations":[{"start":{"line":552,"column":41},"end":{"line":552,"column":null}},{"start":{"line":553,"column":8},"end":{"line":555,"column":null}}],"line":552},"96":{"loc":{"start":{"line":553,"column":8},"end":{"line":555,"column":null}},"type":"cond-expr","locations":[{"start":{"line":553,"column":60},"end":{"line":553,"column":null}},{"start":{"line":554,"column":8},"end":{"line":555,"column":null}}],"line":553},"97":{"loc":{"start":{"line":553,"column":8},"end":{"line":553,"column":60}},"type":"binary-expr","locations":[{"start":{"line":553,"column":8},"end":{"line":553,"column":33}},{"start":{"line":553,"column":33},"end":{"line":553,"column":60}}],"line":553},"98":{"loc":{"start":{"line":554,"column":8},"end":{"line":555,"column":null}},"type":"cond-expr","locations":[{"start":{"line":554,"column":60},"end":{"line":554,"column":null}},{"start":{"line":555,"column":8},"end":{"line":555,"column":null}}],"line":554},"99":{"loc":{"start":{"line":554,"column":8},"end":{"line":554,"column":60}},"type":"binary-expr","locations":[{"start":{"line":554,"column":8},"end":{"line":554,"column":33}},{"start":{"line":554,"column":33},"end":{"line":554,"column":60}}],"line":554},"100":{"loc":{"start":{"line":569,"column":4},"end":{"line":572,"column":null}},"type":"if","locations":[{"start":{"line":569,"column":4},"end":{"line":572,"column":null}},{"start":{},"end":{}}],"line":569},"101":{"loc":{"start":{"line":571,"column":13},"end":{"line":571,"column":null}},"type":"cond-expr","locations":[{"start":{"line":571,"column":27},"end":{"line":571,"column":37}},{"start":{"line":571,"column":37},"end":{"line":571,"column":null}}],"line":571}},"s":{"0":10,"1":10,"2":0,"3":0,"4":0,"5":0,"6":0,"7":0,"8":0,"9":0,"10":0,"11":10,"12":10,"13":10,"14":10,"15":0,"16":0,"17":0,"18":10,"19":10,"20":10,"21":5,"22":5,"23":0,"24":5,"25":0,"26":0,"27":0,"28":0,"29":0,"30":0,"31":0,"32":0,"33":0,"34":0,"35":0,"36":10,"37":10,"38":10,"39":10,"40":10,"41":10,"42":10,"43":2,"44":2,"45":2,"46":10,"47":0,"48":0,"49":0,"50":0,"51":0,"52":0,"53":0,"54":0,"55":0,"56":0,"57":0,"58":0,"59":0,"60":0,"61":0,"62":0,"63":0,"64":0,"65":0,"66":0,"67":0,"68":0,"69":0,"70":0,"71":0,"72":0,"73":0,"74":0,"75":0,"76":0,"77":0,"78":0,"79":0,"80":0,"81":0,"82":0,"83":0,"84":0,"85":0,"86":0,"87":0,"88":0,"89":0,"90":1,"91":9,"92":9,"93":9,"94":6,"95":6,"96":6,"97":0,"98":0,"99":0,"100":0,"101":0,"102":0,"103":0,"104":0,"105":0,"106":0,"107":0,"108":0,"109":0,"110":0,"111":0,"112":0,"113":0,"114":0,"115":0,"116":0,"117":0,"118":0,"119":0,"120":0,"121":0,"122":0,"123":0,"124":0,"125":0,"126":6,"127":3,"128":3,"129":10,"130":10,"131":7,"132":7,"133":7,"134":6,"135":6,"136":6,"137":6,"138":6,"139":6,"140":0,"141":6,"142":0,"143":6,"144":6,"145":6,"146":0,"147":6,"148":0,"149":6,"150":0,"151":6,"152":0,"153":6,"154":6,"155":6,"156":6,"157":6,"158":0,"159":0,"160":0,"161":0,"162":0,"163":0,"164":6,"165":12,"166":6,"167":0,"168":0,"169":6,"170":1,"171":1,"172":1,"173":1,"174":5,"175":0,"176":7,"177":2,"178":0,"179":0,"180":0,"181":0,"182":0,"183":0,"184":0,"185":0,"186":0,"187":0,"188":0,"189":0,"190":0,"191":0,"192":0,"193":0,"194":7,"195":3,"196":3,"197":5,"198":5,"199":0,"200":5,"201":1,"202":4,"203":0,"204":4,"205":1,"206":3,"207":5,"208":5,"209":3,"210":2,"211":2,"212":2,"213":0,"214":0,"215":0,"216":0,"217":0,"218":0,"219":0,"220":0,"221":0,"222":0,"223":0,"224":5,"225":5,"226":1,"227":1,"228":4},"f":{"0":10,"1":0,"2":0,"3":0,"4":10,"5":0,"6":0,"7":0,"8":0,"9":10,"10":0,"11":0,"12":0,"13":0,"14":0,"15":10,"16":6,"17":12,"18":0,"19":5,"20":5,"21":0,"22":5},"b":{"0":[0,0],"1":[0,0],"2":[0,0],"3":[0,0],"4":[0,10],"5":[5,5],"6":[1,0],"7":[0,0],"8":[0,0],"9":[0,0],"10":[0,0],"11":[0,0,0,0,0],"12":[0,0,0,0,0],"13":[0,0,0,0],"14":[0,0],"15":[0,0],"16":[0,0],"17":[0,0],"18":[0,0],"19":[0,0],"20":[0,0],"21":[0,0],"22":[0,0],"23":[0,0],"24":[0,0],"25":[0,0],"26":[0,0],"27":[0,0],"28":[0,0],"29":[0,0],"30":[0,0,0],"31":[0,0,0],"32":[0,0],"33":[0,0],"34":[0,0],"35":[0,0],"36":[0,0],"37":[0,0],"38":[0,0],"39":[0,0],"40":[0,0],"41":[0,0],"42":[0,0],"43":[0,0],"44":[0,0],"45":[0,0,0,0],"46":[0,0],"47":[0,0],"48":[0,0],"49":[0,0],"50":[0,0],"51":[0,0],"52":[0,0],"53":[0,0],"54":[0,6],"55":[0,6],"56":[0,6],"57":[0,6],"58":[0,6],"59":[0,6],"60":[6,0],"61":[6,6,6,6,2],"62":[0,6],"63":[6,6,0],"64":[0,0],"65":[0,0],"66":[0,0],"67":[0,0],"68":[12,12,12,12],"69":[0,6],"70":[6,6],"71":[1,5],"72":[6,6],"73":[1,0],"74":[1,1],"75":[2,5],"76":[0,0],"77":[0,0],"78":[0,0],"79":[0,0],"80":[0,0],"81":[0,0],"82":[0,0],"83":[0,5],"84":[5,5],"85":[1,4],"86":[5,4],"87":[0,4],"88":[4,4,4],"89":[1,3],"90":[4,4,4,4,4,4,4,4,4,3],"91":[3,2],"92":[2,0],"93":[0,0],"94":[0,0],"95":[0,0],"96":[0,0],"97":[0,0],"98":[0,0],"99":[0,0],"100":[1,4],"101":[0,1]},"meta":{"lastBranch":102,"lastFunction":23,"lastStatement":229,"seen":{"f:22:7:22:13":0,"s:23:2:23:Infinity":0,"s:24:2:29:Infinity":1,"f:37:8:37:25":1,"s:38:4:38:Infinity":2,"s:40:4:60:Infinity":3,"s:42:24:42:Infinity":4,"b:42:24:42:88:42:88:42:Infinity":0,"f:42:45:42:51":2,"s:42:51:42:67":5,"s:43:21:43:Infinity":6,"s:46:6:56:Infinity":7,"b:46:29:46:46:46:46:46:47":1,"f:46:53:46:63":3,"s:46:63:56:8":8,"b:53:16:53:32:53:32:53:Infinity":2,"b:54:23:54:46:54:46:54:Infinity":3,"s:58:6:58:Infinity":9,"s:59:6:59:Infinity":10,"f:70:8:70:18":4,"s:71:4:71:Infinity":11,"s:74:4:82:Infinity":12,"s:75:20:75:Infinity":13,"b:76:6:79:Infinity:undefined:undefined:undefined:undefined":4,"s:76:6:79:Infinity":14,"s:77:8:77:Infinity":15,"s:78:8:78:Infinity":16,"s:81:6:81:Infinity":17,"s:85:4:93:Infinity":18,"s:86:20:86:Infinity":19,"b:87:6:90:Infinity:undefined:undefined:undefined:undefined":5,"s:87:6:90:Infinity":20,"s:88:8:88:Infinity":21,"s:89:8:89:Infinity":22,"s:92:6:92:Infinity":23,"s:95:4:95:Infinity":24,"f:106:8:106:Infinity":5,"s:112:4:112:Infinity":25,"s:113:4:113:Infinity":26,"f:122:8:122:22":6,"s:124:4:124:Infinity":27,"s:125:4:125:Infinity":28,"f:135:8:135:27":7,"s:136:4:136:Infinity":29,"s:138:4:154:Infinity":30,"s:140:24:140:Infinity":31,"s:143:6:150:Infinity":32,"f:143:43:143:52":8,"s:143:52:150:8":33,"s:152:6:152:Infinity":34,"s:153:6:153:Infinity":35,"f:164:16:164:27":9,"s:165:4:324:Infinity":36,"s:167:18:167:Infinity":37,"s:168:16:168:Infinity":38,"s:169:16:169:Infinity":39,"s:170:16:170:Infinity":40,"s:171:22:171:Infinity":41,"s:173:18:173:Infinity":42,"s:174:19:174:Infinity":43,"s:176:33:176:Infinity":44,"s:177:21:177:Infinity":45,"b:177:51:177:65:177:65:177:Infinity":6,"s:179:6:252:Infinity":46,"s:180:8:251:Infinity":47,"s:181:30:181:Infinity":48,"b:181:67:181:91:181:91:181:Infinity":7,"s:182:30:182:Infinity":49,"b:182:72:182:98:182:98:182:Infinity":8,"s:183:27:183:Infinity":50,"f:183:44:183:45":10,"s:183:56:183:77":51,"s:184:27:184:Infinity":52,"f:184:44:184:45":11,"s:184:56:184:77":53,"b:185:10:185:Infinity:undefined:undefined:undefined:undefined":9,"s:185:10:185:Infinity":54,"b:185:14:185:27:185:27:185:38":10,"s:185:38:185:Infinity":55,"s:187:27:187:Infinity":56,"b:187:27:187:57:187:57:187:92:187:92:187:115:187:115:187:146:187:146:187:Infinity":11,"s:188:27:188:Infinity":57,"b:188:27:188:57:188:57:188:92:188:92:188:115:188:115:188:146:188:146:188:Infinity":12,"s:189:27:189:Infinity":58,"s:190:27:190:Infinity":59,"s:193:28:193:Infinity":60,"f:193:28:193:29":12,"s:193:44:193:Infinity":61,"b:193:44:193:51:193:51:193:85:193:85:193:106:193:106:193:Infinity":13,"s:194:27:194:Infinity":62,"b:194:27:194:58:194:58:194:Infinity":14,"s:195:27:195:Infinity":63,"b:195:27:195:58:195:58:195:Infinity":15,"b:196:10:198:Infinity:undefined:undefined:undefined:undefined":16,"s:196:10:198:Infinity":64,"b:196:14:196:39:196:39:196:49":17,"s:197:12:197:Infinity":65,"b:199:10:201:Infinity:undefined:undefined:undefined:undefined":18,"s:199:10:201:Infinity":66,"b:199:14:199:39:199:39:199:49":19,"s:200:12:200:Infinity":67,"b:204:10:210:Infinity:undefined:undefined:undefined:undefined":20,"s:204:10:210:Infinity":68,"b:204:14:204:27:204:27:204:49":21,"s:205:29:205:Infinity":69,"b:205:29:205:41:205:41:205:Infinity":22,"s:206:29:206:Infinity":70,"b:206:29:206:41:206:41:206:Infinity":23,"b:207:12:209:Infinity:undefined:undefined:undefined:undefined":24,"s:207:12:209:Infinity":71,"b:207:16:207:49:207:49:207:80":25,"s:208:14:208:Infinity":72,"s:212:28:212:Infinity":73,"b:212:28:212:67:212:67:212:Infinity":26,"b:212:37:212:55:212:55:212:60":27,"s:213:28:213:Infinity":74,"b:213:28:213:67:213:67:213:Infinity":28,"b:213:37:213:55:213:55:213:60":29,"s:215:31:215:Infinity":75,"b:215:31:215:68:215:68:215:99:215:99:215:Infinity":30,"s:216:16:216:Infinity":76,"b:216:31:216:67:216:67:216:97:216:97:216:101":31,"s:218:12:220:Infinity":77,"b:218:36:218:Infinity:219:12:220:Infinity":32,"b:219:35:219:Infinity:220:12:220:Infinity":33,"b:220:37:220:47:220:47:220:Infinity":34,"s:222:25:222:Infinity":78,"s:223:27:223:Infinity":79,"s:224:23:224:Infinity":80,"s:225:32:225:Infinity":81,"b:225:32:225:45:225:45:225:Infinity":35,"b:225:52:225:59:225:59:225:Infinity":36,"s:227:31:227:Infinity":82,"b:227:31:227:46:227:46:227:Infinity":37,"s:228:28:228:Infinity":83,"b:228:43:228:68:228:68:228:Infinity":38,"s:229:25:229:Infinity":84,"b:229:37:229:62:229:62:229:Infinity":39,"b:232:10:235:Infinity:undefined:undefined:undefined:undefined":40,"s:232:10:235:Infinity":85,"b:232:14:232:39:232:39:232:62":41,"s:233:12:233:Infinity":86,"s:234:12:234:Infinity":87,"s:237:10:248:Infinity":88,"s:250:10:250:Infinity":89,"s:254:6:254:Infinity":90,"s:257:6:257:Infinity":91,"s:259:6:323:Infinity":92,"s:260:21:260:Infinity":93,"s:261:18:261:Infinity":94,"s:262:35:262:Infinity":95,"s:264:8:317:Infinity":96,"f:264:70:264:71":13,"s:265:10:316:Infinity":97,"s:266:26:266:Infinity":98,"s:267:27:267:Infinity":99,"b:268:12:268:Infinity:undefined:undefined:undefined:undefined":42,"s:268:12:268:Infinity":100,"s:268:35:268:Infinity":101,"s:270:33:270:Infinity":102,"s:271:33:271:Infinity":103,"s:273:28:273:Infinity":104,"s:274:30:274:Infinity":105,"b:274:51:274:93:274:93:274:Infinity":43,"s:275:30:275:Infinity":106,"b:275:51:275:93:275:93:275:Infinity":44,"s:277:28:277:Infinity":107,"s:278:31:278:Infinity":108,"s:280:31:280:Infinity":109,"s:281:31:281:Infinity":110,"s:284:30:284:Infinity":111,"f:284:30:284:31":14,"s:284:46:284:Infinity":112,"b:284:46:284:53:284:53:284:87:284:87:284:108:284:108:284:Infinity":45,"b:285:12:288:Infinity:undefined:undefined:undefined:undefined":46,"s:285:12:288:Infinity":113,"b:285:16:285:41:285:41:285:64":47,"s:286:14:286:Infinity":114,"s:287:14:287:Infinity":115,"b:290:12:296:Infinity:undefined:undefined:undefined:undefined":48,"s:290:12:296:Infinity":116,"b:290:16:290:29:290:29:290:51":49,"s:291:31:291:Infinity":117,"s:292:31:292:Infinity":118,"b:293:14:295:Infinity:undefined:undefined:undefined:undefined":50,"s:293:14:295:Infinity":119,"b:293:18:293:51:293:51:293:82":51,"s:294:16:294:Infinity":120,"s:298:27:298:Infinity":121,"s:299:29:299:Infinity":122,"s:300:25:300:Infinity":123,"s:302:12:313:Infinity":124,"b:310:29:310:42:310:42:310:Infinity":52,"b:310:49:310:56:310:56:310:Infinity":53,"s:315:12:315:Infinity":125,"s:319:8:319:Infinity":126,"s:321:8:321:Infinity":127,"s:322:8:322:Infinity":128,"f:331:16:331:26":15,"s:332:4:464:Infinity":129,"s:333:19:333:Infinity":130,"s:334:16:334:Infinity":131,"s:335:33:335:Infinity":132,"s:338:6:421:Infinity":133,"f:338:95:338:96":16,"s:339:8:420:Infinity":134,"s:340:24:340:Infinity":135,"s:343:25:343:Infinity":136,"s:344:29:344:Infinity":137,"s:345:29:345:Infinity":138,"b:348:10:350:Infinity:undefined:undefined:undefined:undefined":54,"s:348:10:350:Infinity":139,"s:349:12:349:Infinity":140,"b:351:10:353:Infinity:undefined:undefined:undefined:undefined":55,"s:351:10:353:Infinity":141,"s:352:12:352:Infinity":142,"s:356:26:356:Infinity":143,"s:357:26:357:Infinity":144,"b:358:10:360:Infinity:undefined:undefined:undefined:undefined":56,"s:358:10:360:Infinity":145,"s:359:12:359:Infinity":146,"b:361:10:363:Infinity:undefined:undefined:undefined:undefined":57,"s:361:10:363:Infinity":147,"s:362:12:362:Infinity":148,"b:364:10:364:Infinity:undefined:undefined:undefined:undefined":58,"s:364:10:364:Infinity":149,"s:364:39:364:Infinity":150,"b:365:10:365:Infinity:undefined:undefined:undefined:undefined":59,"s:365:10:365:Infinity":151,"s:365:39:365:Infinity":152,"s:367:29:367:Infinity":153,"b:367:29:367:100:367:100:367:Infinity":60,"s:370:27:370:Infinity":154,"s:371:27:371:Infinity":155,"s:374:23:378:Infinity":156,"b:374:23:374:Infinity:375:15:375:Infinity:376:15:376:Infinity:377:15:377:Infinity:378:15:378:Infinity":61,"b:379:10:388:Infinity:undefined:undefined:undefined:undefined":62,"s:379:10:388:Infinity":157,"b:379:15:379:30:379:30:379:46:379:46:379:52":63,"s:380:22:381:Infinity":158,"b:380:22:380:Infinity:381:17:381:Infinity":64,"b:382:12:387:Infinity:undefined:undefined:undefined:undefined":65,"s:382:12:387:Infinity":159,"s:383:31:383:Infinity":160,"s:384:31:384:Infinity":161,"s:385:14:385:Infinity":162,"b:385:27:385:41:385:41:385:Infinity":66,"s:386:14:386:Infinity":163,"b:386:27:386:41:386:41:386:Infinity":67,"s:391:28:391:Infinity":164,"f:391:28:391:29":17,"s:391:44:391:Infinity":165,"b:391:44:391:51:391:51:391:85:391:85:391:106:391:106:391:Infinity":68,"b:392:10:395:Infinity:undefined:undefined:undefined:undefined":69,"s:392:10:395:Infinity":166,"b:392:14:392:39:392:39:392:62":70,"s:393:12:393:Infinity":167,"s:394:12:394:Infinity":168,"b:398:10:404:Infinity:undefined:undefined:undefined:undefined":71,"s:398:10:404:Infinity":169,"b:398:14:398:27:398:27:398:49":72,"s:399:29:399:Infinity":170,"s:400:29:400:Infinity":171,"b:401:12:403:Infinity:undefined:undefined:undefined:undefined":73,"s:401:12:403:Infinity":172,"b:401:16:401:49:401:49:401:80":74,"s:402:14:402:Infinity":173,"s:406:10:417:Infinity":174,"s:419:10:419:Infinity":175,"b:424:6:458:Infinity:undefined:undefined:undefined:undefined":75,"s:424:6:458:Infinity":176,"s:425:8:457:Infinity":177,"f:425:86:425:87":18,"s:426:10:456:Infinity":178,"s:427:25:427:Infinity":179,"b:427:25:427:46:427:46:427:Infinity":76,"s:428:22:429:Infinity":180,"b:428:22:428:Infinity:429:17:429:Infinity":77,"b:430:12:430:Infinity:undefined:undefined:undefined:undefined":78,"s:430:12:430:Infinity":181,"s:430:20:430:Infinity":182,"s:431:29:431:Infinity":183,"s:432:29:432:Infinity":184,"s:433:31:433:Infinity":185,"s:434:31:434:Infinity":186,"b:436:12:440:Infinity:undefined:undefined:undefined:undefined":79,"s:436:12:440:Infinity":187,"b:436:16:436:29:436:29:436:51":80,"s:437:31:437:Infinity":188,"s:438:31:438:Infinity":189,"b:439:14:439:Infinity:undefined:undefined:undefined:undefined":81,"s:439:14:439:Infinity":190,"b:439:18:439:51:439:51:439:82":82,"s:439:82:439:Infinity":191,"s:442:12:453:Infinity":192,"s:455:12:455:Infinity":193,"s:460:6:460:Infinity":194,"s:462:6:462:Infinity":195,"s:463:6:463:Infinity":196,"f:474:10:474:20":19,"s:475:18:475:Infinity":197,"b:478:4:480:Infinity:undefined:undefined:undefined:undefined":83,"s:478:4:480:Infinity":198,"b:478:8:478:39:478:39:478:62":84,"s:479:6:479:Infinity":199,"b:483:4:485:Infinity:undefined:undefined:undefined:undefined":85,"s:483:4:485:Infinity":200,"b:483:8:483:35:483:35:483:57":86,"s:484:6:484:Infinity":201,"b:488:4:490:Infinity:undefined:undefined:undefined:undefined":87,"s:488:4:490:Infinity":202,"b:488:8:488:35:488:35:488:64:488:64:488:94":88,"s:489:6:489:Infinity":203,"b:493:4:506:Infinity:undefined:undefined:undefined:undefined":89,"s:493:4:506:Infinity":204,"b:494:6:494:Infinity:495:6:495:Infinity:496:6:496:Infinity:497:6:497:Infinity:498:6:498:Infinity:499:6:499:Infinity:500:6:500:Infinity:501:6:501:Infinity:502:6:502:Infinity:503:6:503:Infinity":90,"s:505:6:505:Infinity":205,"s:509:4:509:Infinity":206,"f:519:10:519:24":20,"s:521:25:521:Infinity":207,"b:522:4:524:Infinity:undefined:undefined:undefined:undefined":91,"s:522:4:524:Infinity":208,"s:523:6:523:Infinity":209,"s:527:24:527:Infinity":210,"b:528:4:530:Infinity:undefined:undefined:undefined:undefined":92,"s:528:4:530:Infinity":211,"s:529:6:529:Infinity":212,"s:533:27:533:Infinity":213,"b:534:4:536:Infinity:undefined:undefined:undefined:undefined":93,"s:534:4:536:Infinity":214,"s:535:6:535:Infinity":215,"s:538:4:538:Infinity":216,"f:547:10:547:26":21,"s:548:18:548:Infinity":217,"b:549:4:549:Infinity:undefined:undefined:undefined:undefined":94,"s:549:4:549:Infinity":218,"s:549:16:549:Infinity":219,"s:550:16:550:Infinity":220,"s:551:16:551:Infinity":221,"s:552:17:555:Infinity":222,"b:552:41:552:Infinity:553:8:555:Infinity":95,"b:553:60:553:Infinity:554:8:555:Infinity":96,"b:553:8:553:33:553:33:553:60":97,"b:554:60:554:Infinity:555:8:555:Infinity":98,"b:554:8:554:33:554:33:554:60":99,"s:556:4:556:Infinity":223,"f:566:10:566:22":22,"s:568:22:568:Infinity":224,"b:569:4:572:Infinity:undefined:undefined:undefined:undefined":100,"s:569:4:572:Infinity":225,"s:570:20:570:Infinity":226,"s:571:6:571:Infinity":227,"b:571:27:571:37:571:37:571:Infinity":101,"s:574:4:574:Infinity":228}}}
,"/Users/newmac/Downloads/SportsCenterHome1/server/agents/adapters/nbaAdapter.ts": {"path":"/Users/newmac/Downloads/SportsCenterHome1/server/agents/adapters/nbaAdapter.ts","statementMap":{"0":{"start":{"line":21,"column":2},"end":{"line":21,"column":null}},"1":{"start":{"line":22,"column":2},"end":{"line":26,"column":null}},"2":{"start":{"line":35,"column":4},"end":{"line":35,"column":null}},"3":{"start":{"line":37,"column":4},"end":{"line":57,"column":null}},"4":{"start":{"line":39,"column":24},"end":{"line":39,"column":null}},"5":{"start":{"line":39,"column":51},"end":{"line":39,"column":67}},"6":{"start":{"line":40,"column":21},"end":{"line":40,"column":null}},"7":{"start":{"line":43,"column":6},"end":{"line":53,"column":null}},"8":{"start":{"line":43,"column":63},"end":{"line":53,"column":8}},"9":{"start":{"line":55,"column":6},"end":{"line":55,"column":null}},"10":{"start":{"line":56,"column":6},"end":{"line":56,"column":null}},"11":{"start":{"line":68,"column":4},"end":{"line":68,"column":null}},"12":{"start":{"line":71,"column":4},"end":{"line":79,"column":null}},"13":{"start":{"line":72,"column":20},"end":{"line":72,"column":null}},"14":{"start":{"line":73,"column":6},"end":{"line":76,"column":null}},"15":{"start":{"line":74,"column":8},"end":{"line":74,"column":null}},"16":{"start":{"line":75,"column":8},"end":{"line":75,"column":null}},"17":{"start":{"line":78,"column":6},"end":{"line":78,"column":null}},"18":{"start":{"line":82,"column":4},"end":{"line":90,"column":null}},"19":{"start":{"line":83,"column":20},"end":{"line":83,"column":null}},"20":{"start":{"line":84,"column":6},"end":{"line":87,"column":null}},"21":{"start":{"line":85,"column":8},"end":{"line":85,"column":null}},"22":{"start":{"line":86,"column":8},"end":{"line":86,"column":null}},"23":{"start":{"line":89,"column":6},"end":{"line":89,"column":null}},"24":{"start":{"line":92,"column":4},"end":{"line":92,"column":null}},"25":{"start":{"line":108,"column":4},"end":{"line":108,"column":null}},"26":{"start":{"line":110,"column":4},"end":{"line":141,"column":null}},"27":{"start":{"line":112,"column":20},"end":{"line":112,"column":null}},"28":{"start":{"line":113,"column":18},"end":{"line":113,"column":null}},"29":{"start":{"line":114,"column":6},"end":{"line":117,"column":null}},"30":{"start":{"line":115,"column":8},"end":{"line":115,"column":null}},"31":{"start":{"line":116,"column":8},"end":{"line":116,"column":null}},"32":{"start":{"line":120,"column":20},"end":{"line":120,"column":null}},"33":{"start":{"line":123,"column":24},"end":{"line":123,"column":null}},"34":{"start":{"line":123,"column":42},"end":{"line":123,"column":97}},"35":{"start":{"line":124,"column":22},"end":{"line":127,"column":null}},"36":{"start":{"line":125,"column":19},"end":{"line":125,"column":null}},"37":{"start":{"line":126,"column":8},"end":{"line":126,"column":null}},"38":{"start":{"line":130,"column":6},"end":{"line":137,"column":null}},"39":{"start":{"line":130,"column":31},"end":{"line":137,"column":8}},"40":{"start":{"line":139,"column":6},"end":{"line":139,"column":null}},"41":{"start":{"line":140,"column":6},"end":{"line":140,"column":null}},"42":{"start":{"line":153,"column":4},"end":{"line":153,"column":null}},"43":{"start":{"line":154,"column":4},"end":{"line":160,"column":null}},"44":{"start":{"line":171,"column":4},"end":{"line":171,"column":null}},"45":{"start":{"line":173,"column":4},"end":{"line":189,"column":null}},"46":{"start":{"line":175,"column":24},"end":{"line":175,"column":null}},"47":{"start":{"line":178,"column":6},"end":{"line":185,"column":null}},"48":{"start":{"line":178,"column":52},"end":{"line":185,"column":8}},"49":{"start":{"line":187,"column":6},"end":{"line":187,"column":null}},"50":{"start":{"line":188,"column":6},"end":{"line":188,"column":null}},"51":{"start":{"line":200,"column":4},"end":{"line":260,"column":null}},"52":{"start":{"line":201,"column":19},"end":{"line":201,"column":null}},"53":{"start":{"line":202,"column":16},"end":{"line":202,"column":null}},"54":{"start":{"line":203,"column":33},"end":{"line":203,"column":null}},"55":{"start":{"line":206,"column":6},"end":{"line":254,"column":null}},"56":{"start":{"line":207,"column":8},"end":{"line":253,"column":null}},"57":{"start":{"line":208,"column":24},"end":{"line":208,"column":null}},"58":{"start":{"line":211,"column":25},"end":{"line":211,"column":null}},"59":{"start":{"line":212,"column":10},"end":{"line":212,"column":null}},"60":{"start":{"line":212,"column":33},"end":{"line":212,"column":null}},"61":{"start":{"line":214,"column":31},"end":{"line":214,"column":null}},"62":{"start":{"line":215,"column":31},"end":{"line":215,"column":null}},"63":{"start":{"line":218,"column":26},"end":{"line":218,"column":null}},"64":{"start":{"line":219,"column":28},"end":{"line":219,"column":null}},"65":{"start":{"line":220,"column":28},"end":{"line":220,"column":null}},"66":{"start":{"line":223,"column":26},"end":{"line":223,"column":null}},"67":{"start":{"line":224,"column":29},"end":{"line":224,"column":null}},"68":{"start":{"line":227,"column":29},"end":{"line":227,"column":null}},"69":{"start":{"line":228,"column":29},"end":{"line":228,"column":null}},"70":{"start":{"line":231,"column":10},"end":{"line":237,"column":null}},"71":{"start":{"line":232,"column":29},"end":{"line":232,"column":null}},"72":{"start":{"line":233,"column":29},"end":{"line":233,"column":null}},"73":{"start":{"line":234,"column":12},"end":{"line":236,"column":null}},"74":{"start":{"line":235,"column":14},"end":{"line":235,"column":null}},"75":{"start":{"line":239,"column":10},"end":{"line":250,"column":null}},"76":{"start":{"line":252,"column":10},"end":{"line":252,"column":null}},"77":{"start":{"line":256,"column":6},"end":{"line":256,"column":null}},"78":{"start":{"line":258,"column":6},"end":{"line":258,"column":null}},"79":{"start":{"line":259,"column":6},"end":{"line":259,"column":null}},"80":{"start":{"line":271,"column":4},"end":{"line":323,"column":null}},"81":{"start":{"line":272,"column":19},"end":{"line":272,"column":null}},"82":{"start":{"line":273,"column":16},"end":{"line":273,"column":null}},"83":{"start":{"line":274,"column":33},"end":{"line":274,"column":null}},"84":{"start":{"line":277,"column":6},"end":{"line":317,"column":null}},"85":{"start":{"line":278,"column":8},"end":{"line":316,"column":null}},"86":{"start":{"line":279,"column":24},"end":{"line":279,"column":null}},"87":{"start":{"line":282,"column":31},"end":{"line":282,"column":null}},"88":{"start":{"line":283,"column":31},"end":{"line":283,"column":null}},"89":{"start":{"line":285,"column":28},"end":{"line":285,"column":null}},"90":{"start":{"line":286,"column":28},"end":{"line":286,"column":null}},"91":{"start":{"line":288,"column":29},"end":{"line":288,"column":null}},"92":{"start":{"line":290,"column":29},"end":{"line":290,"column":null}},"93":{"start":{"line":291,"column":29},"end":{"line":291,"column":null}},"94":{"start":{"line":294,"column":10},"end":{"line":300,"column":null}},"95":{"start":{"line":295,"column":29},"end":{"line":295,"column":null}},"96":{"start":{"line":296,"col
[...]
4,"column":34},"end":{"line":86,"column":5}},"line":84},"7":{"name":"(anonymous_7)","decl":{"start":{"line":95,"column":9},"end":{"line":95,"column":20}},"loc":{"start":{"line":95,"column":58},"end":{"line":97,"column":null}},"line":95},"8":{"name":"(anonymous_8)","decl":{"start":{"line":104,"column":9},"end":{"line":104,"column":22}},"loc":{"start":{"line":104,"column":59},"end":{"line":108,"column":null}},"line":104},"9":{"name":"(anonymous_9)","decl":{"start":{"line":115,"column":9},"end":{"line":115,"column":21}},"loc":{"start":{"line":115,"column":70},"end":{"line":117,"column":null}},"line":115},"10":{"name":"(anonymous_10)","decl":{"start":{"line":124,"column":9},"end":{"line":124,"column":19}},"loc":{"start":{"line":124,"column":41},"end":{"line":129,"column":null}},"line":124}},"branchMap":{"0":{"loc":{"start":{"line":48,"column":11},"end":{"line":48,"column":null}},"type":"cond-expr","locations":[{"start":{"line":48,"column":24},"end":{"line":48,"column":28}},{"start":{"line":48,"column":28},"end":{"line":48,"column":null}}],"line":48},"1":{"loc":{"start":{"line":96,"column":11},"end":{"line":96,"column":null}},"type":"binary-expr","locations":[{"start":{"line":96,"column":11},"end":{"line":96,"column":31}},{"start":{"line":96,"column":31},"end":{"line":96,"column":null}}],"line":96},"2":{"loc":{"start":{"line":107,"column":11},"end":{"line":107,"column":null}},"type":"cond-expr","locations":[{"start":{"line":107,"column":24},"end":{"line":107,"column":28}},{"start":{"line":107,"column":28},"end":{"line":107,"column":null}}],"line":107}},"s":{"0":72,"1":287,"2":116,"3":116,"4":116,"5":0,"6":0,"7":0,"8":0,"9":0,"10":0,"11":0,"12":0,"13":0,"14":0,"15":0,"16":0,"17":0,"18":0,"19":0},"f":{"0":5,"1":5,"2":5,"3":5,"4":5,"5":5,"6":0,"7":5,"8":5,"9":5,"10":5},"b":{"0":[34,82],"1":[0,0],"2":[0,0]},"meta":{"lastBranch":3,"lastFunction":11,"lastStatement":20,"seen":{"f:26:9:26:14":0,"s:27:4:27:Infinity":0,"f:35:9:35:21":1,"s:36:4:36:Infinity":1,"f:45:9:45:23":2,"s:46:17:46:Infinity":2,"s:47:16:47:Infinity":3,"s:48:4:48:Infinity":4,"b:48:24:48:28:48:28:48:Infinity":0,"f:57:9:57:26":3,"s:58:4:58:Infinity":5,"f:67:9:67:18":4,"s:68:4:73:Infinity":6,"s:69:6:69:Infinity":7,"s:71:6:71:Infinity":8,"s:72:6:72:Infinity":9,"f:82:9:82:26":5,"s:83:30:83:Infinity":10,"s:84:4:86:Infinity":11,"f:84:21:84:22":6,"s:85:6:85:Infinity":12,"s:87:4:87:Infinity":13,"f:95:9:95:20":7,"s:96:4:96:Infinity":14,"b:96:11:96:31:96:31:96:Infinity":1,"f:104:9:104:22":8,"s:105:17:105:Infinity":15,"s:106:16:106:Infinity":16,"s:107:4:107:Infinity":17,"b:107:24:107:28:107:28:107:Infinity":2,"f:115:9:115:21":9,"s:116:4:116:Infinity":18,"f:124:9:124:19":10,"s:125:4:128:Infinity":19}}}
,"/Users/newmac/Downloads/SportsCenterHome1/server/utils/scraping/rateLimiter.ts": {"path":"/Users/newmac/Downloads/SportsCenterHome1/server/utils/scraping/rateLimiter.ts","statementMap":{"0":{"start":{"line":9,"column":2},"end":{"line":9,"column":null}},"1":{"start":{"line":17,"column":4},"end":{"line":17,"column":null}},"2":{"start":{"line":25,"column":21},"end":{"line":25,"column":null}},"3":{"start":{"line":26,"column":16},"end":{"line":26,"column":null}},"4":{"start":{"line":27,"column":33},"end":{"line":27,"column":null}},"5":{"start":{"line":29,"column":4},"end":{"line":32,"column":null}},"6":{"start":{"line":30,"column":23},"end":{"line":30,"column":null}},"7":{"start":{"line":31,"column":6},"end":{"line":31,"column":null}},"8":{"start":{"line":31,"column":35},"end":{"line":31,"column":64}},"9":{"start":{"line":34,"column":4},"end":{"line":34,"column":null}},"10":{"start":{"line":42,"column":4},"end":{"line":46,"column":null}},"11":{"start":{"line":43,"column":6},"end":{"line":43,"column":null}},"12":{"start":{"line":45,"column":6},"end":{"line":45,"column":null}},"13":{"start":{"line":55,"column":21},"end":{"line":55,"column":null}},"14":{"start":{"line":56,"column":33},"end":{"line":56,"column":null}},"15":{"start":{"line":57,"column":4},"end":{"line":57,"column":null}},"16":{"start":{"line":65,"column":33},"end":{"line":65,"column":null}}},"fnMap":{"0":{"name":"(anonymous_0)","decl":{"start":{"line":16,"column":2},"end":{"line":16,"column":14}},"loc":{"start":{"line":16,"column":38},"end":{"line":18,"column":null}},"line":16},"1":{"name":"(anonymous_1)","decl":{"start":{"line":24,"column":8},"end":{"line":24,"column":21}},"loc":{"start":{"line":24,"column":52},"end":{"line":35,"column":null}},"line":24},"2":{"name":"(anonymous_2)","decl":{"start":{"line":31,"column":24},"end":{"line":31,"column":35}},"loc":{"start":{"line":31,"column":35},"end":{"line":31,"column":64}},"line":31},"3":{"name":"(anonymous_3)","decl":{"start":{"line":41,"column":2},"end":{"line":41,"column":8}},"loc":{"start":{"line":41,"column":31},"end":{"line":47,"column":null}},"line":41},"4":{"name":"(anonymous_4)","decl":{"start":{"line":54,"column":2},"end":{"line":54,"column":26}},"loc":{"start":{"line":54,"column":50},"end":{"line":58,"column":null}},"line":54}},"branchMap":{"0":{"loc":{"start":{"line":16,"column":14},"end":{"line":16,"column":38}},"type":"default-arg","locations":[{"start":{"line":16,"column":32},"end":{"line":16,"column":38}}],"line":16},"1":{"loc":{"start":{"line":25,"column":21},"end":{"line":25,"column":null}},"type":"binary-expr","locations":[{"start":{"line":25,"column":21},"end":{"line":25,"column":53}},{"start":{"line":25,"column":53},"end":{"line":25,"column":null}}],"line":25},"2":{"loc":{"start":{"line":29,"column":4},"end":{"line":32,"column":null}},"type":"if","locations":[{"start":{"line":29,"column":4},"end":{"line":32,"column":null}},{"start":{},"end":{}}],"line":29},"3":{"loc":{"start":{"line":42,"column":4},"end":{"line":46,"column":null}},"type":"if","locations":[{"start":{"line":42,"column":4},"end":{"line":46,"column":null}},{"start":{"line":44,"column":11},"end":{"line":46,"column":null}}],"line":42},"4":{"loc":{"start":{"line":55,"column":21},"end":{"line":55,"column":null}},"type":"binary-expr","locations":[{"start":{"line":55,"column":21},"end":{"line":55,"column":53}},{"start":{"line":55,"column":53},"end":{"line":55,"column":null}}],"line":55}},"s":{"0":5,"1":5,"2":17,"3":17,"4":17,"5":17,"6":3,"7":3,"8":3,"9":17,"10":26,"11":0,"12":26,"13":0,"14":0,"15":0,"16":5},"f":{"0":5,"1":17,"2":3,"3":26,"4":0},"b":{"0":[5],"1":[17,5],"2":[3,14],"3":[0,26],"4":[0,0]},"meta":{"lastBranch":5,"lastFunction":5,"lastStatement":17,"seen":{"f:16:2:16:14":0,"b:16:32:16:38":0,"s:9:2:9:Infinity":0,"s:17:4:17:Infinity":1,"f:24:8:24:21":1,"s:25:21:25:Infinity":2,"b:25:21:25:53:25:53:25:Infinity":1,"s:26:16:26:Infinity":3,"s:27:33:27:Infinity":4,"b:29:4:32:Infinity:undefined:undefined:undefined:undefined":2,"s:29:4:32:Infinity":5,"s:30:23:30:Infinity":6,"s:31:6:31:Infinity":7,"f:31:24:31:35":2,"s:31:35:31:64":8,"s:34:4:34:Infinity":9,"f:41:2:41:8":3,"b:42:4:46:Infinity:44:11:46:Infinity":3,"s:42:4:46:Infinity":10,"s:43:6:43:Infinity":11,"s:45:6:45:Infinity":12,"f:54:2:54:26":4,"s:55:21:55:Infinity":13,"b:55:21:55:53:55:53:55:Infinity":4,"s:56:33:56:Infinity":14,"s:57:4:57:Infinity":15,"s:65:33:65:Infinity":16}}}
,"/Users/newmac/Downloads/SportsCenterHome1/server/utils/scraping/robotsChecker.ts": {"path":"/Users/newmac/Downloads/SportsCenterHome1/server/utils/scraping/robotsChecker.ts","statementMap":{"0":{"start":{"line":11,"column":2},"end":{"line":11,"column":null}},"1":{"start":{"line":19,"column":4},"end":{"line":19,"column":null}},"2":{"start":{"line":28,"column":4},"end":{"line":55,"column":null}},"3":{"start":{"line":29,"column":21},"end":{"line":29,"column":null}},"4":{"start":{"line":30,"column":21},"end":{"line":30,"column":null}},"5":{"start":{"line":31,"column":24},"end":{"line":31,"column":null}},"6":{"start":{"line":34,"column":6},"end":{"line":44,"column":null}},"7":{"start":{"line":35,"column":8},"end":{"line":43,"column":null}},"8":{"start":{"line":36,"column":27},"end":{"line":36,"column":null}},"9":{"start":{"line":37,"column":28},"end":{"line":37,"column":null}},"10":{"start":{"line":38,"column":10},"end":{"line":38,"column":null}},"11":{"start":{"line":40,"column":10},"end":{"line":40,"column":null}},"12":{"start":{"line":42,"column":10},"end":{"line":42,"column":null}},"13":{"start":{"line":46,"column":20},"end":{"line":46,"column":null}},"14":{"start":{"line":47,"column":22},"end":{"line":47,"column":null}},"15":{"start":{"line":50,"column":6},"end":{"line":50,"column":null}},"16":{"start":{"line":53,"column":6},"end":{"line":53,"column":null}},"17":{"start":{"line":54,"column":6},"end":{"line":54,"column":null}},"18":{"start":{"line":64,"column":18},"end":{"line":64,"column":null}},"19":{"start":{"line":65,"column":4},"end":{"line":65,"column":null}},"20":{"start":{"line":65,"column":16},"end":{"line":65,"column":null}},"21":{"start":{"line":67,"column":4},"end":{"line":71,"column":null}},"22":{"start":{"line":68,"column":6},"end":{"line":68,"column":null}},"23":{"start":{"line":70,"column":6},"end":{"line":70,"column":null}},"24":{"start":{"line":79,"column":4},"end":{"line":83,"column":null}},"25":{"start":{"line":80,"column":6},"end":{"line":80,"column":null}},"26":{"start":{"line":82,"column":6},"end":{"line":82,"column":null}},"27":{"start":{"line":90,"column":4},"end":{"line":90,"column":null}},"28":{"start":{"line":98,"column":35},"end":{"line":98,"column":null}}},"fnMap":{"0":{"name":"(anonymous_0)","decl":{"start":{"line":18,"column":2},"end":{"line":18,"column":14}},"loc":{"start":{"line":18,"column":57},"end":{"line":20,"column":null}},"line":18},"1":{"name":"(anonymous_1)","decl":{"start":{"line":27,"column":8},"end":{"line":27,"column":17}},"loc":{"start":{"line":27,"column":48},"end":{"line":56,"column":null}},"line":27},"2":{"name":"(anonymous_2)","decl":{"start":{"line":63,"column":2},"end":{"line":63,"column":16}},"loc":{"start":{"line":63,"column":47},"end":{"line":72,"column":null}},"line":63},"3":{"name":"(anonymous_3)","decl":{"start":{"line":78,"column":2},"end":{"line":78,"column":13}},"loc":{"start":{"line":78,"column":36},"end":{"line":84,"column":null}},"line":78},"4":{"name":"(anonymous_4)","decl":{"start":{"line":89,"column":2},"end":{"line":89,"column":25}},"loc":{"start":{"line":89,"column":25},"end":{"line":91,"column":null}},"line":89}},"branchMap":{"0":{"loc":{"start":{"line":18,"column":14},"end":{"line":18,"column":57}},"type":"default-arg","locations":[{"start":{"line":18,"column":34},"end":{"line":18,"column":57}}],"line":18},"1":{"loc":{"start":{"line":34,"column":6},"end":{"line":44,"column":null}},"type":"if","locations":[{"start":{"line":34,"column":6},"end":{"line":44,"column":null}},{"start":{},"end":{}}],"line":34},"2":{"loc":{"start":{"line":37,"column":28},"end":{"line":37,"column":null}},"type":"cond-expr","locations":[{"start":{"line":37,"column":42},"end":{"line":37,"column":66}},{"start":{"line":37,"column":66},"end":{"line":37,"column":null}}],"line":37},"3":{"loc":{"start":{"line":50,"column":13},"end":{"line":50,"column":null}},"type":"binary-expr","locations":[{"start":{"line":50,"column":13},"end":{"line":50,"column":24}},{"start":{"line":50,"column":24},"end":{"line":50,"column":null}}],"line":50},"4":{"loc":{"start":{"line":65,"column":4},"end":{"line":65,"column":null}},"type":"if","locations":[{"start":{"line":65,"column":4},"end":{"line":65,"column":null}},{"start":{},"end":{}}],"line":65},"5":{"loc":{"start":{"line":68,"column":13},"end":{"line":68,"column":null}},"type":"binary-expr","locations":[{"start":{"line":68,"column":13},"end":{"line":68,"column":52}},{"start":{"line":68,"column":52},"end":{"line":68,"column":null}}],"line":68},"6":{"loc":{"start":{"line":79,"column":4},"end":{"line":83,"column":null}},"type":"if","locations":[{"start":{"line":79,"column":4},"end":{"line":83,"column":null}},{"start":{"line":81,"column":11},"end":{"line":83,"column":null}}],"line":79}},"s":{"0":5,"1":5,"2":51,"3":51,"4":51,"5":51,"6":51,"7":37,"8":37,"9":37,"10":37,"11":0,"12":0,"13":51,"14":51,"15":51,"16":0,"17":0,"18":0,"19":0,"20":0,"21":0,"22":0,"23":0,"24":35,"25":0,"26":35,"27":0,"28":5},"f":{"0":5,"1":51,"2":0,"3":35,"4":0},"b":{"0":[5],"1":[37,14],"2":[33,4],"3":[51,0],"4":[0,0],"5":[0,0],"6":[0,35]},"meta":{"lastBranch":7,"lastFunction":5,"lastStatement":29,"seen":{"f:18:2:18:14":0,"b:18:34:18:57":0,"s:11:2:11:Infinity":0,"s:19:4:19:Infinity":1,"f:27:8:27:17":1,"s:28:4:55:Infinity":2,"s:29:21:29:Infinity":3,"s:30:21:30:Infinity":4,"s:31:24:31:Infinity":5,"b:34:6:44:Infinity:undefined:undefined:undefined:undefined":1,"s:34:6:44:Infinity":6,"s:35:8:43:Infinity":7,"s:36:27:36:Infinity":8,"s:37:28:37:Infinity":9,"b:37:42:37:66:37:66:37:Infinity":2,"s:38:10:38:Infinity":10,"s:40:10:40:Infinity":11,"s:42:10:42:Infinity":12,"s:46:20:46:Infinity":13,"s:47:22:47:Infinity":14,"s:50:6:50:Infinity":15,"b:50:13:50:24:50:24:50:Infinity":3,"s:53:6:53:Infinity":16,"s:54:6:54:Infinity":17,"f:63:2:63:16":2,"s:64:18:64:Infinity":18,"b:65:4:65:Infinity:undefined:undefined:undefined:undefined":4,"s:65:4:65:Infinity":19,"s:65:16:65:Infinity":20,"s:67:4:71:Infinity":21,"s:68:6:68:Infinity":22,"b:68:13:68:52:68:52:68:Infinity":5,"s:70:6:70:Infinity":23,"f:78:2:78:13":3,"b:79:4:83:Infinity:81:11:83:Infinity":6,"s:79:4:83:Infinity":24,"s:80:6:80:Infinity":25,"s:82:6:82:Infinity":26,"f:89:2:89:25":4,"s:90:4:90:Infinity":27,"s:98:35:98:Infinity":28}}}
,"/Users/newmac/Downloads/SportsCenterHome1/server/utils/scraping/teamMapper.ts": {"path":"/Users/newmac/Downloads/SportsCenterHome1/server/utils/scraping/teamMapper.ts","statementMap":{"0":{"start":{"line":14,"column":2},"end":{"line":86,"column":null}},"1":{"start":{"line":89,"column":2},"end":{"line":169,"column":null}},"2":{"start":{"line":172,"column":2},"end":{"line":244,"column":null}},"3":{"start":{"line":247,"column":2},"end":{"line":319,"column":null}},"4":{"start":{"line":328,"column":23},"end":{"line":328,"column":null}},"5":{"start":{"line":329,"column":23},"end":{"line":329,"column":null}},"6":{"start":{"line":332,"column":4},"end":{"line":351,"column":null}},"7":{"start":{"line":335,"column":8},"end":{"line":335,"column":null}},"8":{"start":{"line":336,"column":8},"end":{"line":336,"column":null}},"9":{"start":{"line":339,"column":8},"end":{"line":339,"column":null}},"10":{"start":{"line":340,"column":8},"end":{"line":340,"column":null}},"11":{"start":{"line":343,"column":8},"end":{"line":343,"column":null}},"12":{"start":{"line":344,"column":8},"end":{"line":344,"column":null}},"13":{"start":{"line":347,"column":8},"end":{"line":347,"column":null}},"14":{"start":{"line":348,"column":8},"end":{"line":348,"column":null}},"15":{"start":{"line":350,"column":8},"end":{"line":350,"column":null}},"16":{"start":{"line":354,"column":4},"end":{"line":356,"column":null}},"17":{"start":{"line":355,"column":6},"end":{"line":355,"column":null}},"18":{"start":{"line":359,"column":22},"end":{"line":359,"column":null}},"19":{"start":{"line":360,"column":4},"end":{"line":364,"column":null}},"20":{"start":{"line":361,"column":6},"end":{"line":363,"column":null}},"21":{"start":{"line":362,"column":8},"end":{"line":362,"column":null}},"22":{"start":{"line":367,"column":4},"end":{"line":367,"column":null}},"23":{"start":{"line":376,"column":18},"end":{"line":376,"column":null}},"24":{"start":{"line":377,"column":4},"end":{"line":377,"column":null}},"25":{"start":{"line":386,"column":18},"end":{"line":386,"column":null}},"26":{"start":{"line":387,"column":4},"end":{"line":387,"column":null}},"27":{"start":{"line":396,"column":18},"end":{"line":396,"column":null}},"28":{"start":{"line":397,"column":4},"end":{"line":397,"column":null}}},"fnMap":{"0":{"name":"(anonymous_0)","decl":{"start":{"line":327,"column":9},"end":{"line":327,"column":17}},"loc":{"start":{"line":327,"column":58},"end":{"line":368,"column":null}},"line":327},"1":{"name":"(anonymous_1)","decl":{"start":{"line":375,"column":9},"end":{"line":375,"column":23}},"loc":{"start":{"line":375,"column":47},"end":{"line":378,"column":null}},"line":375},"2":{"name":"(anonymous_2)","decl":{"start":{"line":385,"column":9},"end":{"line":385,"column":24}},"loc":{"start":{"line":385,"column":48},"end":{"line":388,"column":null}},"line":385},"3":{"name":"(anonymous_3)","decl":{"start":{"line":395,"column":9},"end":{"line":395,"column":23}},"loc":{"start":{"line":395,"column":48},"end":{"line":398,"column":null}},"line":395}},"branchMap":{"0":{"loc":{"start":{"line":332,"column":4},"end":{"line":351,"column":null}},"type":"switch","locations":[{"start":{"line":333,"column":6},"end":{"line":333,"column":null}},{"start":{"line":334,"column":6},"end":{"line":336,"column":null}},{"start":{"line":337,"column":6},"end":{"line":337,"column":null}},{"start":{"line":338,"column":6},"end":{"line":340,"column":null}},{"start":{"line":341,"column":6},"end":{"line":341,"column":null}},{"start":{"line":342,"column":6},"end":{"line":344,"column":null}},{"start":{"line":345,"column":6},"end":{"line":345,"column":null}},{"start":{"line":346,"column":6},"end":{"line":348,"column":null}},{"start":{"line":349,"column":6},"end":{"line":350,"column":null}}],"line":332},"1":{"loc":{"start":{"line":354,"column":4},"end":{"line":356,"column":null}},"type":"if","locations":[{"start":{"line":354,"column":4},"end":{"line":356,"column":null}},{"start":{},"end":{}}],"line":354},"2":{"loc":{"start":{"line":361,"column":6},"end":{"line":363,"column":null}},"type":"if","locations":[{"start":{"line":361,"column":6},"end":{"line":363,"column":null}},{"start":{},"end":{}}],"line":361},"3":{"loc":{"start":{"line":377,"column":11},"end":{"line":377,"column":null}},"type":"cond-expr","locations":[{"start":{"line":377,"column":30},"end":{"line":377,"column":41}},{"start":{"line":377,"column":41},"end":{"line":377,"column":null}}],"line":377},"4":{"loc":{"start":{"line":387,"column":11},"end":{"line":387,"column":null}},"type":"cond-expr","locations":[{"start":{"line":387,"column":30},"end":{"line":387,"column":41}},{"start":{"line":387,"column":41},"end":{"line":387,"column":null}}],"line":387},"5":{"loc":{"start":{"line":397,"column":11},"end":{"line":397,"column":null}},"type":"binary-expr","locations":[{"start":{"line":397,"column":11},"end":{"line":397,"column":33}},{"start":{"line":397,"column":33},"end":{"line":397,"column":56}},{"start":{"line":397,"column":56},"end":{"line":397,"column":null}}],"line":397}},"s":{"0":5,"1":5,"2":5,"3":5,"4":120,"5":120,"6":120,"7":46,"8":46,"9":54,"10":54,"11":12,"12":12,"13":8,"14":8,"15":0,"16":120,"17":94,"18":26,"19":26,"20":1664,"21":0,"22":26,"23":0,"24":0,"25":0,"26":0,"27":0,"28":0},"f":{"0":5,"1":5,"2":5,"3":5},"b":{"0":[46,46,54,54,12,12,8,8,0],"1":[94,26],"2":[0,1664],"3":[0,0],"4":[0,0],"5":[0,0,0]},"meta":{"lastBranch":6,"lastFunction":4,"lastStatement":29,"seen":{"s:14:2:86:Infinity":0,"s:89:2:169:Infinity":1,"s:172:2:244:Infinity":2,"s:247:2:319:Infinity":3,"f:327:9:327:17":0,"s:328:23:328:Infinity":4,"s:329:23:329:Infinity":5,"b:333:6:333:Infinity:334:6:336:Infinity:337:6:337:Infinity:338:6:340:Infinity:341:6:341:Infinity:342:6:344:Infinity:345:6:345:Infinity:346:6:348:Infinity:349:6:350:Infinity":0,"s:332:4:351:Infinity":6,"s:335:8:335:Infinity":7,"s:336:8:336:Infinity":8,"s:339:8:339:Infinity":9,"s:340:8:340:Infinity":10,"s:343:8:343:Infinity":11,"s:344:8:344:Infinity":12,"s:347:8:347:Infinity":13,"s:348:8:348:Infinity":14,"s:350:8:350:Infinity":15,"b:354:4:356:Infinity:undefined:undefined:undefined:undefined":1,"s:354:4:356:Infinity":16,"s:355:6:355:Infinity":17,"s:359:22:359:Infinity":18,"s:360:4:364:Infinity":19,"b:361:6:363:Infinity:undefined:undefined:undefined:undefined":2,"s:361:6:363:Infinity":20,"s:362:8:362:Infinity":21,"s:367:4:367:Infinity":22,"f:375:9:375:23":1,"s:376:18:376:Infinity":23,"s:377:4:377:Infinity":24,"b:377:30:377:41:377:41:377:Infinity":3,"f:385:9:385:24":2,"s:386:18:386:Infinity":25,"s:387:4:387:Infinity":26,"b:387:30:387:41:387:41:387:Infinity":4,"f:395:9:395:23":3,"s:396:18:396:Infinity":27,"s:397:4:397:Infinity":28,"b:397:11:397:33:397:33:397:56:397:56:397:Infinity":5}}}
}
