{"/Users/myles/Desktop/SportsCenterHome1/server/agents/adapters/dummyScoreSource.ts": {"path":"/Users/myles/Desktop/SportsCenterHome1/server/agents/adapters/dummyScoreSource.ts","statementMap":{"0":{"start":{"line":7,"column":20},"end":{"line":7,"column":null}},"1":{"start":{"line":8,"column":18},"end":{"line":8,"column":null}},"2":{"start":{"line":9,"column":30},"end":{"line":9,"column":null}},"3":{"start":{"line":10,"column":16},"end":{"line":10,"column":null}},"4":{"start":{"line":12,"column":4},"end":{"line":29,"column":null}},"5":{"start":{"line":12,"column":17},"end":{"line":12,"column":20}},"6":{"start":{"line":13,"column":19},"end":{"line":13,"column":null}},"7":{"start":{"line":14,"column":19},"end":{"line":14,"column":null}},"8":{"start":{"line":15,"column":6},"end":{"line":15,"column":null}},"9":{"start":{"line":15,"column":43},"end":{"line":15,"column":null}},"10":{"start":{"line":16,"column":17},"end":{"line":16,"column":null}},"11":{"start":{"line":17,"column":6},"end":{"line":28,"column":null}},"12":{"start":{"line":31,"column":4},"end":{"line":31,"column":null}},"13":{"start":{"line":35,"column":16},"end":{"line":35,"column":null}},"14":{"start":{"line":36,"column":33},"end":{"line":36,"column":null}},"15":{"start":{"line":37,"column":4},"end":{"line":55,"column":null}},"16":{"start":{"line":37,"column":17},"end":{"line":37,"column":20}},"17":{"start":{"line":38,"column":23},"end":{"line":38,"column":null}},"18":{"start":{"line":39,"column":23},"end":{"line":39,"column":null}},"19":{"start":{"line":40,"column":6},"end":{"line":40,"column":null}},"20":{"start":{"line":40,"column":59},"end":{"line":40,"column":null}},"21":{"start":{"line":41,"column":25},"end":{"line":41,"column":null}},"22":{"start":{"line":42,"column":25},"end":{"line":42,"column":null}},"23":{"start":{"line":43,"column":6},"end":{"line":54,"column":null}},"24":{"start":{"line":56,"column":4},"end":{"line":56,"column":null}},"25":{"start":{"line":60,"column":36},"end":{"line":60,"column":null}},"26":{"start":{"line":61,"column":20},"end":{"line":61,"column":null}},"27":{"start":{"line":62,"column":4},"end":{"line":78,"column":null}},"28":{"start":{"line":62,"column":17},"end":{"line":62,"column":20}},"29":{"start":{"line":63,"column":23},"end":{"line":63,"column":null}},"30":{"start":{"line":64,"column":23},"end":{"line":64,"column":null}},"31":{"start":{"line":65,"column":6},"end":{"line":65,"column":null}},"32":{"start":{"line":65,"column":59},"end":{"line":65,"column":null}},"33":{"start":{"line":66,"column":25},"end":{"line":66,"column":null}},"34":{"start":{"line":67,"column":25},"end":{"line":67,"column":null}},"35":{"start":{"line":68,"column":24},"end":{"line":68,"column":null}},"36":{"start":{"line":69,"column":6},"end":{"line":69,"column":null}},"37":{"start":{"line":69,"column":31},"end":{"line":69,"column":null}},"38":{"start":{"line":70,"column":6},"end":{"line":77,"column":null}},"39":{"start":{"line":79,"column":4},"end":{"line":79,"column":null}},"40":{"start":{"line":83,"column":18},"end":{"line":83,"column":null}},"41":{"start":{"line":84,"column":16},"end":{"line":84,"column":null}},"42":{"start":{"line":85,"column":18},"end":{"line":85,"column":null}},"43":{"start":{"line":86,"column":36},"end":{"line":86,"column":null}},"44":{"start":{"line":87,"column":4},"end":{"line":101,"column":null}},"45":{"start":{"line":87,"column":17},"end":{"line":87,"column":20}},"46":{"start":{"line":88,"column":23},"end":{"line":88,"column":null}},"47":{"start":{"line":89,"column":23},"end":{"line":89,"column":null}},"48":{"start":{"line":90,"column":25},"end":{"line":90,"column":null}},"49":{"start":{"line":91,"column":25},"end":{"line":91,"column":null}},"50":{"start":{"line":92,"column":24},"end":{"line":92,"column":null}},"51":{"start":{"line":93,"column":6},"end":{"line":100,"column":null}},"52":{"start":{"line":102,"column":4},"end":{"line":102,"column":null}}},"fnMap":{"0":{"name":"(anonymous_0)","decl":{"start":{"line":6,"column":8},"end":{"line":6,"column":25}},"loc":{"start":{"line":6,"column":97},"end":{"line":32,"column":null}},"line":6},"1":{"name":"(anonymous_1)","decl":{"start":{"line":34,"column":8},"end":{"line":34,"column":18}},"loc":{"start":{"line":34,"column":61},"end":{"line":57,"column":null}},"line":34},"2":{"name":"(anonymous_2)","decl":{"start":{"line":59,"column":8},"end":{"line":59,"column":22}},"loc":{"start":{"line":59,"column":100},"end":{"line":80,"column":null}},"line":59},"3":{"name":"(anonymous_3)","decl":{"start":{"line":82,"column":8},"end":{"line":82,"column":27}},"loc":{"start":{"line":82,"column":82},"end":{"line":103,"column":null}},"line":82}},"branchMap":{"0":{"loc":{"start":{"line":7,"column":20},"end":{"line":7,"column":null}},"type":"binary-expr","locations":[{"start":{"line":7,"column":20},"end":{"line":7,"column":39}},{"start":{"line":7,"column":39},"end":{"line":7,"column":null}}],"line":7},"1":{"loc":{"start":{"line":8,"column":18},"end":{"line":8,"column":null}},"type":"binary-expr","locations":[{"start":{"line":8,"column":18},"end":{"line":8,"column":35}},{"start":{"line":8,"column":35},"end":{"line":8,"column":null}}],"line":8},"2":{"loc":{"start":{"line":15,"column":6},"end":{"line":15,"column":null}},"type":"if","locations":[{"start":{"line":15,"column":6},"end":{"line":15,"column":null}},{"start":{},"end":{}}],"line":15},"3":{"loc":{"start":{"line":15,"column":10},"end":{"line":15,"column":43}},"type":"binary-expr","locations":[{"start":{"line":15,"column":10},"end":{"line":15,"column":19}},{"start":{"line":15,"column":19},"end":{"line":15,"column":28}},{"start":{"line":15,"column":28},"end":{"line":15,"column":43}}],"line":15},"4":{"loc":{"start":{"line":39,"column":23},"end":{"line":39,"column":null}},"type":"binary-expr","locations":[{"start":{"line":39,"column":23},"end":{"line":39,"column":43}},{"start":{"line":39,"column":43},"end":{"line":39,"column":null}}],"line":39},"5":{"loc":{"start":{"line":40,"column":6},"end":{"line":40,"column":null}},"type":"if","locations":[{"start":{"line":40,"column":6},"end":{"line":40,"column":null}},{"start":{},"end":{}}],"line":40},"6":{"loc":{"start":{"line":40,"column":10},"end":{"line":40,"column":59}},"type":"binary-expr","locations":[{"start":{"line":40,"column":10},"end":{"line":40,"column":23}},{"start":{"line":40,"column":23},"end":{"line":40,"column":36}},{"start":{"line":40,"column":36},"end":{"line":40,"column":59}}],"line":40},"7":{"loc":{"start":{"line":64,"column":23},"end":{"line":64,"column":null}},"type":"binary-expr","locations":[{"start":{"line":64,"column":23},"end":{"line":64,"column":43}},{"start":{"line":64,"column":43},"end":{"line":64,"column":null}}],"line":64},"8":{"loc":{"start":{"line":65,"column":6},"end":{"line":65,"column":null}},"type":"if","locations":[{"start":{"line":65,"column":6},"end":{"line":65,"column":null}},{"start":{},"end":{}}],"line":65},"9":{"loc":{"start":{"line":65,"column":10},"end":{"line":65,"column":59}},"type":"binary-expr","locations":[{"start":{"line":65,"column":10},"end":{"line":65,"column":23}},{"start":{"line":65,"column":23},"end":{"line":65,"column":36}},{"start":{"line":65,"column":36},"end":{"line":65,"column":59}}],"line":65},"10":{"loc":{"start":{"line":69,"column":6},"end":{"line":69,"column":null}},"type":"if","locations":[{"start":{"line":69,"column":6},"end":{"line":69,"column":null}},{"start":{},"end":{}}],"line":69}},"s":{"0":0,"1":0,"2":0,"3":0,"4":0,"5":0,"6":0,"7":0,"8":0,"9":0,"10":0,"11":0,"12":0,"13":0,"14":0,"15":0,"16":0,"17":0,"18":0,"19":0,"20":0,"21":0,"22":0,"23":0,"24":0,"25":0,"26":0,"27":0,"28":0,"29":0,"30":0,"31":0,"32":0,"33":0,"34":0,"35":0,"36":0,"37":0,"38":0,"39":0,"40":0,"41":0,"42":0,"43":0,"44":0,"45":0,"46":0,"47":0,"48":0,"49":0,"50":0,"51":0,"52":0},"f":{"0":0,"1":0,"2":0,"3":0},"b":{"0":[0,0],"1":[0,0],"2":[0,0],"3":[0,0,0],"4":[0,0],"5":[0,0],"6":[0,0,0],"7":[0,0],"8":[0,0],"9":[0,0,0],"10":[0,0]},"meta":{"lastBranch":11,"lastFunction":4,"lastStatement":53,"seen":{"f:6:8:6:25":0,"s:7:20:7:Infinity":0,"b:7:20:7:39:7:39:7:Infinity":0,"s:8:18:8:Infinity":1,"b:8:18:8:35:8:35:8:Infinity":1,"s:9:30:9:Infinity":2,"s:10:16:10:Infinity":3,"s:12:4:29:Infinity":4,"s:12:17:12:20":5,"s:13:19:13:Infinity":6,"s:14:19:14:Infinity":7,"b:15:6:15:Infinity:undefined:undefined:undefined:undefined":2,"s:15:6:15:Infinity":8,"b:15:10:15:19:15:19:15:28:15:28:15:43":3,"s:15:43:15:Infinity":9,"s:16:17:16:Infinity":10,"s:17:6:28:Infinity":11,"s:31:4:31:Infinity":12,"f:34:8:34:18":1,"s:35:16:35:Infinity":13,"s:36:33:36:Infinity":14,"s:37:4:55:Infinity":15,"s:37:17:37:20":16,"s:38:23:38:Infinity":17,"s:39:23:39:Infinity":18,"b:39:23:39:43:39:43:39:Infinity":4,"b:40:6:40:Infinity:undefined:undefined:undefined:undefined":5,"s:40:6:40:Infinity":19,"b:40:10:40:23:40:23:40:36:40:36:40:59":6,"s:40:59:40:Infinity":20,"s:41:25:41:Infinity":21,"s:42:25:42:Infinity":22,"s:43:6:54:Infinity":23,"s:56:4:56:Infinity":24,"f:59:8:59:22":2,"s:60:36:60:Infinity":25,"s:61:20:61:Infinity":26,"s:62:4:78:Infinity":27,"s:62:17:62:20":28,"s:63:23:63:Infinity":29,"s:64:23:64:Infinity":30,"b:64:23:64:43:64:43:64:Infinity":7,"b:65:6:65:Infinity:undefined:undefined:undefined:undefined":8,"s:65:6:65:Infinity":31,"b:65:10:65:23:65:23:65:36:65:36:65:59":9,"s:65:59:65:Infinity":32,"s:66:25:66:Infinity":33,"s:67:25:67:Infinity":34,"s:68:24:68:Infinity":35,"b:69:6:69:Infinity:undefined:undefined:undefined:undefined":10,"s:69:6:69:Infinity":36,"s:69:31:69:Infinity":37,"s:70:6:77:Infinity":38,"s:79:4:79:Infinity":39,"f:82:8:82:27":3,"s:83:18:83:Infinity":40,"s:84:16:84:Infinity":41,"s:85:18:85:Infinity":42,"s:86:36:86:Infinity":43,"s:87:4:101:Infinity":44,"s:87:17:87:20":45,"s:88:23:88:Infinity":46,"s:89:23:89:Infinity":47,"s:90:25:90:Infinity":48,"s:91:25:91:Infinity":49,"s:92:24:92:Infinity":50,"s:93:6:100:Infinity":51,"s:102:4:102:Infinity":52}}}
,"/Users/myles/Desktop/SportsCenterHome1/server/agents/adapters/idUtils.ts": {"path":"/Users/myles/Desktop/SportsCenterHome1/server/agents/adapters/idUtils.ts","statementMap":{"0":{"start":{"line":15,"column":19},"end":{"line":15,"column":null}},"1":{"start":{"line":16,"column":19},"end":{"line":16,"column":null}},"2":{"start":{"line":18,"column":19},"end":{"line":18,"column":null}},"3":{"start":{"line":19,"column":2},"end":{"line":19,"column":null}},"4":{"start":{"line":23,"column":15},"end":{"line":23,"column":null}},"5":{"start":{"line":24,"column":16},"end":{"line":24,"column":null}},"6":{"start":{"line":25,"column":14},"end":{"line":25,"column":null}},"7":{"start":{"line":26,"column":2},"end":{"line":26,"column":null}}},"fnMap":{"0":{"name":"buildStableGameId","decl":{"start":{"line":8,"column":16},"end":{"line":8,"column":null}},"loc":{"start":{"line":14,"column":10},"end":{"line":20,"column":null}},"line":14},"1":{"name":"formatDateYYYYMMDD","decl":{"start":{"line":22,"column":9},"end":{"line":22,"column":28}},"loc":{"start":{"line":22,"column":45},"end":{"line":27,"column":null}},"line":22}},"branchMap":{"0":{"loc":{"start":{"line":18,"column":19},"end":{"line":18,"column":null}},"type":"cond-expr","locations":[{"start":{"line":18,"column":36},"end":{"line":18,"column":79}},{"start":{"line":18,"column":79},"end":{"line":18,"column":null}}],"line":18}},"s":{"0":40,"1":40,"2":40,"3":40,"4":0,"5":0,"6":0,"7":0},"f":{"0":40,"1":0},"b":{"0":[0,40]},"meta":{"lastBranch":1,"lastFunction":2,"lastStatement":8,"seen":{"f:8:16:8:Infinity":0,"s:15:19:15:Infinity":0,"s:16:19:16:Infinity":1,"s:18:19:18:Infinity":2,"b:18:36:18:79:18:79:18:Infinity":0,"s:19:2:19:Infinity":3,"f:22:9:22:28":1,"s:23:15:23:Infinity":4,"s:24:16:24:Infinity":5,"s:25:14:25:Infinity":6,"s:26:2:26:Infinity":7}}}
,"/Users/myles/Desktop/SportsCenterHome1/server/agents/adapters/index.ts": {"path":"/Users/myles/Desktop/SportsCenterHome1/server/agents/adapters/index.ts","statementMap":{},"fnMap":{},"branchMap":{},"s":{},"f":{},"b":{},"meta":{"lastBranch":0,"lastFunction":0,"lastStatement":0,"seen":{}}}
,"/Users/myles/Desktop/SportsCenterHome1/server/agents/adapters/mlbAdapter.ts": {"path":"/Users/myles/Desktop/SportsCenterHome1/server/agents/adapters/mlbAdapter.ts","statementMap":{"0":{"start":{"line":24,"column":2},"end":{"line":24,"column":null}},"1":{"start":{"line":25,"column":2},"end":{"line":30,"column":null}},"2":{"start":{"line":39,"column":4},"end":{"line":39,"column":null}},"3":{"start":{"line":41,"column":4},"end":{"line":61,"column":null}},"4":{"start":{"line":43,"column":24},"end":{"line":43,"column":null}},"5":{"start":{"line":43,"column":51},"end":{"line":43,"column":67}},"6":{"start":{"line":44,"column":21},"end":{"line":44,"column":null}},"7":{"start":{"line":47,"column":6},"end":{"line":57,"column":null}},"8":{"start":{"line":47,"column":63},"end":{"line":57,"column":8}},"9":{"start":{"line":59,"column":6},"end":{"line":59,"column":null}},"10":{"start":{"line":60,"column":6},"end":{"line":60,"column":null}},"11":{"start":{"line":72,"column":4},"end":{"line":72,"column":null}},"12":{"start":{"line":75,"column":4},"end":{"line":83,"column":null}},"13":{"start":{"line":76,"column":20},"end":{"line":76,"column":null}},"14":{"start":{"line":77,"column":6},"end":{"line":80,"column":null}},"15":{"start":{"line":78,"column":8},"end":{"line":78,"column":null}},"16":{"start":{"line":79,"column":8},"end":{"line":79,"column":null}},"17":{"start":{"line":82,"column":6},"end":{"line":82,"column":null}},"18":{"start":{"line":86,"column":4},"end":{"line":94,"column":null}},"19":{"start":{"line":87,"column":20},"end":{"line":87,"column":null}},"20":{"start":{"line":88,"column":6},"end":{"line":91,"column":null}},"21":{"start":{"line":89,"column":8},"end":{"line":89,"column":null}},"22":{"start":{"line":90,"column":8},"end":{"line":90,"column":null}},"23":{"start":{"line":93,"column":6},"end":{"line":93,"column":null}},"24":{"start":{"line":96,"column":4},"end":{"line":96,"column":null}},"25":{"start":{"line":113,"column":4},"end":{"line":113,"column":null}},"26":{"start":{"line":114,"column":4},"end":{"line":114,"column":null}},"27":{"start":{"line":125,"column":4},"end":{"line":125,"column":null}},"28":{"start":{"line":126,"column":4},"end":{"line":126,"column":null}},"29":{"start":{"line":137,"column":4},"end":{"line":137,"column":null}},"30":{"start":{"line":139,"column":4},"end":{"line":155,"column":null}},"31":{"start":{"line":141,"column":24},"end":{"line":141,"column":null}},"32":{"start":{"line":144,"column":6},"end":{"line":151,"column":null}},"33":{"start":{"line":144,"column":52},"end":{"line":151,"column":8}},"34":{"start":{"line":153,"column":6},"end":{"line":153,"column":null}},"35":{"start":{"line":154,"column":6},"end":{"line":154,"column":null}},"36":{"start":{"line":166,"column":4},"end":{"line":326,"column":null}},"37":{"start":{"line":168,"column":18},"end":{"line":168,"column":null}},"38":{"start":{"line":169,"column":16},"end":{"line":169,"column":null}},"39":{"start":{"line":170,"column":16},"end":{"line":170,"column":null}},"40":{"start":{"line":171,"column":16},"end":{"line":171,"column":null}},"41":{"start":{"line":172,"column":22},"end":{"line":172,"column":null}},"42":{"start":{"line":174,"column":18},"end":{"line":174,"column":null}},"43":{"start":{"line":175,"column":19},"end":{"line":175,"column":null}},"44":{"start":{"line":177,"column":33},"end":{"line":177,"column":null}},"45":{"start":{"line":178,"column":21},"end":{"line":178,"column":null}},"46":{"start":{"line":180,"column":6},"end":{"line":253,"column":null}},"47":{"start":{"line":181,"column":8},"end":{"line":252,"column":null}},"48":{"start":{"line":182,"column":30},"end":{"line":182,"column":null}},"49":{"start":{"line":183,"column":30},"end":{"line":183,"column":null}},"50":{"start":{"line":184,"column":27},"end":{"line":184,"column":null}},"51":{"start":{"line":184,"column":56},"end":{"line":184,"column":77}},"52":{"start":{"line":185,"column":27},"end":{"line":185,"column":null}},"53":{"start":{"line":185,"column":56},"end":{"line":185,"column":77}},"54":{"start":{"line":186,"column":10},"end":{"line":186,"column":null}},"55":{"start":{"line":186,"column":38},"end":{"line":186,"column":null}},"56":{"start":{"line":188,"column":27},"end":{"line":188,"column":null}},"57":{"start":{"line":189,"column":27},"end":{"line":189,"column":null}},"58":{"start":{"line":190,"column":27},"end":{"line":190,"column":null}},"59":{"start":{"line":191,"column":27},"end":{"line":191,"column":null}},"60":{"start":{"line":194,"column":28},"end":{"line":194,"column":null}},"61":{"start":{"line":194,"column":44},"end":{"line":194,"column":null}},"62":{"start":{"line":195,"column":27},"end":{"line":195,"column":null}},"63":{"start":{"line":196,"column":27},"end":{"line":196,"column":null}},"64":{"start":{"line":197,"column":10},"end":{"line":199,"column":null}},"65":{"start":{"line":198,"column":12},"end":{"line":198,"column":null}},"66":{"start":{"line":200,"column":10},"end":{"line":202,"column":null}},"67":{"start":{"line":201,"column":12},"end":{"line":201,"column":null}},"68":{"start":{"line":205,"column":10},"end":{"line":211,"column":null}},"69":{"start":{"line":206,"column":29},"end":{"line":206,"column":null}},"70":{"start":{"line":207,"column":29},"end":{"line":207,"column":null}},"71":{"start":{"line":208,"column":12},"end":{"line":210,"column":null}},"72":{"start":{"line":209,"column":14},"end":{"line":209,"column":null}},"73":{"start":{"line":213,"column":28},"end":{"line":213,"column":null}},"74":{"start":{"line":214,"column":28},"end":{"line":214,"column":null}},"75":{"start":{"line":216,"column":31},"end":{"line":216,"column":null}},"76":{"start":{"line":217,"column":16},"end":{"line":217,"column":null}},"77":{"start":{"line":219,"column":12},"end":{"line":221,"column":null}},"78":{"start":{"line":223,"column":25},"end":{"line":223,"column":null}},"79":{"start":{"line":224,"column":27},"end":{"line":224,"column":null}},"80":{"start":{"line":225,"column":23},"end":{"line":225,"column":null}},"81":{"start":{"line":226,"column":32},"end":{"line":226,"column":null}},"82":{"start":{"line":228,"column":31},"end":{"line":228,"column":null}},"83":{"start":{"line":229,"column":28},"end":{"line":229,"column":null}},"84":{"start":{"line":230,"column":25},"end":{"line":230,"column":null}},"85":{"start":{"line":233,"column":10},"end":{"line":236,"column":null}},"86":{"start":{"line":234,"column":12},"end":{"line":234,"column":null}},"87":{"start":{"line":235,"column":12},"end":{"line":235,"column":null}},"88":{"start":{"line":238,"column":10},"end":{"line":249,"column":null}},"89":{"start":{"line":251,"column":10},"end":{"line":251,"column":null}},"90":{"start":{"line":255,"column":6},"end":{"line":255,"column":null}},"91":{"start":{"line":258,"column":6},"end":{"line":258,"column":null}},"92":{"start":{"line":260,"column":6},"end":{"line":325,"column":null}},"93":{"start":{"line":261,"column":21},"end":{"line":261,"column":null}},"94":{"start":{"line":262,"column":18},"end":{"line":262,"column":null}},"95":{"start":{"line":263,"column":35},"end":{"line":263,"column":null}},"96":{"start":{"line":265,"column":8},"end":{"line":319,"column":null}},"97":{"start":{"line":266,"column":10},"end":{"line":318,"column":null}},"98":{"start":{"line":267,"column":26},"end":{"line":267,"column":null}},"99":{"start":{"line":268,"column":27},"end":{"line":268,"column":null}},"100":{"start":{"line":269,"column":12},"end":{"line":269,"column":null}},"101":{"start":{"line":269,"column":35},"end":{"line":269,"column":null}},"102":{"start":{"line":271,"column":33},"end":{"line":271,"column":null}},"103":{"start":{"line":272,"column":33},"end":{"line":272,"column":null}},"104":{"start":{"line":274,"column":28},"end":{"line":274,"column":null}},"105":{"start":{"line":275,"column":30},"end":{"line":275,"column":null}},"106":{"start":{"line":276,"column":30},"end":{"line":276,"column":null}},"107":{"start":{"line":278,"column":28},"end":{"line":278,"column":null}},"108":{"start":{"line":279,"column":31},"end":{"line":279,"column":null}},"109":{"start":{"line":281,"column":31},"end":{"line":281,"column":null}},"110":{"start":{"line":282,"column":31},"end":{"line":282,"column":null}},"111":{"start":{"line":285,"column":30},"end":{"line":285,"column":null}},"112":{"start":{"line":285,"column":46},"end":{"line":285,"column":null}},"113":{"start":{"line":286,"column":12},"end":{"line":289,"column":null}},"114":{"start":{"line":287,"column":14},"end":{"line":287,"column":null}},"115":{"start":{"line":288,"column":14},"end":{"line":288,"column":null}},"116":{"start":{"line":291,"column":12},"end":{"line":297,"column":null}},"117":{"start":{"line":292,"column":31},"end":{"line":292,"column":null}},"118":{"start":{"line":293,"column":31},"end":{"line":293,"column":null}},"119":{"start":{"line":294,"column":14},"end":{"line":296,"column":null}},"120":{"start":{"line":295,"column":16},"end":{"line":295,"column":null}},"121":{"start":{"line":299,"column":27},"end":{"line":299,"column":null}},"122":{"start":{"line":300,"column":29},"end":{"line":300,"column":null}},"123":{"start":{"line":301,"column":25},"end":{"line":301,"column":null}},"124":{"start":{"line":302,"column":35},"end":{"line":302,"column":null}},"125":{"start":{"line":304,"column":12},"end":{"line":315,"column":null}},"126":{"start":{"line":317,"column":12},"end":{"line":317,"column":null}},"127":{"start":{"line":321,"column":8},"end":{"line":321,"column":null}},"128":{"start":{"line":323,"column":8},"end":{"line":323,"column":null}},"129":{"start":{"line":324,"column":8},"end":{"line":324,"column":null}},"130":{"start":{"line":334,"column":4},"end":{"line":468,"column":null}},"131":{"start":{"line":335,"column":19},"end":{"line":335,"column":null}},"132":{"start":{"line":336,"column":16},"end":{"line":336,"column":null}},"133":{"start":{"line":337,"column":33},"end":{"line":337,"column":null}},"134":{"start":{"line":340,"column":6},"end":{"line":424,"column":null}},"135":{"start":{"line":341,"column":8},"end":{"line":423,"column":null}},"136":{"start":{"line":342,"column":24},"end":{"line":342,"column":null}},"137":{"start":{"line":345,"column":25},"end":{"line":345,"column":null}},"138":{"start":{"line":346,"column":29},"end":{"line":346,"column":null}},"139":{"start":{"line":347,"column":29},"end":{"line":347,"column":null}},"140":{"start":{"line":350,"column":10},"end":{"line":352,"column":null}},"141":{"start":{"line":351,"column":12},"end":{"line":351,"column":null}},"142":{"start":{"line":353,"column":10},"end":{"line":355,"column":null}},"143":{"start":{"line":354,"column":12},"end":{"line":354,"column":null}},"144":{"start":{"line":358,"column":26},"end":{"line":358,"column":null}},"145":{"start":{"line":359,"column":26},"end":{"line":359,"column":null}},"146":{"start":{"line":360,"column":10},"end":{"line":362,"column":null}},"147":{"start":{"line":361,"column":12},"end":{"line":361,"column":null}},"148":{"start":{"line":363,"column":10},"end":{"line":365,"column":null}},"149":{"start":{"line":364,"column":12},"end":{"line":364,"column":null}},"150":{"start":{"line":366,"column":10},"end":{"line":366,"column":null}},"151":{"start":{"line":366,"column":39},"end":{"line":366,"column":null}},"152":{"start":{"line":367,"column":10},"end":{"line":367,"column":null}},"153":{"start":{"line":367,"column":39},"end":{"line":367,"column":null}},"154":{"start":{"line":369,"column":29},"end":{"line":369,"column":null}},"155":{"start":{"line":372,"column":27},"end":{"line":372,"column":null}},"156":{"start":{"line":373,"column":27},"end":{"line":373,"column":null}},"157":{"start":{"line":376,"column":23},"end":{"line":380,"column":null}},"158":{"start":{"line":381,"column":10},"end":{"line":390,"column":null}},"159":{"start":{"line":382,"column":22},"end":{"line":383,"column":null}},"160":{"start":{"line":384,"column":12},"end":{"line":389,"column":null}},"161":{"start":{"line":385,"column":31},"end":{"line":385,"column":null}},"162":{"start":{"line":386,"column":31},"end":{"line":386,"column":null}},"163":{"start":{"line":387,"column":14},"end":{"line":387,"column":null}},"164":{"start":{"line":388,"column":14},"end":{"line":388,"column":null}},"165":{"start":{"line":393,"column":28},"end":{"line":393,"column":null}},"166":{"start":{"line":393,"column":44},"end":{"line":393,"column":null}},"167":{"start":{"line":394,"column":10},"end":{"line":397,"column":null}},"168":{"start":{"line":395,"column":12},"end":{"line":395,"column":null}},"169":{"start":{"line":396,"column":12},"end":{"line":396,"column":null}},"170":{"start":{"line":400,"column":10},"end":{"line":406,"column":null}},"171":{"start":{"line":401,"column":29},"end":{"line":401,"column":null}},"172":{"start":{"line":402,"column":29},"end":{"line":402,"column":null}},"173":{"start":{"line":403,"column":12},"end":{"line":405,"column":null}},"174":{"start":{"line":404,"column":14},"end":{"line":404,"column":null}},"175":{"start":{"line":408,"column":33},"end":{"line":408,"column":null}},"176":{"start":{"line":409,"column":10},"end":{"line":420,"column":null}},"177":{"start":{"line":422,"column":10},"end":{"line":422,"column":null}},"178":{"start":{"line":427,"column":6},"end":{"line":462,"column":null}},"179":{"start":{"line":428,"column":8},"end":{"line":461,"column":null}},"180":{"start":{"line":429,"column":10},"end":{"line":460,"column":null}},"181":{"start":{"line":430,"column":25},"end":{"line":430,"column":null}},"182":{"start":{"line":431,"column":22},"end":{"line":432,"column":null}},"183":{"start":{"line":433,"column":12},"end":{"line":433,"column":null}},"184":{"start":{"line":433,"column":20},"end":{"line":433,"column":null}},"185":{"start":{"line":434,"column":29},"end":{"line":434,"column":null}},"186":{"start":{"line":435,"column":29},"end":{"line":435,"column":null}},"187":{"start":{"line":436,"column":31},"end":{"line":436,"column":null}},"188":{"start":{"line":437,"column":31},"end":{"line":437,"column":null}},"189":{"start":{"line":439,"column":12},"end":{"line":443,"column":null}},"190":{"start":{"line":440,"column":31},"end":{"line":440,"column":null}},"191":{"start":{"line":441,"column":31},"end":{"line":441,"column":null}},"192":{"start":{"line":442,"column":14},"end":{"line":442,"column":null}},"193":{"start":{"line":442,"column":82},"end":{"line":442,"column":null}},"194":{"start":{"line":445,"column":35},"end":{"line":445,"column":null}},"195":{"start":{"line":446,"column":12},"end":{"line":457,"column":null}},"196":{"start":{"line":459,"column":12},"end":{"line":459,"column":null}},"197":{"start":{"line":464,"column":6},"end":{"line":464,"column":null}},"198":{"start":{"line":466,"column":6},"end":{"line":466,"column":null}},"199":{"start":{"line":467,"column":6},"end":{"line":467,"column":null}},"200":{"start":{"line":479,"column":18},"end":{"line":479,"column":null}},"201":{"start":{"line":482,"column":4},"end":{"line":484,"column":null}},"202":{"start":{"line":483,"column":6},"end":{"line":483,"column":null}},"203":{"start":{"line":487,"column":4},"end":{"line":489,"column":null}},"204":{"start":{"line":488,"column":6},"end":{"line":488,"column":null}},"205":{"start":{"line":492,"column":4},"end":{"line":494,"column":null}},"206":{"start":{"line":493,"column":6},"end":{"line":493,"column":null}},"207":{"start":{"line":497,"column":4},"end":{"line":510,"column":null}},"208":{"start":{"line":509,"column":6},"end":{"line":509,"column":null}},"209":{"start":{"line":513,"column":4},"end":{"line":513,"column":null}},"210":{"start":{"line":525,"column":25},"end":{"line":525,"column":null}},"211":{"start":{"line":526,"column":4},"end":{"line":528,"column":null}},"212":{"start":{"line":527,"column":6},"end":{"line":527,"column":null}},"213":{"start":{"line":531,"column":24},"end":{"line":531,"column":null}},"214":{"start":{"line":532,"column":4},"end":{"line":534,"column":null}},"215":{"start":{"line":533,"column":6},"end":{"line":533,"column":null}},"216":{"start":{"line":537,"column":27},"end":{"line":537,"column":null}},"217":{"start":{"line":538,"column":4},"end":{"line":540,"column":null}},"218":{"start":{"line":539,"column":6},"end":{"line":539,"column":null}},"219":{"start":{"line":542,"column":4},"end":{"line":542,"column":null}},"220":{"start":{"line":552,"column":18},"end":{"line":552,"column":null}},"221":{"start":{"line":553,"column":4},"end":{"line":553,"column":null}},"222":{"start":{"line":553,"column":16},"end":{"line":553,"column":null}},"223":{"start":{"line":554,"column":16},"end":{"line":554,"column":null}},"224":{"start":{"line":555,"column":16},"end":{"line":555,"column":null}},"225":{"start":{"line":556,"column":17},"end":{"line":559,"column":null}},"226":{"start":{"line":560,"column":4},"end":{"line":560,"column":null}},"227":{"start":{"line":572,"column":22},"end":{"line":572,"column":null}},"228":{"start":{"line":573,"column":4},"end":{"line":576,"column":null}},"229":{"start":{"line":574,"column":20},"end":{"line":574,"column":null}},"230":{"start":{"line":575,"column":6},"end":{"line":575,"column":null}},"231":{"start":{"line":578,"column":4},"end":{"line":578,"column":null}},"232":{"start":{"line":586,"column":17},"end":{"line":586,"column":null}},"233":{"start":{"line":588,"column":14},"end":{"line":588,"column":null}},"234":{"start":{"line":589,"column":4},"end":{"line":589,"column":null}},"235":{"start":{"line":589,"column":12},"end":{"line":589,"column":null}},"236":{"start":{"line":591,"column":15},"end":{"line":591,"column":null}},"237":{"start":{"line":592,"column":19},"end":{"line":592,"column":null}},"238":{"start":{"line":593,"column":17},"end":{"line":593,"column":null}},"239":{"start":{"line":595,"column":4},"end":{"line":595,"column":null}},"240":{"start":{"line":595,"column":38},"end":{"line":595,"column":null}},"241":{"start":{"line":596,"column":4},"end":{"line":596,"column":null}},"242":{"start":{"line":596,"column":38},"end":{"line":596,"column":null}},"243":{"start":{"line":598,"column":17},"end":{"line":598,"column":null}},"244":{"start":{"line":599,"column":23},"end":{"line":599,"column":null}},"245":{"start":{"line":600,"column":22},"end":{"line":600,"column":null}},"246":{"start":{"line":602,"column":18},"end":{"line":610,"column":null}},"247":{"start":{"line":612,"column":4},"end":{"line":612,"column":null}}},"fnMap":{"0":{"name":"(anonymous_0)","decl":{"start":{"line":23,"column":7},"end":{"line":23,"column":13}},"loc":{"start":{"line":23,"column":7},"end":{"line":30,"column":null}},"line":23},"1":{"name":"(anonymous_1)","decl":{"start":{"line":38,"column":8},"end":{"line":38,"column":25}},"loc":{"start":{"line":38,"column":97},"end":{"line":62,"column":null}},"line":38},"2":{"name":"(anonymous_2)","decl":{"start":{"line":43,"column":45},"end":{"line":43,"column":51}},"loc":{"start":{"line":43,"column":51},"end":{"line":43,"column":67}},"line":43},"3":{"name":"(anonymous_3)","decl":{"start":{"line":47,"column":53},"end":{"line":47,"column":63}},"loc":{"start":{"line":47,"column":63},"end":{"line":57,"column":8}},"line":47},"4":{"name":"(anonymous_4)","decl":{"start":{"line":71,"column":8},"end":{"line":71,"column":18}},"loc":{"start":{"line":71,"column":61},"end":{"line":97,"column":null}},"line":71},"5":{"name":"(anonymous_5)","decl":{"start":{"line":107,"column":8},"end":{"line":107,"column":null}},"loc":{"start":{"line":111,"column":29},"end":{"line":115,"column":null}},"line":111},"6":{"name":"(anonymous_6)","decl":{"start":{"line":123,"column":8},"end":{"line":123,"column":22}},"loc":{"start":{"line":123,"column":57},"end":{"line":127,"column":null}},"line":123},"7":{"name":"(anonymous_7)","decl":{"start":{"line":136,"column":8},"end":{"line":136,"column":27}},"loc":{"start":{"line":136,"column":82},"end":{"line":156,"column":null}},"line":136},"8":{"name":"(anonymous_8)","decl":{"start":{"line":144,"column":43},"end":{"line":144,"column":52}},"loc":{"start":{"line":144,"column":52},"end":{"line":151,"column":8}},"line":144},"9":{"name":"(anonymous_9)","decl":{"start":{"line":165,"column":16},"end":{"line":165,"column":27}},"loc":{"start":{"line":165,"column":71},"end":{"line":327,"column":null}},"line":165},"10":{"name":"(anonymous_10)","decl":{"start":{"line":184,"column":44},"end":{"line":184,"column":45}},"loc":{"start":{"line":184,"column":56},"end":{"line":184,"column":77}},"line":184},"11":{"name":"(anonymous_11)","decl":{"start":{"line":185,"column":44},"end":{"line":185,"column":45}},"loc":{"start":{"line":185,"column":56},"end":{"line":185,"column":77}},"line":185},"12":{"name":"(anonymous_12)","decl":{"start":{"line":194,"column":28},"end":{"line":194,"column":29}},"loc":{"start":{"line":194,"column":44},"end":{"line":194,"column":null}},"line":194},"13":{"name":"(anonymous_13)","decl":{"start":{"line":265,"column":70},"end":{"line":265,"column":71}},"loc":{"start":{"line":265,"column":83},"end":{"line":319,"column":9}},"line":265},"14":{"name":"(anonymous_14)","decl":{"start":{"line":285,"column":30},"end":{"line":285,"column":31}},"loc":{"start":{"line":285,"column":46},"end":{"line":285,"column":null}},"line":285},"15":{"name":"(anonymous_15)","decl":{"start":{"line":333,"column":16},"end":{"line":333,"column":26}},"loc":{"start":{"line":333,"column":70},"end":{"line":469,"column":null}},"line":333},"16":{"name":"(anonymous_16)","decl":{"start":{"line":340,"column":95},"end":{"line":340,"column":96}},"loc":{"start":{"line":340,"column":108},"end":{"line":424,"column":7}},"line":340},"17":{"name":"(anonymous_17)","decl":{"start":{"line":393,"column":28},"end":{"line":393,"column":29}},"loc":{"start":{"line":393,"column":44},"end":{"line":393,"column":null}},"line":393},"18":{"name":"(anonymous_18)","decl":{"start":{"line":428,"column":86},"end":{"line":428,"column":87}},"loc":{"start":{"line":428,"column":96},"end":{"line":461,"column":9}},"line":428},"19":{"name":"(anonymous_19)","decl":{"start":{"line":478,"column":10},"end":{"line":478,"column":20}},"loc":{"start":{"line":478,"column":79},"end":{"line":514,"column":null}},"line":478},"20":{"name":"(anonymous_20)","decl":{"start":{"line":523,"column":10},"end":{"line":523,"column":24}},"loc":{"start":{"line":523,"column":64},"end":{"line":543,"column":null}},"line":523},"21":{"name":"(anonymous_21)","decl":{"start":{"line":551,"column":10},"end":{"line":551,"column":26}},"loc":{"start":{"line":551,"column":66},"end":{"line":561,"column":null}},"line":551},"22":{"name":"(anonymous_22)","decl":{"start":{"line":570,"column":10},"end":{"line":570,"column":22}},"loc":{"start":{"line":570,"column":62},"end":{"line":579,"column":null}},"line":570},"23":{"name":"(anonymous_23)","decl":{"start":{"line":585,"column":10},"end":{"line":585,"column":32}},"loc":{"start":{"line":585,"column":87},"end":{"line":613,"column":null}},"line":585}},"branchMap":{"0":{"loc":{"start":{"line":43,"column":24},"end":{"line":43,"column":null}},"type":"binary-expr","locations":[{"start":{"line":43,"column":24},"end":{"line":43,"column":88}},{"start":{"line":43,"column":88},"end":{"line":43,"column":null}}],"line":43},"1":{"loc":{"start":{"line":47,"column":29},"end":{"line":47,"column":47}},"type":"binary-expr","locations":[{"start":{"line":47,"column":29},"end":{"line":47,"column":46}},{"start":{"line":47,"column":46},"end":{"line":47,"column":47}}],"line":47},"2":{"loc":{"start":{"line":54,"column":16},"end":{"line":54,"column":null}},"type":"binary-expr","locations":[{"start":{"line":54,"column":16},"end":{"line":54,"column":32}},{"start":{"line":54,"column":32},"end":{"line":54,"column":null}}],"line":54},"3":{"loc":{"start":{"line":55,"column":23},"end":{"line":55,"column":null}},"type":"binary-expr","locations":[{"start":{"line":55,"column":23},"end":{"line":55,"column":46}},{"start":{"line":55,"column":46},"end":{"line":55,"column":null}}],"line":55},"4":{"loc":{"start":{"line":77,"column":6},"end":{"line":80,"column":null}},"type":"if","locations":[{"start":{"line":77,"column":6},"end":{"line":80,"column":null}},{"start":{},"end":{}}],"line":77},"5":{"loc":{"start":{"line":88,"column":6},"end":{"line":91,"column":null}},"type":"if","locations":[{"start":{"line":88,"column":6},"end":{"line":91,"column":null}},{"start":{},"end":{}}],"line":88},"6":{"loc":{"start":{"line":178,"column":21},"end":{"line":178,"column":null}},"type":"cond-expr","locations":[{"start":{"line":178,"column":51},"end":{"line":178,"column":65}},{"start":{"line":178,"column":65},"end":{"line":178,"column":null}}],"line":178},"7":{"loc":{"start":{"line":182,"column":30},"end":{"line":182,"column":null}},"type":"cond-expr","locations":[{"start":{"line":182,"column":67},"end":{"line":182,"column":91}},{"start":{"line":182,"column":91},"end":{"line":182,"column":null}}],"line":182},"8":{"loc":{"start":{"line":183,"column":30},"end":{"line":183,"column":null}},"type":"cond-expr","locations":[{"start":{"line":183,"column":72},"end":{"line":183,"column":98}},{"start":{"line":183,"column":98},"end":{"line":183,"column":null}}],"line":183},"9":{"loc":{"start":{"line":186,"column":10},"end":{"line":186,"column":null}},"type":"if","locations":[{"start":{"line":186,"column":10},"end":{"line":186,"column":null}},{"start":{},"end":{}}],"line":186},"10":{"loc":{"start":{"line":186,"column":14},"end":{"line":186,"column":38}},"type":"binary-expr","locations":[{"start":{"line":186,"column":14},"end":{"line":186,"column":27}},{"start":{"line":186,"column":27},"end":{"line":186,"column":38}}],"line":186},"11":{"loc":{"start":{"line":188,"column":27},"end":{"line":188,"column":null}},"type":"binary-expr","locations":[{"start":{"line":188,"column":27},"end":{"line":188,"column":57}},{"start":{"line":188,"column":57},"end":{"line":188,"column":92}},{"start":{"line":188,"column":92},"end":{"line":188,"column":115}},{"start":{"line":188,"column":115},"end":{"line":188,"column":146}},{"start":{"line":188,"column":146},"end":{"line":188,"column":null}}],"line":188},"12":{"loc":{"start":{"line":189,"column":27},"end":{"line":189,"column":null}},"type":"binary-expr","locations":[{"start":{"line":189,"column":27},"end":{"line":189,"column":57}},{"start":{"line":189,"column":57},"end":{"line":189,"column":92}},{"start":{"line":189,"column":92},"end":{"line":189,"column":115}},{"start":{"line":189,"column":115},"end":{"line":189,"column":146}},{"start":{"line":189,"column":146},"end":{"line":189,"column":null}}],"line":189},"13":{"loc":{"start":{"line":194,"column":44},"end":{"line":194,"column":null}},"type":"binary-expr","locations":[{"start":{"line":194,"column":44},"end":{"line":194,"column":51}},{"start":{"line":194,"column":51},"end":{"line":194,"column":85}},{"start":{"line":194,"column":85},"end":{"line":194,"column":106}},{"start":{"line":194,"column":106},"end":{"line":194,"column":null}}],"line":194},"14":{"loc":{"start":{"line":195,"column":27},"end":{"line":195,"column":null}},"type":"binary-expr","locations":[{"start":{"line":195,"column":27},"end":{"line":195,"column":58}},{"start":{"line":195,"column":58},"end":{"line":195,"column":null}}],"line":195},"15":{"loc":{"start":{"line":196,"column":27},"end":{"line":196,"column":null}},"type":"binary-expr","locations":[{"start":{"line":196,"column":27},"end":{"line":196,"column":58}},{"start":{"line":196,"column":58},"end":{"line":196,"column":null}}],"line":196},"16":{"loc":{"start":{"line":197,"column":10},"end":{"line":199,"column":null}},"type":"if","locations":[{"start":{"line":197,"column":10},"end":{"line":199,"column":null}},{"start":{},"end":{}}],"line":197},"17":{"loc":{"start":{"line":197,"column":14},"end":{"line":197,"column":49}},"type":"binary-expr","locations":[{"start":{"line":197,"column":14},"end":{"line":197,"column":39}},{"start":{"line":197,"column":39},"end":{"line":197,"column":49}}],"line":197},"18":{"loc":{"start":{"line":200,"column":10},"end":{"line":202,"column":null}},"type":"if","locations":[{"start":{"line":200,"column":10},"end":{"line":202,"column":null}},{"start":{},"end":{}}],"line":200},"19":{"loc":{"start":{"line":200,"column":14},"end":{"line":200,"column":49}},"type":"binary-expr","locations":[{"start":{"line":200,"column":14},"end":{"line":200,"column":39}},{"start":{"line":200,"column":39},"end":{"line":200,"column":49}}],"line":200},"20":{"loc":{"start":{"line":205,"column":10},"end":{"line":211,"column":null}},"type":"if","locations":[{"start":{"line":205,"column":10},"end":{"line":211,"column":null}},{"start":{},"end":{}}],"line":205},"21":{"loc":{"start":{"line":205,"column":14},"end":{"line":205,"column":49}},"type":"binary-expr","locations":[{"start":{"line":205,"column":14},"end":{"line":205,"column":27}},{"start":{"line":205,"column":27},"end":{"line":205,"column":49}}],"line":205},"22":{"loc":{"start":{"line":206,"column":29},"end":{"line":206,"column":null}},"type":"binary-expr","locations":[{"start":{"line":206,"column":29},"end":{"line":206,"column":41}},{"start":{"line":206,"column":41},"end":{"line":206,"column":null}}],"line":206},"23":{"loc":{"start":{"line":207,"column":29},"end":{"line":207,"column":null}},"type":"binary-expr","locations":[{"start":{"line":207,"column":29},"end":{"line":207,"column":41}},{"start":{"line":207,"column":41},"end":{"line":207,"column":null}}],"line":207},"24":{"loc":{"start":{"line":208,"column":12},"end":{"line":210,"column":null}},"type":"if","locations":[{"start":{"line":208,"column":12},"end":{"line":210,"column":null}},{"start":{},"end":{}}],"line":208},"25":{"loc":{"start":{"line":208,"column":16},"end":{"line":208,"column":80}},"type":"binary-expr","locations":[{"start":{"line":208,"column":16},"end":{"line":208,"column":49}},{"start":{"line":208,"column":49},"end":{"line":208,"column":80}}],"line":208},"26":{"loc":{"start":{"line":213,"column":28},"end":{"line":213,"column":null}},"type":"binary-expr","locations":[{"start":{"line":213,"column":28},"end":{"line":213,"column":67}},{"start":{"line":213,"column":67},"end":{"line":213,"column":null}}],"line":213},"27":{"loc":{"start":{"line":213,"column":37},"end":{"line":213,"column":60}},"type":"binary-expr","locations":[{"start":{"line":213,"column":37},"end":{"line":213,"column":55}},{"start":{"line":213,"column":55},"end":{"line":213,"column":60}}],"line":213},"28":{"loc":{"start":{"line":214,"column":28},"end":{"line":214,"column":null}},"type":"binary-expr","locations":[{"start":{"line":214,"column":28},"end":{"line":214,"column":67}},{"start":{"line":214,"column":67},"end":{"line":214,"column":null}}],"line":214},"29":{"loc":{"start":{"line":214,"column":37},"end":{"line":214,"column":60}},"type":"binary-expr","locations":[{"start":{"line":214,"column":37},"end":{"line":214,"column":55}},{"start":{"line":214,"column":55},"end":{"line":214,"column":60}}],"line":214},"30":{"loc":{"start":{"line":216,"column":31},"end":{"line":216,"column":null}},"type":"binary-expr","locations":[{"start":{"line":216,"column":31},"end":{"line":216,"column":68}},{"start":{"line":216,"column":68},"end":{"line":216,"column":99}},{"start":{"line":216,"column":99},"end":{"line":216,"column":null}}],"line":216},"31":{"loc":{"start":{"line":217,"column":31},"end":{"line":217,"column":101}},"type":"binary-expr","locations":[{"start":{"line":217,"column":31},"end":{"line":217,"column":67}},{"start":{"line":217,"column":67},"end":{"line":217,"column":97}},{"start":{"line":217,"column":97},"end":{"line":217,"column":101}}],"line":217},"32":{"loc":{"start":{"line":219,"column":12},"end":{"line":221,"column":null}},"type":"cond-expr","locations":[{"start":{"line":219,"column":36},"end":{"line":219,"column":null}},{"start":{"line":220,"column":12},"end":{"line":221,"column":null}}],"line":219},"33":{"loc":{"start":{"line":220,"column":12},"end":{"line":221,"column":null}},"type":"cond-expr","locations":[{"start":{"line":220,"column":35},"end":{"line":220,"column":null}},{"start":{"line":221,"column":12},"end":{"line":221,"column":null}}],"line":220},"34":{"loc":{"start":{"line":221,"column":12},"end":{"line":221,"column":null}},"type":"cond-expr","locations":[{"start":{"line":221,"column":37},"end":{"line":221,"column":47}},{"start":{"line":221,"column":47},"end":{"line":221,"column":null}}],"line":221},"35":{"loc":{"start":{"line":226,"column":32},"end":{"line":226,"column":null}},"type":"binary-expr","locations":[{"start":{"line":226,"column":32},"end":{"line":226,"column":45}},{"start":{"line":226,"column":45},"end":{"line":226,"column":null}}],"line":226},"36":{"loc":{"start":{"line":226,"column":45},"end":{"line":226,"column":null}},"type":"cond-expr","locations":[{"start":{"line":226,"column":52},"end":{"line":226,"column":59}},{"start":{"line":226,"column":59},"end":{"line":226,"column":null}}],"line":226},"37":{"loc":{"start":{"line":228,"column":31},"end":{"line":228,"column":null}},"type":"binary-expr","locations":[{"start":{"line":228,"column":31},"end":{"line":228,"column":46}},{"start":{"line":228,"column":46},"end":{"line":228,"column":null}}],"line":228},"38":{"loc":{"start":{"line":229,"column":28},"end":{"line":229,"column":null}},"type":"cond-expr","locations":[{"start":{"line":229,"column":43},"end":{"line":229,"column":68}},{"start":{"line":229,"column":68},"end":{"line":229,"column":null}}],"line":229},"39":{"loc":{"start":{"line":230,"column":25},"end":{"line":230,"column":null}},"type":"cond-expr","locations":[{"start":{"line":230,"column":37},"end":{"line":230,"column":62}},{"start":{"line":230,"column":57},"end":{"line":230,"column":null}}],"line":230},"40":{"loc":{"start":{"line":230,"column":124},"end":{"line":230,"column":173}},"type":"cond-expr","locations":[{"start":{"line":230,"column":139},"end":{"line":230,"column":164}},{"start":{"line":230,"column":164},"end":{"line":230,"column":173}}],"line":230},"41":{"loc":{"start":{"line":233,"column":10},"end":{"line":236,"column":null}},"type":"if","locations":[{"start":{"line":233,"column":10},"end":{"line":236,"column":null}},{"start":{},"end":{}}],"line":233},"42":{"loc":{"start":{"line":233,"column":14},"end":{"line":233,"column":62}},"type":"binary-expr","locations":[{"start":{"line":233,"column":14},"end":{"line":233,"column":39}},{"start":{"line":233,"column":39},"end":{"line":233,"column":62}}],"line":233},"43":{"loc":{"start":{"line":269,"column":12},"end":{"line":269,"column":null}},"type":"if","locations":[{"start":{"line":269,"column":12},"end":{"line":269,"column":null}},{"start":{},"end":{}}],"line":269},"44":{"loc":{"start":{"line":275,"column":30},"end":{"line":275,"column":null}},"type":"cond-expr","locations":[{"start":{"line":275,"column":51},"end":{"line":275,"column":93}},{"start":{"line":275,"column":93},"end":{"line":275,"column":null}}],"line":275},"45":{"loc":{"start":{"line":276,"column":30},"end":{"line":276,"column":null}},"type":"cond-expr","locations":[{"start":{"line":276,"column":51},"end":{"line":276,"column":93}},{"start":{"line":276,"column":93},"end":{"line":276,"column":null}}],"line":276},"46":{"loc":{"start":{"line":285,"column":46},"end":{"line":285,"column":null}},"type":"binary-expr","locations":[{"start":{"line":285,"column":46},"end":{"line":285,"column":53}},{"start":{"line":285,"column":53},"end":{"line":285,"column":87}},{"start":{"line":285,"column":87},"end":{"line":285,"column":108}},{"start":{"line":285,"column":108},"end":{"line":285,"column":null}}],"line":285},"47":{"loc":{"start":{"line":286,"column":12},"end":{"line":289,"column":null}},"type":"if","locations":[{"start":{"line":286,"column":12},"end":{"line":289,"column":null}},{"start":{},"end":{}}],"line":286},"48":{"loc":{"start":{"line":286,"column":16},"end":{"line":286,"column":64}},"type":"binary-expr","locations":[{"start":{"line":286,"column":16},"end":{"line":286,"column":41}},{"start":{"line":286,"column":41},"end":{"line":286,"column":64}}],"line":286},"49":{"loc":{"start":{"line":291,"column":12},"end":{"line":297,"column":null}},"type":"if","locations":[{"start":{"line":291,"column":12},"end":{"line":297,"column":null}},{"start":{},"end":{}}],"line":291},"50":{"loc":{"start":{"line":291,"column":16},"end":{"line":291,"column":51}},"type":"binary-expr","locations":[{"start":{"line":291,"column":16},"end":{"line":291,"column":29}},{"start":{"line":291,"column":29},"end":{"line":291,"column":51}}],"line":291},"51":{"loc":{"start":{"line":294,"column":14},"end":{"line":296,"column":null}},"type":"if","locations":[{"start":{"line":294,"column":14},"end":{"line":296,"column":null}},{"start":{},"end":{}}],"line":294},"52":{"loc":{"start":{"line":294,"column":18},"end":{"line":294,"column":82}},"type":"binary-expr","locations":[{"start":{"line":294,"column":18},"end":{"line":294,"column":51}},{"start":{"line":294,"column":51},"end":{"line":294,"column":82}}],"line":294},"53":{"loc":{"start":{"line":312,"column":29},"end":{"line":312,"column":null}},"type":"binary-expr","locations":[{"start":{"line":312,"column":29},"end":{"line":312,"column":42}},{"start":{"line":312,"column":42},"end":{"line":312,"column":null}}],"line":312},"54":{"loc":{"start":{"line":312,"column":42},"end":{"line":312,"column":null}},"type":"cond-expr","locations":[{"start":{"line":312,"column":49},"end":{"line":312,"column":56}},{"start":{"line":312,"column":56},"end":{"line":312,"column":null}}],"line":312},"55":{"loc":{"start":{"line":313,"column":25},"end":{"line":313,"column":null}},"type":"binary-expr","locations":[{"start":{"line":313,"column":25},"end":{"line":313,"column":43}},{"start":{"line":313,"column":43},"end":{"line":313,"column":null}}],"line":313},"56":{"loc":{"start":{"line":350,"column":10},"end":{"line":352,"column":null}},"type":"if","locations":[{"start":{"line":350,"column":10},"end":{"line":352,"column":null}},{"start":{},"end":{}}],"line":350},"57":{"loc":{"start":{"line":353,"column":10},"end":{"line":355,"column":null}},"type":"if","locations":[{"start":{"line":353,"column":10},"end":{"line":355,"column":null}},{"start":{},"end":{}}],"line":353},"58":{"loc":{"start":{"line":360,"column":10},"end":{"line":362,"column":null}},"type":"if","locations":[{"start":{"line":360,"column":10},"end":{"line":362,"column":null}},{"start":{},"end":{}}],"line":360},"59":{"loc":{"start":{"line":363,"column":10},"end":{"line":365,"column":null}},"type":"if","locations":[{"start":{"line":363,"column":10},"end":{"line":365,"column":null}},{"start":{},"end":{}}],"line":363},"60":{"loc":{"start":{"line":366,"column":10},"end":{"line":366,"column":null}},"type":"if","locations":[{"start":{"line":366,"column":10},"end":{"line":366,"column":null}},{"start":{},"end":{}}],"line":366},"61":{"loc":{"start":{"line":367,"column":10},"end":{"line":367,"column":null}},"type":"if","locations":[{"start":{"line":367,"column":10},"end":{"line":367,"column":null}},{"start":{},"end":{}}],"line":367},"62":{"loc":{"start":{"line":369,"column":29},"end":{"line":369,"column":null}},"type":"binary-expr","locations":[{"start":{"line":369,"column":29},"end":{"line":369,"column":100}},{"start":{"line":369,"column":100},"end":{"line":369,"column":null}}],"line":369},"63":{"loc":{"start":{"line":376,"column":23},"end":{"line":380,"column":null}},"type":"binary-expr","locations":[{"start":{"line":376,"column":23},"end":{"line":376,"column":null}},{"start":{"line":377,"column":15},"end":{"line":377,"column":null}},{"start":{"line":378,"column":15},"end":{"line":378,"column":null}},{"start":{"line":379,"column":15},"end":{"line":379,"column":null}},{"start":{"line":380,"column":15},"end":{"line":380,"column":null}}],"line":376},"64":{"loc":{"start":{"line":381,"column":10},"end":{"line":390,"column":null}},"type":"if","locations":[{"start":{"line":381,"column":10},"end":{"line":390,"column":null}},{"start":{},"end":{}}],"line":381},"65":{"loc":{"start":{"line":381,"column":10},"end":{"line":381,"column":52}},"type":"binary-expr","locations":[{"start":{"line":381,"column":15},"end":{"line":381,"column":30}},{"start":{"line":381,"column":30},"end":{"line":381,"column":46}},{"start":{"line":381,"column":46},"end":{"line":381,"column":52}}],"line":381},"66":{"loc":{"start":{"line":382,"column":22},"end":{"line":383,"column":null}},"type":"binary-expr","locations":[{"start":{"line":382,"column":22},"end":{"line":382,"column":null}},{"start":{"line":383,"column":17},"end":{"line":383,"column":null}}],"line":382},"67":{"loc":{"start":{"line":384,"column":12},"end":{"line":389,"column":null}},"type":"if","locations":[{"start":{"line":384,"column":12},"end":{"line":389,"column":null}},{"start":{},"end":{}}],"line":384},"68":{"loc":{"start":{"line":387,"column":27},"end":{"line":387,"column":null}},"type":"binary-expr","locations":[{"start":{"line":387,"column":27},"end":{"line":387,"column":41}},{"start":{"line":387,"column":41},"end":{"line":387,"column":null}}],"line":387},"69":{"loc":{"start":{"line":388,"column":27},"end":{"line":388,"column":null}},"type":"binary-expr","locations":[{"start":{"line":388,"column":27},"end":{"line":388,"column":41}},{"start":{"line":388,"column":41},"end":{"line":388,"column":null}}],"line":388},"70":{"loc":{"start":{"line":393,"column":44},"end":{"line":393,"column":null}},"type":"binary-expr","locations":[{"start":{"line":393,"column":44},"end":{"line":393,"column":51}},{"start":{"line":393,"column":51},"end":{"line":393,"column":85}},{"start":{"line":393,"column":85},"end":{"line":393,"column":106}},{"start":{"line":393,"column":106},"end":{"line":393,"column":null}}],"line":393},"71":{"loc":{"start":{"line":394,"column":10},"end":{"line":397,"column":null}},"type":"if","locations":[{"start":{"line":394,"column":10},"end":{"line":397,"column":null}},{"start":{},"end":{}}],"line":394},"72":{"loc":{"start":{"line":394,"column":14},"end":{"line":394,"column":62}},"type":"binary-expr","locations":[{"start":{"line":394,"column":14},"end":{"line":394,"column":39}},{"start":{"line":394,"column":39},"end":{"line":394,"column":62}}],"line":394},"73":{"loc":{"start":{"line":400,"column":10},"end":{"line":406,"column":null}},"type":"if","locations":[{"start":{"line":400,"column":10},"end":{"line":406,"column":null}},{"start":{},"end":{}}],"line":400},"74":{"loc":{"start":{"line":400,"column":14},"end":{"line":400,"column":49}},"type":"binary-expr","locations":[{"start":{"line":400,"column":14},"end":{"line":400,"column":27}},{"start":{"line":400,"column":27},"end":{"line":400,"column":49}}],"line":400},"75":{"loc":{"start":{"line":403,"column":12},"end":{"line":405,"column":null}},"type":"if","locations":[{"start":{"line":403,"column":12},"end":{"line":405,"column":null}},{"start":{},"end":{}}],"line":403},"76":{"loc":{"start":{"line":403,"column":16},"end":{"line":403,"column":80}},"type":"binary-expr","locations":[{"start":{"line":403,"column":16},"end":{"line":403,"column":49}},{"start":{"line":403,"column":49},"end":{"line":403,"column":80}}],"line":403},"77":{"loc":{"start":{"line":418,"column":23},"end":{"line":418,"column":null}},"type":"binary-expr","locations":[{"start":{"line":418,"column":23},"end":{"line":418,"column":41}},{"start":{"line":418,"column":41},"end":{"line":418,"column":null}}],"line":418},"78":{"loc":{"start":{"line":427,"column":6},"end":{"line":462,"column":null}},"type":"if","locations":[{"start":{"line":427,"column":6},"end":{"line":462,"column":null}},{"start":{},"end":{}}],"line":427},"79":{"loc":{"start":{"line":430,"column":25},"end":{"line":430,"column":null}},"type":"binary-expr","locations":[{"start":{"line":430,"column":25},"end":{"line":430,"column":46}},{"start":{"line":430,"column":46},"end":{"line":430,"column":null}}],"line":430},"80":{"loc":{"start":{"line":431,"column":22},"end":{"line":432,"column":null}},"type":"binary-expr","locations":[{"start":{"line":431,"column":22},"end":{"line":431,"column":null}},{"start":{"line":432,"column":17},"end":{"line":432,"column":null}}],"line":431},"81":{"loc":{"start":{"line":433,"column":12},"end":{"line":433,"column":null}},"type":"if","locations":[{"start":{"line":433,"column":12},"end":{"line":433,"column":null}},{"start":{},"end":{}}],"line":433},"82":{"loc":{"start":{"line":439,"column":12},"end":{"line":443,"column":null}},"type":"if","locations":[{"start":{"line":439,"column":12},"end":{"line":443,"column":null}},{"start":{},"end":{}}],"line":439},"83":{"loc":{"start":{"line":439,"column":16},"end":{"line":439,"column":51}},"type":"binary-expr","locations":[{"start":{"line":439,"column":16},"end":{"line":439,"column":29}},{"start":{"line":439,"column":29},"end":{"line":439,"column":51}}],"line":439},"84":{"loc":{"start":{"line":442,"column":14},"end":{"line":442,"column":null}},"type":"if","locations":[{"start":{"line":442,"column":14},"end":{"line":442,"column":null}},{"start":{},"end":{}}],"line":442},"85":{"loc":{"start":{"line":442,"column":18},"end":{"line":442,"column":82}},"type":"binary-expr","locations":[{"start":{"line":442,"column":18},"end":{"line":442,"column":51}},{"start":{"line":442,"column":51},"end":{"line":442,"column":82}}],"line":442},"86":{"loc":{"start":{"line":455,"column":25},"end":{"line":455,"column":null}},"type":"binary-expr","locations":[{"start":{"line":455,"column":25},"end":{"line":455,"column":43}},{"start":{"line":455,"column":43},"end":{"line":455,"column":null}}],"line":455},"87":{"loc":{"start":{"line":482,"column":4},"end":{"line":484,"column":null}},"type":"if","locations":[{"start":{"line":482,"column":4},"end":{"line":484,"column":null}},{"start":{},"end":{}}],"line":482},"88":{"loc":{"start":{"line":482,"column":8},"end":{"line":482,"column":62}},"type":"binary-expr","locations":[{"start":{"line":482,"column":8},"end":{"line":482,"column":39}},{"start":{"line":482,"column":39},"end":{"line":482,"column":62}}],"line":482},"89":{"loc":{"start":{"line":487,"column":4},"end":{"line":489,"column":null}},"type":"if","locations":[{"start":{"line":487,"column":4},"end":{"line":489,"column":null}},{"start":{},"end":{}}],"line":487},"90":{"loc":{"start":{"line":487,"column":8},"end":{"line":487,"column":57}},"type":"binary-expr","locations":[{"start":{"line":487,"column":8},"end":{"line":487,"column":35}},{"start":{"line":487,"column":35},"end":{"line":487,"column":57}}],"line":487},"91":{"loc":{"start":{"line":492,"column":4},"end":{"line":494,"column":null}},"type":"if","locations":[{"start":{"line":492,"column":4},"end":{"line":494,"column":null}},{"start":{},"end":{}}],"line":492},"92":{"loc":{"start":{"line":492,"column":8},"end":{"line":492,"column":94}},"type":"binary-expr","locations":[{"start":{"line":492,"column":8},"end":{"line":492,"column":35}},{"start":{"line":492,"column":35},"end":{"line":492,"column":64}},{"start":{"line":492,"column":64},"end":{"line":492,"column":94}}],"line":492},"93":{"loc":{"start":{"line":497,"column":4},"end":{"line":510,"column":null}},"type":"if","locations":[{"start":{"line":497,"column":4},"end":{"line":510,"column":null}},{"start":{},"end":{}}],"line":497},"94":{"loc":{"start":{"line":498,"column":6},"end":{"line":507,"column":null}},"type":"binary-expr","locations":[{"start":{"line":498,"column":6},"end":{"line":498,"column":null}},{"start":{"line":499,"column":6},"end":{"line":499,"column":null}},{"start":{"line":500,"column":6},"end":{"line":500,"column":null}},{"start":{"line":501,"column":6},"end":{"line":501,"column":null}},{"start":{"line":502,"column":6},"end":{"line":502,"column":null}},{"start":{"line":503,"column":6},"end":{"line":503,"column":null}},{"start":{"line":504,"column":6},"end":{"line":504,"column":null}},{"start":{"line":505,"column":6},"end":{"line":505,"column":null}},{"start":{"line":506,"column":6},"end":{"line":506,"column":null}},{"start":{"line":507,"column":6},"end":{"line":507,"column":null}}],"line":498},"95":{"loc":{"start":{"line":526,"column":4},"end":{"line":528,"column":null}},"type":"if","locations":[{"start":{"line":526,"column":4},"end":{"line":528,"column":null}},{"start":{},"end":{}}],"line":526},"96":{"loc":{"start":{"line":532,"column":4},"end":{"line":534,"column":null}},"type":"if","locations":[{"start":{"line":532,"column":4},"end":{"line":534,"column":null}},{"start":{},"end":{}}],"line":532},"97":{"loc":{"start":{"line":538,"column":4},"end":{"line":540,"column":null}},"type":"if","locations":[{"start":{"line":538,"column":4},"end":{"line":540,"column":null}},{"start":{},"end":{}}],"line":538},"98":{"loc":{"start":{"line":553,"column":4},"end":{"line":553,"column":null}},"type":"if","locations":[{"start":{"line":553,"column":4},"end":{"line":553,"column":null}},{"start":{},"end":{}}],"line":553},"99":{"loc":{"start":{"line":556,"column":17},"end":{"line":559,"column":null}},"type":"cond-expr","locations":[{"start":{"line":556,"column":41},"end":{"line":556,"column":null}},{"start":{"line":557,"column":8},"end":{"line":559,"column":null}}],"line":556},"100":{"loc":{"start":{"line":557,"column":8},"end":{"line":559,"column":null}},"type":"cond-expr","locations":[{"start":{"line":557,"column":60},"end":{"line":557,"column":null}},{"start":{"line":558,"column":8},"end":{"line":559,"column":null}}],"line":557},"101":{"loc":{"start":{"line":557,"column":8},"end":{"line":557,"column":60}},"type":"binary-expr","locations":[{"start":{"line":557,"column":8},"end":{"line":557,"column":33}},{"start":{"line":557,"column":33},"end":{"line":557,"column":60}}],"line":557},"102":{"loc":{"start":{"line":558,"column":8},"end":{"line":559,"column":null}},"type":"cond-expr","locations":[{"start":{"line":558,"column":60},"end":{"line":558,"column":null}},{"start":{"line":559,"column":8},"end":{"line":559,"column":null}}],"line":558},"103":{"loc":{"start":{"line":558,"column":8},"end":{"line":558,"column":60}},"type":"binary-expr","locations":[{"start":{"line":558,"column":8},"end":{"line":558,"column":33}},{"start":{"line":558,"column":33},"end":{"line":558,"column":60}}],"line":558},"104":{"loc":{"start":{"line":573,"column":4},"end":{"line":576,"column":null}},"type":"if","locations":[{"start":{"line":573,"column":4},"end":{"line":576,"column":null}},{"start":{},"end":{}}],"line":573},"105":{"loc":{"start":{"line":575,"column":13},"end":{"line":575,"column":null}},"type":"cond-expr","locations":[{"start":{"line":575,"column":27},"end":{"line":575,"column":37}},{"start":{"line":575,"column":37},"end":{"line":575,"column":null}}],"line":575},"106":{"loc":{"start":{"line":586,"column":17},"end":{"line":586,"column":null}},"type":"binary-expr","locations":[{"start":{"line":586,"column":17},"end":{"line":586,"column":31}},{"start":{"line":586,"column":31},"end":{"line":586,"column":null}}],"line":586},"107":{"loc":{"start":{"line":589,"column":4},"end":{"line":589,"column":null}},"type":"if","locations":[{"start":{"line":589,"column":4},"end":{"line":589,"column":null}},{"start":{},"end":{}}],"line":589},"108":{"loc":{"start":{"line":595,"column":4},"end":{"line":595,"column":null}},"type":"if","locations":[{"start":{"line":595,"column":4},"end":{"line":595,"column":null}},{"start":{},"end":{}}],"line":595},"109":{"loc":{"start":{"line":595,"column":8},"end":{"line":595,"column":38}},"type":"binary-expr","locations":[{"start":{"line":595,"column":8},"end":{"line":595,"column":25}},{"start":{"line":595,"column":25},"end":{"line":595,"column":38}}],"line":595},"110":{"loc":{"start":{"line":596,"column":4},"end":{"line":596,"column":null}},"type":"if","locations":[{"start":{"line":596,"column":4},"end":{"line":596,"column":null}},{"start":{},"end":{}}],"line":596},"111":{"loc":{"start":{"line":596,"column":8},"end":{"line":596,"column":38}},"type":"binary-expr","locations":[{"start":{"line":596,"column":8},"end":{"line":596,"column":25}},{"start":{"line":596,"column":25},"end":{"line":596,"column":38}}],"line":596},"112":{"loc":{"start":{"line":598,"column":17},"end":{"line":598,"column":null}},"type":"binary-expr","locations":[{"start":{"line":598,"column":17},"end":{"line":598,"column":29}},{"start":{"line":598,"column":29},"end":{"line":598,"column":null}}],"line":598},"113":{"loc":{"start":{"line":600,"column":22},"end":{"line":600,"column":null}},"type":"cond-expr","locations":[{"start":{"line":600,"column":35},"end":{"line":600,"column":39}},{"start":{"line":600,"column":39},"end":{"line":600,"column":null}}],"line":600},"114":{"loc":{"start":{"line":612,"column":11},"end":{"line":612,"column":null}},"type":"cond-expr","locations":[{"start":{"line":612,"column":36},"end":{"line":612,"column":48}},{"start":{"line":612,"column":48},"end":{"line":612,"column":null}}],"line":612}},"s":{"0":10,"1":10,"2":0,"3":0,"4":0,"5":0,"6":0,"7":0,"8":0,"9":0,"10":0,"11":10,"12":10,"13":10,"14":10,"15":0,"16":0,"17":0,"18":10,"19":10,"20":10,"21":5,"22":5,"23":0,"24":5,"25":0,"26":0,"27":0,"28":0,"29":0,"30":0,"31":0,"32":0,"33":0,"34":0,"35":0,"36":10,"37":10,"38":10,"39":10,"40":10,"41":10,"42":10,"43":2,"44":2,"45":2,"46":10,"47":0,"48":0,"49":0,"50":0,"51":0,"52":0,"53":0,"54":0,"55":0,"56":0,"57":0,"58":0,"59":0,"60":0,"61":0,"62":0,"63":0,"64":0,"65":0,"66":0,"67":0,"68":0,"69":0,"70":0,"71":0,"72":0,"73":0,"74":0,"75":0,"76":0,"77":0,"78":0,"79":0,"80":0,"81":0,"82":0,"83":0,"84":0,"85":0,"86":0,"87":0,"88":0,"89":0,"90":1,"91":9,"92":9,"93":9,"94":6,"95":6,"96":6,"97":0,"98":0,"99":0,"100":0,"101":0,"102":0,"103":0,"104":0,"105":0,"106":0,"107":0,"108":0,"109":0,"110":0,"111":0,"112":0,"113":0,"114":0,"115":0,"116":0,"117":0,"118":0,"119":0,"120":0,"121":0,"122":0,"123":0,"124":0,"125":0,"126":0,"127":6,"128":3,"129":3,"130":10,"131":10,"132":7,"133":7,"134":7,"135":6,"136":6,"137":6,"138":6,"139":6,"140":6,"141":0,"142":6,"143":0,"144":6,"145":6,"146":6,"147":0,"148":6,"149":0,"150":6,"151":0,"152":6,"153":0,"154":6,"155":6,"156":6,"157":6,"158":6,"159":0,"160":0,"161":0,"162":0,"163":0,"164":0,"165":6,"166":12,"167":6,"168":0,"169":0,"170":6,"171":1,"172":1,"173":1,"174":1,"175":5,"176":5,"177":0,"178":7,"179":2,"180":0,"181":0,"182":0,"183":0,"184":0,"185":0,"186":0,"187":0,"188":0,"189":0,"190":0,"191":0,"192":0,"193":0,"194":0,"195":0,"196":0,"197":7,"198":3,"199":3,"200":5,"201":5,"202":0,"203":5,"204":4,"205":1,"206":0,"207":1,"208":1,"209":0,"210":5,"211":5,"212":0,"213":5,"214":5,"215":2,"216":3,"217":3,"218":0,"219":3,"220":0,"221":0,"222":0,"223":0,"224":0,"225":0,"226":0,"227":5,"228":5,"229":1,"230":1,"231":4,"232":5,"233":5,"234":5,"235":5,"236":0,"237":0,"238":0,"239":0,"240":0,"241":0,"242":0,"243":0,"244":5,"245":5,"246":5,"247":5},"f":{"0":10,"1":0,"2":0,"3":0,"4":10,"5":0,"6":0,"7":0,"8":0,"9":10,"10":0,"11":0,"12":0,"13":0,"14":0,"15":10,"16":6,"17":12,"18":0,"19":5,"20":5,"21":0,"22":5,"23":5},"b":{"0":[0,0],"1":[0,0],"2":[0,0],"3":[0,0],"4":[0,10],"5":[5,5],"6":[1,0],"7":[0,0],"8":[0,0],"9":[0,0],"10":[0,0],"11":[0,0,0,0,0],"12":[0,0,0,0,0],"13":[0,0,0,0],"14":[0,0],"15":[0,0],"16":[0,0],"17":[0,0],"18":[0,0],"19":[0,0],"20":[0,0],"21":[0,0],"22":[0,0],"23":[0,0],"24":[0,0],"25":[0,0],"26":[0,0],"27":[0,0],"28":[0,0],"29":[0,0],"30":[0,0,0],"31":[0,0,0],"32":[0,0],"33":[0,0],"34":[0,0],"35":[0,0],"36":[0,0],"37":[0,0],"38":[0,0],"39":[0,0],"40":[0,0],"41":[0,0],"42":[0,0],"43":[0,0],"44":[0,0],"45":[0,0],"46":[0,0,0,0],"47":[0,0],"48":[0,0],"49":[0,0],"50":[0,0],"51":[0,0],"52":[0,0],"53":[0,0],"54":[0,0],"55":[0,0],"56":[0,6],"57":[0,6],"58":[0,6],"59":[0,6],"60":[0,6],"61":[0,6],"62":[6,0],"63":[6,6,6,6,2],"64":[0,6],"65":[6,6,0],"66":[0,0],"67":[0,0],"68":[0,0],"69":[0,0],"70":[12,12,12,12],"71":[0,6],"72":[6,6],"73":[1,5],"74":[6,6],"75":[1,0],"76":[1,1],"77":[5,5],"78":[2,5],"79":[0,0],"80":[0,0],"81":[0,0],"82":[0,0],"83":[0,0],"84":[0,0],"85":[0,0],"86":[0,0],"87":[0,5],"88":[5,5],"89":[4,1],"90":[5,1],"91":[0,1],"92":[1,1,1],"93":[1,0],"94":[1,1,1,1,1,1,1,1,1,0],"95":[0,5],"96":[2,3],"97":[0,3],"98":[0,0],"99":[0,0],"100":[0,0],"101":[0,0],"102":[0,0],"103":[0,0],"104":[1,4],"105":[0,1],"106":[5,0],"107":[5,0],"108":[0,0],"109":[0,0],"110":[0,0],"111":[0,0],"112":[0,0],"113":[0,0],"114":[0,0]},"meta":{"lastBranch":115,"lastFunction":24,"lastStatement":248,"seen":{"f:23:7:23:13":0,"s:24:2:24:Infinity":0,"s:25:2:30:Infinity":1,"f:38:8:38:25":1,"s:39:4:39:Infinity":2,"s:41:4:61:Infinity":3,"s:43:24:43:Infinity":4,"b:43:24:43:88:43:88:43:Infinity":0,"f:43:45:43:51":2,"s:43:51:43:67":5,"s:44:21:44:Infinity":6,"s:47:6:57:Infinity":7,"b:47:29:47:46:47:46:47:47":1,"f:47:53:47:63":3,"s:47:63:57:8":8,"b:54:16:54:32:54:32:54:Infinity":2,"b:55:23:55:46:55:46:55:Infinity":3,"s:59:6:59:Infinity":9,"s:60:6:60:Infinity":10,"f:71:8:71:18":4,"s:72:4:72:Infinity":11,"s:75:4:83:Infinity":12,"s:76:20:76:Infinity":13,"b:77:6:80:Infinity:undefined:undefined:undefined:undefined":4,"s:77:6:80:Infinity":14,"s:78:8:78:Infinity":15,"s:79:8:79:Infinity":16,"s:82:6:82:Infinity":17,"s:86:4:94:Infinity":18,"s:87:20:87:Infinity":19,"b:88:6:91:Infinity:undefined:undefined:undefined:undefined":5,"s:88:6:91:Infinity":20,"s:89:8:89:Infinity":21,"s:90:8:90:Infinity":22,"s:93:6:93:Infinity":23,"s:96:4:96:Infinity":24,"f:107:8:107:Infinity":5,"s:113:4:113:Infinity":25,"s:114:4:114:Infinity":26,"f:123:8:123:22":6,"s:125:4:125:Infinity":27,"s:126:4:126:Infinity":28,"f:136:8:136:27":7,"s:137:4:137:Infinity":29,"s:139:4:155:Infinity":30,"s:141:24:141:Infinity":31,"s:144:6:151:Infinity":32,"f:144:43:144:52":8,"s:144:52:151:8":33,"s:153:6:153:Infinity":34,"s:154:6:154:Infinity":35,"f:165:16:165:27":9,"s:166:4:326:Infinity":36,"s:168:18:168:Infinity":37,"s:169:16:169:Infinity":38,"s:170:16:170:Infinity":39,"s:171:16:171:Infinity":40,"s:172:22:172:Infinity":41,"s:174:18:174:Infinity":42,"s:175:19:175:Infinity":43,"s:177:33:177:Infinity":44,"s:178:21:178:Infinity":45,"b:178:51:178:65:178:65:178:Infinity":6,"s:180:6:253:Infinity":46,"s:181:8:252:Infinity":47,"s:182:30:182:Infinity":48,"b:182:67:182:91:182:91:182:Infinity":7,"s:183:30:183:Infinity":49,"b:183:72:183:98:183:98:183:Infinity":8,"s:184:27:184:Infinity":50,"f:184:44:184:45":10,"s:184:56:184:77":51,"s:185:27:185:Infinity":52,"f:185:44:185:45":11,"s:185:56:185:77":53,"b:186:10:186:Infinity:undefined:undefined:undefined:undefined":9,"s:186:10:186:Infinity":54,"b:186:14:186:27:186:27:186:38":10,"s:186:38:186:Infinity":55,"s:188:27:188:Infinity":56,"b:188:27:188:57:188:57:188:92:188:92:188:115:188:115:188:146:188:146:188:Infinity":11,"s:189:27:189:Infinity":57,"b:189:27:189:57:189:57:189:92:189:92:189:115:189:115:189:146:189:146:189:Infinity":12,"s:190:27:190:Infinity":58,"s:191:27:191:Infinity":59,"s:194:28:194:Infinity":60,"f:194:28:194:29":12,"s:194:44:194:Infinity":61,"b:194:44:194:51:194:51:194:85:194:85:194:106:194:106:194:Infinity":13,"s:195:27:195:Infinity":62,"b:195:27:195:58:195:58:195:Infinity":14,"s:196:27:196:Infinity":63,"b:196:27:196:58:196:58:196:Infinity":15,"b:197:10:199:Infinity:undefined:undefined:undefined:undefined":16,"s:197:10:199:Infinity":64,"b:197:14:197:39:197:39:197:49":17,"s:198:12:198:Infinity":65,"b:200:10:202:Infinity:undefined:undefined:undefined:undefined":18,"s:200:10:202:Infinity":66,"b:200:14:200:39:200:39:200:49":19,"s:201:12:201:Infinity":67,"b:205:10:211:Infinity:undefined:undefined:undefined:undefined":20,"s:205:10:211:Infinity":68,"b:205:14:205:27:205:27:205:49":21,"s:206:29:206:Infinity":69,"b:206:29:206:41:206:41:206:Infinity":22,"s:207:29:207:Infinity":70,"b:207:29:207:41:207:41:207:Infinity":23,"b:208:12:210:Infinity:undefined:undefined:undefined:undefined":24,"s:208:12:210:Infinity":71,"b:208:16:208:49:208:49:208:80":25,"s:209:14:209:Infinity":72,"s:213:28:213:Infinity":73,"b:213:28:213:67:213:67:213:Infinity":26,"b:213:37:213:55:213:55:213:60":27,"s:214:28:214:Infinity":74,"b:214:28:214:67:214:67:214:Infinity":28,"b:214:37:214:55:214:55:214:60":29,"s:216:31:216:Infinity":75,"b:216:31:216:68:216:68:216:99:216:99:216:Infinity":30,"s:217:16:217:Infinity":76,"b:217:31:217:67:217:67:217:97:217:97:217:101":31,"s:219:12:221:Infinity":77,"b:219:36:219:Infinity:220:12:221:Infinity":32,"b:220:35:220:Infinity:221:12:221:Infinity":33,"b:221:37:221:47:221:47:221:Infinity":34,"s:223:25:223:Infinity":78,"s:224:27:224:Infinity":79,"s:225:23:225:Infinity":80,"s:226:32:226:Infinity":81,"b:226:32:226:45:226:45:226:Infinity":35,"b:226:52:226:59:226:59:226:Infinity":36,"s:228:31:228:Infinity":82,"b:228:31:228:46:228:46:228:Infinity":37,"s:229:28:229:Infinity":83,"b:229:43:229:68:229:68:229:Infinity":38,"s:230:25:230:Infinity":84,"b:230:37:230:62:230:57:230:Infinity":39,"b:230:139:230:164:230:164:230:173":40,"b:233:10:236:Infinity:undefined:undefined:undefined:undefined":41,"s:233:10:236:Infinity":85,"b:233:14:233:39:233:39:233:62":42,"s:234:12:234:Infinity":86,"s:235:12:235:Infinity":87,"s:238:10:249:Infinity":88,"s:251:10:251:Infinity":89,"s:255:6:255:Infinity":90,"s:258:6:258:Infinity":91,"s:260:6:325:Infinity":92,"s:261:21:261:Infinity":93,"s:262:18:262:Infinity":94,"s:263:35:263:Infinity":95,"s:265:8:319:Infinity":96,"f:265:70:265:71":13,"s:266:10:318:Infinity":97,"s:267:26:267:Infinity":98,"s:268:27:268:Infinity":99,"b:269:12:269:Infinity:undefined:undefined:undefined:undefined":43,"s:269:12:269:Infinity":100,"s:269:35:269:Infinity":101,"s:271:33:271:Infinity":102,"s:272:33:272:Infinity":103,"s:274:28:274:Infinity":104,"s:275:30:275:Infinity":105,"b:275:51:275:93:275:93:275:Infinity":44,"s:276:30:276:Infinity":106,"b:276:51:276:93:276:93:276:Infinity":45,"s:278:28:278:Infinity":107,"s:279:31:279:Infinity":108,"s:281:31:281:Infinity":109,"s:282:31:282:Infinity":110,"s:285:30:285:Infinity":111,"f:285:30:285:31":14,"s:285:46:285:Infinity":112,"b:285:46:285:53:285:53:285:87:285:87:285:108:285:108:285:Infinity":46,"b:286:12:289:Infinity:undefined:undefined:undefined:undefined":47,"s:286:12:289:Infinity":113,"b:286:16:286:41:286:41:286:64":48,"s:287:14:287:Infinity":114,"s:288:14:288:Infinity":115,"b:291:12:297:Infinity:undefined:undefined:undefined:undefined":49,"s:291:12:297:Infinity":116,"b:291:16:291:29:291:29:291:51":50,"s:292:31:292:Infinity":117,"s:293:31:293:Infinity":118,"b:294:14:296:Infinity:undefined:undefined:undefined:undefined":51,"s:294:14:296:Infinity":119,"b:294:18:294:51:294:51:294:82":52,"s:295:16:295:Infinity":120,"s:299:27:299:Infinity":121,"s:300:29:300:Infinity":122,"s:301:25:301:Infinity":123,"s:302:35:302:Infinity":124,"s:304:12:315:Infinity":125,"b:312:29:312:42:312:42:312:Infinity":53,"b:312:49:312:56:312:56:312:Infinity":54,"b:313:25:313:43:313:43:313:Infinity":55,"s:317:12:317:Infinity":126,"s:321:8:321:Infinity":127,"s:323:8:323:Infinity":128,"s:324:8:324:Infinity":129,"f:333:16:333:26":15,"s:334:4:468:Infinity":130,"s:335:19:335:Infinity":131,"s:336:16:336:Infinity":132,"s:337:33:337:Infinity":133,"s:340:6:424:Infinity":134,"f:340:95:340:96":16,"s:341:8:423:Infinity":135,"s:342:24:342:Infinity":136,"s:345:25:345:Infinity":137,"s:346:29:346:Infinity":138,"s:347:29:347:Infinity":139,"b:350:10:352:Infinity:undefined:undefined:undefined:undefined":56,"s:350:10:352:Infinity":140,"s:351:12:351:Infinity":141,"b:353:10:355:Infinity:undefined:undefined:undefined:undefined":57,"s:353:10:355:Infinity":142,"s:354:12:354:Infinity":143,"s:358:26:358:Infinity":144,"s:359:26:359:Infinity":145,"b:360:10:362:Infinity:undefined:undefined:undefined:undefined":58,"s:360:10:362:Infinity":146,"s:361:12:361:Infinity":147,"b:363:10:365:Infinity:undefined:undefined:undefined:undefined":59,"s:363:10:365:Infinity":148,"s:364:12:364:Infinity":149,"b:366:10:366:Infinity:undefined:undefined:undefined:undefined":60,"s:366:10:366:Infinity":150,"s:366:39:366:Infinity":151,"b:367:10:367:Infinity:undefined:undefined:undefined:undefined":61,"s:367:10:367:Infinity":152,"s:367:39:367:Infinity":153,"s:369:29:369:Infinity":154,"b:369:29:369:100:369:100:369:Infinity":62,"s:372:27:372:Infinity":155,"s:373:27:373:Infinity":156,"s:376:23:380:Infinity":157,"b:376:23:376:Infinity:377:15:377:Infinity:378:15:378:Infinity:379:15:379:Infinity:380:15:380:Infinity":63,"b:381:10:390:Infinity:undefined:undefined:undefined:undefined":64,"s:381:10:390:Infinity":158,"b:381:15:381:30:381:30:381:46:381:46:381:52":65,"s:382:22:383:Infinity":159,"b:382:22:382:Infinity:383:17:383:Infinity":66,"b:384:12:389:Infinity:undefined:undefined:undefined:undefined":67,"s:384:12:389:Infinity":160,"s:385:31:385:Infinity":161,"s:386:31:386:Infinity":162,"s:387:14:387:Infinity":163,"b:387:27:387:41:387:41:387:Infinity":68,"s:388:14:388:Infinity":164,"b:388:27:388:41:388:41:388:Infinity":69,"s:393:28:393:Infinity":165,"f:393:28:393:29":17,"s:393:44:393:Infinity":166,"b:393:44:393:51:393:51:393:85:393:85:393:106:393:106:393:Infinity":70,"b:394:10:397:Infinity:undefined:undefined:undefined:undefined":71,"s:394:10:397:Infinity":167,"b:394:14:394:39:394:39:394:62":72,"s:395:12:395:Infinity":168,"s:396:12:396:Infinity":169,"b:400:10:406:Infinity:undefined:undefined:undefined:undefined":73,"s:400:10:406:Infinity":170,"b:400:14:400:27:400:27:400:49":74,"s:401:29:401:Infinity":171,"s:402:29:402:Infinity":172,"b:403:12:405:Infinity:undefined:undefined:undefined:undefined":75,"s:403:12:405:Infinity":173,"b:403:16:403:49:403:49:403:80":76,"s:404:14:404:Infinity":174,"s:408:33:408:Infinity":175,"s:409:10:420:Infinity":176,"b:418:23:418:41:418:41:418:Infinity":77,"s:422:10:422:Infinity":177,"b:427:6:462:Infinity:undefined:undefined:undefined:undefined":78,"s:427:6:462:Infinity":178,"s:428:8:461:Infinity":179,"f:428:86:428:87":18,"s:429:10:460:Infinity":180,"s:430:25:430:Infinity":181,"b:430:25:430:46:430:46:430:Infinity":79,"s:431:22:432:Infinity":182,"b:431:22:431:Infinity:432:17:432:Infinity":80,"b:433:12:433:Infinity:undefined:undefined:undefined:undefined":81,"s:433:12:433:Infinity":183,"s:433:20:433:Infinity":184,"s:434:29:434:Infinity":185,"s:435:29:435:Infinity":186,"s:436:31:436:Infinity":187,"s:437:31:437:Infinity":188,"b:439:12:443:Infinity:undefined:undefined:undefined:undefined":82,"s:439:12:443:Infinity":189,"b:439:16:439:29:439:29:439:51":83,"s:440:31:440:Infinity":190,"s:441:31:441:Infinity":191,"b:442:14:442:Infinity:undefined:undefined:undefined:undefined":84,"s:442:14:442:Infinity":192,"b:442:18:442:51:442:51:442:82":85,"s:442:82:442:Infinity":193,"s:445:35:445:Infinity":194,"s:446:12:457:Infinity":195,"b:455:25:455:43:455:43:455:Infinity":86,"s:459:12:459:Infinity":196,"s:464:6:464:Infinity":197,"s:466:6:466:Infinity":198,"s:467:6:467:Infinity":199,"f:478:10:478:20":19,"s:479:18:479:Infinity":200,"b:482:4:484:Infinity:undefined:undefined:undefined:undefined":87,"s:482:4:484:Infinity":201,"b:482:8:482:39:482:39:482:62":88,"s:483:6:483:Infinity":202,"b:487:4:489:Infinity:undefined:undefined:undefined:undefined":89,"s:487:4:489:Infinity":203,"b:487:8:487:35:487:35:487:57":90,"s:488:6:488:Infinity":204,"b:492:4:494:Infinity:undefined:undefined:undefined:undefined":91,"s:492:4:494:Infinity":205,"b:492:8:492:35:492:35:492:64:492:64:492:94":92,"s:493:6:493:Infinity":206,"b:497:4:510:Infinity:undefined:undefined:undefined:undefined":93,"s:497:4:510:Infinity":207,"b:498:6:498:Infinity:499:6:499:Infinity:500:6:500:Infinity:501:6:501:Infinity:502:6:502:Infinity:503:6:503:Infinity:504:6:504:Infinity:505:6:505:Infinity:506:6:506:Infinity:507:6:507:Infinity":94,"s:509:6:509:Infinity":208,"s:513:4:513:Infinity":209,"f:523:10:523:24":20,"s:525:25:525:Infinity":210,"b:526:4:528:Infinity:undefined:undefined:undefined:undefined":95,"s:526:4:528:Infinity":211,"s:527:6:527:Infinity":212,"s:531:24:531:Infinity":213,"b:532:4:534:Infinity:undefined:undefined:undefined:undefined":96,"s:532:4:534:Infinity":214,"s:533:6:533:Infinity":215,"s:537:27:537:Infinity":216,"b:538:4:540:Infinity:undefined:undefined:undefined:undefined":97,"s:538:4:540:Infinity":217,"s:539:6:539:Infinity":218,"s:542:4:542:Infinity":219,"f:551:10:551:26":21,"s:552:18:552:Infinity":220,"b:553:4:553:Infinity:undefined:undefined:undefined:undefined":98,"s:553:4:553:Infinity":221,"s:553:16:553:Infinity":222,"s:554:16:554:Infinity":223,"s:555:16:555:Infinity":224,"s:556:17:559:Infinity":225,"b:556:41:556:Infinity:557:8:559:Infinity":99,"b:557:60:557:Infinity:558:8:559:Infinity":100,"b:557:8:557:33:557:33:557:60":101,"b:558:60:558:Infinity:559:8:559:Infinity":102,"b:558:8:558:33:558:33:558:60":103,"s:560:4:560:Infinity":226,"f:570:10:570:22":22,"s:572:22:572:Infinity":227,"b:573:4:576:Infinity:undefined:undefined:undefined:undefined":104,"s:573:4:576:Infinity":228,"s:574:20:574:Infinity":229,"s:575:6:575:Infinity":230,"b:575:2
[...]
tart":{"line":84,"column":34},"end":{"line":86,"column":5}},"line":84},"7":{"name":"(anonymous_7)","decl":{"start":{"line":95,"column":9},"end":{"line":95,"column":20}},"loc":{"start":{"line":95,"column":58},"end":{"line":97,"column":null}},"line":95},"8":{"name":"(anonymous_8)","decl":{"start":{"line":104,"column":9},"end":{"line":104,"column":22}},"loc":{"start":{"line":104,"column":59},"end":{"line":108,"column":null}},"line":104},"9":{"name":"(anonymous_9)","decl":{"start":{"line":115,"column":9},"end":{"line":115,"column":21}},"loc":{"start":{"line":115,"column":70},"end":{"line":117,"column":null}},"line":115},"10":{"name":"(anonymous_10)","decl":{"start":{"line":124,"column":9},"end":{"line":124,"column":19}},"loc":{"start":{"line":124,"column":41},"end":{"line":129,"column":null}},"line":124}},"branchMap":{"0":{"loc":{"start":{"line":48,"column":11},"end":{"line":48,"column":null}},"type":"cond-expr","locations":[{"start":{"line":48,"column":24},"end":{"line":48,"column":28}},{"start":{"line":48,"column":28},"end":{"line":48,"column":null}}],"line":48},"1":{"loc":{"start":{"line":96,"column":11},"end":{"line":96,"column":null}},"type":"binary-expr","locations":[{"start":{"line":96,"column":11},"end":{"line":96,"column":31}},{"start":{"line":96,"column":31},"end":{"line":96,"column":null}}],"line":96},"2":{"loc":{"start":{"line":107,"column":11},"end":{"line":107,"column":null}},"type":"cond-expr","locations":[{"start":{"line":107,"column":24},"end":{"line":107,"column":28}},{"start":{"line":107,"column":28},"end":{"line":107,"column":null}}],"line":107}},"s":{"0":72,"1":276,"2":102,"3":102,"4":102,"5":0,"6":0,"7":0,"8":0,"9":0,"10":0,"11":0,"12":0,"13":0,"14":0,"15":0,"16":0,"17":0,"18":0,"19":0},"f":{"0":5,"1":5,"2":5,"3":5,"4":5,"5":5,"6":0,"7":5,"8":5,"9":5,"10":5},"b":{"0":[36,66],"1":[0,0],"2":[0,0]},"meta":{"lastBranch":3,"lastFunction":11,"lastStatement":20,"seen":{"f:26:9:26:14":0,"s:27:4:27:Infinity":0,"f:35:9:35:21":1,"s:36:4:36:Infinity":1,"f:45:9:45:23":2,"s:46:17:46:Infinity":2,"s:47:16:47:Infinity":3,"s:48:4:48:Infinity":4,"b:48:24:48:28:48:28:48:Infinity":0,"f:57:9:57:26":3,"s:58:4:58:Infinity":5,"f:67:9:67:18":4,"s:68:4:73:Infinity":6,"s:69:6:69:Infinity":7,"s:71:6:71:Infinity":8,"s:72:6:72:Infinity":9,"f:82:9:82:26":5,"s:83:30:83:Infinity":10,"s:84:4:86:Infinity":11,"f:84:21:84:22":6,"s:85:6:85:Infinity":12,"s:87:4:87:Infinity":13,"f:95:9:95:20":7,"s:96:4:96:Infinity":14,"b:96:11:96:31:96:31:96:Infinity":1,"f:104:9:104:22":8,"s:105:17:105:Infinity":15,"s:106:16:106:Infinity":16,"s:107:4:107:Infinity":17,"b:107:24:107:28:107:28:107:Infinity":2,"f:115:9:115:21":9,"s:116:4:116:Infinity":18,"f:124:9:124:19":10,"s:125:4:128:Infinity":19}}}
,"/Users/myles/Desktop/SportsCenterHome1/server/utils/scraping/rateLimiter.ts": {"path":"/Users/myles/Desktop/SportsCenterHome1/server/utils/scraping/rateLimiter.ts","statementMap":{"0":{"start":{"line":9,"column":2},"end":{"line":9,"column":null}},"1":{"start":{"line":17,"column":4},"end":{"line":17,"column":null}},"2":{"start":{"line":25,"column":21},"end":{"line":25,"column":null}},"3":{"start":{"line":26,"column":16},"end":{"line":26,"column":null}},"4":{"start":{"line":27,"column":33},"end":{"line":27,"column":null}},"5":{"start":{"line":29,"column":4},"end":{"line":32,"column":null}},"6":{"start":{"line":30,"column":23},"end":{"line":30,"column":null}},"7":{"start":{"line":31,"column":6},"end":{"line":31,"column":null}},"8":{"start":{"line":31,"column":35},"end":{"line":31,"column":64}},"9":{"start":{"line":34,"column":4},"end":{"line":34,"column":null}},"10":{"start":{"line":42,"column":4},"end":{"line":46,"column":null}},"11":{"start":{"line":43,"column":6},"end":{"line":43,"column":null}},"12":{"start":{"line":45,"column":6},"end":{"line":45,"column":null}},"13":{"start":{"line":55,"column":21},"end":{"line":55,"column":null}},"14":{"start":{"line":56,"column":33},"end":{"line":56,"column":null}},"15":{"start":{"line":57,"column":4},"end":{"line":57,"column":null}},"16":{"start":{"line":65,"column":33},"end":{"line":65,"column":null}}},"fnMap":{"0":{"name":"(anonymous_0)","decl":{"start":{"line":16,"column":2},"end":{"line":16,"column":14}},"loc":{"start":{"line":16,"column":38},"end":{"line":18,"column":null}},"line":16},"1":{"name":"(anonymous_1)","decl":{"start":{"line":24,"column":8},"end":{"line":24,"column":21}},"loc":{"start":{"line":24,"column":52},"end":{"line":35,"column":null}},"line":24},"2":{"name":"(anonymous_2)","decl":{"start":{"line":31,"column":24},"end":{"line":31,"column":35}},"loc":{"start":{"line":31,"column":35},"end":{"line":31,"column":64}},"line":31},"3":{"name":"(anonymous_3)","decl":{"start":{"line":41,"column":2},"end":{"line":41,"column":8}},"loc":{"start":{"line":41,"column":31},"end":{"line":47,"column":null}},"line":41},"4":{"name":"(anonymous_4)","decl":{"start":{"line":54,"column":2},"end":{"line":54,"column":26}},"loc":{"start":{"line":54,"column":50},"end":{"line":58,"column":null}},"line":54}},"branchMap":{"0":{"loc":{"start":{"line":16,"column":14},"end":{"line":16,"column":38}},"type":"default-arg","locations":[{"start":{"line":16,"column":32},"end":{"line":16,"column":38}}],"line":16},"1":{"loc":{"start":{"line":25,"column":21},"end":{"line":25,"column":null}},"type":"binary-expr","locations":[{"start":{"line":25,"column":21},"end":{"line":25,"column":53}},{"start":{"line":25,"column":53},"end":{"line":25,"column":null}}],"line":25},"2":{"loc":{"start":{"line":29,"column":4},"end":{"line":32,"column":null}},"type":"if","locations":[{"start":{"line":29,"column":4},"end":{"line":32,"column":null}},{"start":{},"end":{}}],"line":29},"3":{"loc":{"start":{"line":42,"column":4},"end":{"line":46,"column":null}},"type":"if","locations":[{"start":{"line":42,"column":4},"end":{"line":46,"column":null}},{"start":{"line":44,"column":11},"end":{"line":46,"column":null}}],"line":42},"4":{"loc":{"start":{"line":55,"column":21},"end":{"line":55,"column":null}},"type":"binary-expr","locations":[{"start":{"line":55,"column":21},"end":{"line":55,"column":53}},{"start":{"line":55,"column":53},"end":{"line":55,"column":null}}],"line":55}},"s":{"0":5,"1":5,"2":17,"3":17,"4":17,"5":17,"6":3,"7":3,"8":3,"9":17,"10":26,"11":0,"12":26,"13":0,"14":0,"15":0,"16":5},"f":{"0":5,"1":17,"2":3,"3":26,"4":0},"b":{"0":[5],"1":[17,5],"2":[3,14],"3":[0,26],"4":[0,0]},"meta":{"lastBranch":5,"lastFunction":5,"lastStatement":17,"seen":{"f:16:2:16:14":0,"b:16:32:16:38":0,"s:9:2:9:Infinity":0,"s:17:4:17:Infinity":1,"f:24:8:24:21":1,"s:25:21:25:Infinity":2,"b:25:21:25:53:25:53:25:Infinity":1,"s:26:16:26:Infinity":3,"s:27:33:27:Infinity":4,"b:29:4:32:Infinity:undefined:undefined:undefined:undefined":2,"s:29:4:32:Infinity":5,"s:30:23:30:Infinity":6,"s:31:6:31:Infinity":7,"f:31:24:31:35":2,"s:31:35:31:64":8,"s:34:4:34:Infinity":9,"f:41:2:41:8":3,"b:42:4:46:Infinity:44:11:46:Infinity":3,"s:42:4:46:Infinity":10,"s:43:6:43:Infinity":11,"s:45:6:45:Infinity":12,"f:54:2:54:26":4,"s:55:21:55:Infinity":13,"b:55:21:55:53:55:53:55:Infinity":4,"s:56:33:56:Infinity":14,"s:57:4:57:Infinity":15,"s:65:33:65:Infinity":16}}}
,"/Users/myles/Desktop/SportsCenterHome1/server/utils/scraping/robotsChecker.ts": {"path":"/Users/myles/Desktop/SportsCenterHome1/server/utils/scraping/robotsChecker.ts","statementMap":{"0":{"start":{"line":11,"column":2},"end":{"line":11,"column":null}},"1":{"start":{"line":19,"column":4},"end":{"line":19,"column":null}},"2":{"start":{"line":28,"column":4},"end":{"line":55,"column":null}},"3":{"start":{"line":29,"column":21},"end":{"line":29,"column":null}},"4":{"start":{"line":30,"column":21},"end":{"line":30,"column":null}},"5":{"start":{"line":31,"column":24},"end":{"line":31,"column":null}},"6":{"start":{"line":34,"column":6},"end":{"line":44,"column":null}},"7":{"start":{"line":35,"column":8},"end":{"line":43,"column":null}},"8":{"start":{"line":36,"column":27},"end":{"line":36,"column":null}},"9":{"start":{"line":37,"column":28},"end":{"line":37,"column":null}},"10":{"start":{"line":38,"column":10},"end":{"line":38,"column":null}},"11":{"start":{"line":40,"column":10},"end":{"line":40,"column":null}},"12":{"start":{"line":42,"column":10},"end":{"line":42,"column":null}},"13":{"start":{"line":46,"column":20},"end":{"line":46,"column":null}},"14":{"start":{"line":47,"column":22},"end":{"line":47,"column":null}},"15":{"start":{"line":50,"column":6},"end":{"line":50,"column":null}},"16":{"start":{"line":53,"column":6},"end":{"line":53,"column":null}},"17":{"start":{"line":54,"column":6},"end":{"line":54,"column":null}},"18":{"start":{"line":64,"column":18},"end":{"line":64,"column":null}},"19":{"start":{"line":65,"column":4},"end":{"line":65,"column":null}},"20":{"start":{"line":65,"column":16},"end":{"line":65,"column":null}},"21":{"start":{"line":67,"column":4},"end":{"line":71,"column":null}},"22":{"start":{"line":68,"column":6},"end":{"line":68,"column":null}},"23":{"start":{"line":70,"column":6},"end":{"line":70,"column":null}},"24":{"start":{"line":79,"column":4},"end":{"line":83,"column":null}},"25":{"start":{"line":80,"column":6},"end":{"line":80,"column":null}},"26":{"start":{"line":82,"column":6},"end":{"line":82,"column":null}},"27":{"start":{"line":90,"column":4},"end":{"line":90,"column":null}},"28":{"start":{"line":98,"column":35},"end":{"line":98,"column":null}}},"fnMap":{"0":{"name":"(anonymous_0)","decl":{"start":{"line":18,"column":2},"end":{"line":18,"column":14}},"loc":{"start":{"line":18,"column":57},"end":{"line":20,"column":null}},"line":18},"1":{"name":"(anonymous_1)","decl":{"start":{"line":27,"column":8},"end":{"line":27,"column":17}},"loc":{"start":{"line":27,"column":48},"end":{"line":56,"column":null}},"line":27},"2":{"name":"(anonymous_2)","decl":{"start":{"line":63,"column":2},"end":{"line":63,"column":16}},"loc":{"start":{"line":63,"column":47},"end":{"line":72,"column":null}},"line":63},"3":{"name":"(anonymous_3)","decl":{"start":{"line":78,"column":2},"end":{"line":78,"column":13}},"loc":{"start":{"line":78,"column":36},"end":{"line":84,"column":null}},"line":78},"4":{"name":"(anonymous_4)","decl":{"start":{"line":89,"column":2},"end":{"line":89,"column":25}},"loc":{"start":{"line":89,"column":25},"end":{"line":91,"column":null}},"line":89}},"branchMap":{"0":{"loc":{"start":{"line":18,"column":14},"end":{"line":18,"column":57}},"type":"default-arg","locations":[{"start":{"line":18,"column":34},"end":{"line":18,"column":57}}],"line":18},"1":{"loc":{"start":{"line":34,"column":6},"end":{"line":44,"column":null}},"type":"if","locations":[{"start":{"line":34,"column":6},"end":{"line":44,"column":null}},{"start":{},"end":{}}],"line":34},"2":{"loc":{"start":{"line":37,"column":28},"end":{"line":37,"column":null}},"type":"cond-expr","locations":[{"start":{"line":37,"column":42},"end":{"line":37,"column":66}},{"start":{"line":37,"column":66},"end":{"line":37,"column":null}}],"line":37},"3":{"loc":{"start":{"line":50,"column":13},"end":{"line":50,"column":null}},"type":"binary-expr","locations":[{"start":{"line":50,"column":13},"end":{"line":50,"column":24}},{"start":{"line":50,"column":24},"end":{"line":50,"column":null}}],"line":50},"4":{"loc":{"start":{"line":65,"column":4},"end":{"line":65,"column":null}},"type":"if","locations":[{"start":{"line":65,"column":4},"end":{"line":65,"column":null}},{"start":{},"end":{}}],"line":65},"5":{"loc":{"start":{"line":68,"column":13},"end":{"line":68,"column":null}},"type":"binary-expr","locations":[{"start":{"line":68,"column":13},"end":{"line":68,"column":52}},{"start":{"line":68,"column":52},"end":{"line":68,"column":null}}],"line":68},"6":{"loc":{"start":{"line":79,"column":4},"end":{"line":83,"column":null}},"type":"if","locations":[{"start":{"line":79,"column":4},"end":{"line":83,"column":null}},{"start":{"line":81,"column":11},"end":{"line":83,"column":null}}],"line":79}},"s":{"0":5,"1":5,"2":51,"3":51,"4":51,"5":51,"6":51,"7":37,"8":37,"9":37,"10":37,"11":0,"12":0,"13":51,"14":51,"15":51,"16":0,"17":0,"18":0,"19":0,"20":0,"21":0,"22":0,"23":0,"24":35,"25":0,"26":35,"27":0,"28":5},"f":{"0":5,"1":51,"2":0,"3":35,"4":0},"b":{"0":[5],"1":[37,14],"2":[33,4],"3":[51,0],"4":[0,0],"5":[0,0],"6":[0,35]},"meta":{"lastBranch":7,"lastFunction":5,"lastStatement":29,"seen":{"f:18:2:18:14":0,"b:18:34:18:57":0,"s:11:2:11:Infinity":0,"s:19:4:19:Infinity":1,"f:27:8:27:17":1,"s:28:4:55:Infinity":2,"s:29:21:29:Infinity":3,"s:30:21:30:Infinity":4,"s:31:24:31:Infinity":5,"b:34:6:44:Infinity:undefined:undefined:undefined:undefined":1,"s:34:6:44:Infinity":6,"s:35:8:43:Infinity":7,"s:36:27:36:Infinity":8,"s:37:28:37:Infinity":9,"b:37:42:37:66:37:66:37:Infinity":2,"s:38:10:38:Infinity":10,"s:40:10:40:Infinity":11,"s:42:10:42:Infinity":12,"s:46:20:46:Infinity":13,"s:47:22:47:Infinity":14,"s:50:6:50:Infinity":15,"b:50:13:50:24:50:24:50:Infinity":3,"s:53:6:53:Infinity":16,"s:54:6:54:Infinity":17,"f:63:2:63:16":2,"s:64:18:64:Infinity":18,"b:65:4:65:Infinity:undefined:undefined:undefined:undefined":4,"s:65:4:65:Infinity":19,"s:65:16:65:Infinity":20,"s:67:4:71:Infinity":21,"s:68:6:68:Infinity":22,"b:68:13:68:52:68:52:68:Infinity":5,"s:70:6:70:Infinity":23,"f:78:2:78:13":3,"b:79:4:83:Infinity:81:11:83:Infinity":6,"s:79:4:83:Infinity":24,"s:80:6:80:Infinity":25,"s:82:6:82:Infinity":26,"f:89:2:89:25":4,"s:90:4:90:Infinity":27,"s:98:35:98:Infinity":28}}}
,"/Users/myles/Desktop/SportsCenterHome1/server/utils/scraping/teamMapper.ts": {"path":"/Users/myles/Desktop/SportsCenterHome1/server/utils/scraping/teamMapper.ts","statementMap":{"0":{"start":{"line":14,"column":2},"end":{"line":86,"column":null}},"1":{"start":{"line":89,"column":2},"end":{"line":169,"column":null}},"2":{"start":{"line":172,"column":2},"end":{"line":244,"column":null}},"3":{"start":{"line":247,"column":2},"end":{"line":319,"column":null}},"4":{"start":{"line":328,"column":23},"end":{"line":328,"column":null}},"5":{"start":{"line":329,"column":23},"end":{"line":329,"column":null}},"6":{"start":{"line":332,"column":4},"end":{"line":351,"column":null}},"7":{"start":{"line":335,"column":8},"end":{"line":335,"column":null}},"8":{"start":{"line":336,"column":8},"end":{"line":336,"column":null}},"9":{"start":{"line":339,"column":8},"end":{"line":339,"column":null}},"10":{"start":{"line":340,"column":8},"end":{"line":340,"column":null}},"11":{"start":{"line":343,"column":8},"end":{"line":343,"column":null}},"12":{"start":{"line":344,"column":8},"end":{"line":344,"column":null}},"13":{"start":{"line":347,"column":8},"end":{"line":347,"column":null}},"14":{"start":{"line":348,"column":8},"end":{"line":348,"column":null}},"15":{"start":{"line":350,"column":8},"end":{"line":350,"column":null}},"16":{"start":{"line":354,"column":4},"end":{"line":356,"column":null}},"17":{"start":{"line":355,"column":6},"end":{"line":355,"column":null}},"18":{"start":{"line":359,"column":22},"end":{"line":359,"column":null}},"19":{"start":{"line":360,"column":4},"end":{"line":364,"column":null}},"20":{"start":{"line":361,"column":6},"end":{"line":363,"column":null}},"21":{"start":{"line":362,"column":8},"end":{"line":362,"column":null}},"22":{"start":{"line":367,"column":4},"end":{"line":367,"column":null}},"23":{"start":{"line":376,"column":18},"end":{"line":376,"column":null}},"24":{"start":{"line":377,"column":4},"end":{"line":377,"column":null}},"25":{"start":{"line":386,"column":18},"end":{"line":386,"column":null}},"26":{"start":{"line":387,"column":4},"end":{"line":387,"column":null}},"27":{"start":{"line":396,"column":18},"end":{"line":396,"column":null}},"28":{"start":{"line":397,"column":4},"end":{"line":397,"column":null}}},"fnMap":{"0":{"name":"(anonymous_0)","decl":{"start":{"line":327,"column":9},"end":{"line":327,"column":17}},"loc":{"start":{"line":327,"column":58},"end":{"line":368,"column":null}},"line":327},"1":{"name":"(anonymous_1)","decl":{"start":{"line":375,"column":9},"end":{"line":375,"column":23}},"loc":{"start":{"line":375,"column":47},"end":{"line":378,"column":null}},"line":375},"2":{"name":"(anonymous_2)","decl":{"start":{"line":385,"column":9},"end":{"line":385,"column":24}},"loc":{"start":{"line":385,"column":48},"end":{"line":388,"column":null}},"line":385},"3":{"name":"(anonymous_3)","decl":{"start":{"line":395,"column":9},"end":{"line":395,"column":23}},"loc":{"start":{"line":395,"column":48},"end":{"line":398,"column":null}},"line":395}},"branchMap":{"0":{"loc":{"start":{"line":332,"column":4},"end":{"line":351,"column":null}},"type":"switch","locations":[{"start":{"line":333,"column":6},"end":{"line":333,"column":null}},{"start":{"line":334,"column":6},"end":{"line":336,"column":null}},{"start":{"line":337,"column":6},"end":{"line":337,"column":null}},{"start":{"line":338,"column":6},"end":{"line":340,"column":null}},{"start":{"line":341,"column":6},"end":{"line":341,"column":null}},{"start":{"line":342,"column":6},"end":{"line":344,"column":null}},{"start":{"line":345,"column":6},"end":{"line":345,"column":null}},{"start":{"line":346,"column":6},"end":{"line":348,"column":null}},{"start":{"line":349,"column":6},"end":{"line":350,"column":null}}],"line":332},"1":{"loc":{"start":{"line":354,"column":4},"end":{"line":356,"column":null}},"type":"if","locations":[{"start":{"line":354,"column":4},"end":{"line":356,"column":null}},{"start":{},"end":{}}],"line":354},"2":{"loc":{"start":{"line":361,"column":6},"end":{"line":363,"column":null}},"type":"if","locations":[{"start":{"line":361,"column":6},"end":{"line":363,"column":null}},{"start":{},"end":{}}],"line":361},"3":{"loc":{"start":{"line":377,"column":11},"end":{"line":377,"column":null}},"type":"cond-expr","locations":[{"start":{"line":377,"column":30},"end":{"line":377,"column":41}},{"start":{"line":377,"column":41},"end":{"line":377,"column":null}}],"line":377},"4":{"loc":{"start":{"line":387,"column":11},"end":{"line":387,"column":null}},"type":"cond-expr","locations":[{"start":{"line":387,"column":30},"end":{"line":387,"column":41}},{"start":{"line":387,"column":41},"end":{"line":387,"column":null}}],"line":387},"5":{"loc":{"start":{"line":397,"column":11},"end":{"line":397,"column":null}},"type":"binary-expr","locations":[{"start":{"line":397,"column":11},"end":{"line":397,"column":33}},{"start":{"line":397,"column":33},"end":{"line":397,"column":56}},{"start":{"line":397,"column":56},"end":{"line":397,"column":null}}],"line":397}},"s":{"0":5,"1":5,"2":5,"3":5,"4":122,"5":122,"6":122,"7":46,"8":46,"9":56,"10":56,"11":12,"12":12,"13":8,"14":8,"15":0,"16":122,"17":94,"18":28,"19":28,"20":1792,"21":0,"22":28,"23":80,"24":80,"25":0,"26":0,"27":0,"28":0},"f":{"0":5,"1":5,"2":5,"3":5},"b":{"0":[46,46,56,56,12,12,8,8,0],"1":[94,28],"2":[0,1792],"3":[80,0],"4":[0,0],"5":[0,0,0]},"meta":{"lastBranch":6,"lastFunction":4,"lastStatement":29,"seen":{"s:14:2:86:Infinity":0,"s:89:2:169:Infinity":1,"s:172:2:244:Infinity":2,"s:247:2:319:Infinity":3,"f:327:9:327:17":0,"s:328:23:328:Infinity":4,"s:329:23:329:Infinity":5,"b:333:6:333:Infinity:334:6:336:Infinity:337:6:337:Infinity:338:6:340:Infinity:341:6:341:Infinity:342:6:344:Infinity:345:6:345:Infinity:346:6:348:Infinity:349:6:350:Infinity":0,"s:332:4:351:Infinity":6,"s:335:8:335:Infinity":7,"s:336:8:336:Infinity":8,"s:339:8:339:Infinity":9,"s:340:8:340:Infinity":10,"s:343:8:343:Infinity":11,"s:344:8:344:Infinity":12,"s:347:8:347:Infinity":13,"s:348:8:348:Infinity":14,"s:350:8:350:Infinity":15,"b:354:4:356:Infinity:undefined:undefined:undefined:undefined":1,"s:354:4:356:Infinity":16,"s:355:6:355:Infinity":17,"s:359:22:359:Infinity":18,"s:360:4:364:Infinity":19,"b:361:6:363:Infinity:undefined:undefined:undefined:undefined":2,"s:361:6:363:Infinity":20,"s:362:8:362:Infinity":21,"s:367:4:367:Infinity":22,"f:375:9:375:23":1,"s:376:18:376:Infinity":23,"s:377:4:377:Infinity":24,"b:377:30:377:41:377:41:377:Infinity":3,"f:385:9:385:24":2,"s:386:18:386:Infinity":25,"s:387:4:387:Infinity":26,"b:387:30:387:41:387:41:387:Infinity":4,"f:395:9:395:23":3,"s:396:18:396:Infinity":27,"s:397:4:397:Infinity":28,"b:397:11:397:33:397:33:397:56:397:56:397:Infinity":5}}}
}
